#! /usr/bin/vvp
:ivl_version "10.3 (stable)";
:ivl_delay_selection "TYPICAL";
:vpi_time_precision + 0;
:vpi_module "system";
:vpi_module "vhdl_sys";
:vpi_module "v2005_math";
:vpi_module "va_math";
S_0x564aadc0b0f0 .scope module, "dataMem_test" "dataMem_test" 2 1;
 .timescale 0 0;
v0x564aadc59b80_0 .var "A", 63 0;
v0x564aadc59c60_0 .var "B", 63 0;
v0x564aadc59d30_0 .var "clk", 0 0;
v0x564aadc59e30_0 .var "en", 0 0;
v0x564aadc59f00_0 .var/i "i", 31 0;
v0x564aadc59ff0_0 .net "out", 31 0, v0x564aadc59840_0;  1 drivers
v0x564aadc5a090_0 .var "rst", 0 0;
v0x564aadc5a160_0 .var "rw", 0 0;
S_0x564aadc0b270 .scope module, "DUT" "dataMem" 2 8, 3 1 0, S_0x564aadc0b0f0;
 .timescale 0 0;
    .port_info 0 /INPUT 1 "clk"
    .port_info 1 /INPUT 1 "rst"
    .port_info 2 /INPUT 64 "A"
    .port_info 3 /INPUT 64 "B"
    .port_info 4 /INPUT 1 "en"
    .port_info 5 /INPUT 1 "rw"
    .port_info 6 /OUTPUT 32 "out"
v0x564aadc44aa0_0 .net "A", 63 0, v0x564aadc59b80_0;  1 drivers
v0x564aadc594f0_0 .net "B", 63 0, v0x564aadc59c60_0;  1 drivers
v0x564aadc595d0_0 .net "clk", 0 0, v0x564aadc59d30_0;  1 drivers
v0x564aadc59670_0 .net "en", 0 0, v0x564aadc59e30_0;  1 drivers
v0x564aadc59730 .array "mem", 65535 0, 31 0;
v0x564aadc59840_0 .var "out", 31 0;
v0x564aadc59920_0 .net "rst", 0 0, v0x564aadc5a090_0;  1 drivers
v0x564aadc599e0_0 .net "rw", 0 0, v0x564aadc5a160_0;  1 drivers
E_0x564aadc45910 .event posedge, v0x564aadc59920_0, v0x564aadc595d0_0;
    .scope S_0x564aadc0b270;
T_0 ;
    %wait E_0x564aadc45910;
    %load/vec4 v0x564aadc59920_0;
    %pad/u 32;
    %cmpi/e 1, 0, 32;
    %jmp/0xz  T_0.0, 4;
    %vpi_call 3 13 "$readmemh", "prg.bin", v0x564aadc59730 {0 0 0};
T_0.0 ;
    %load/vec4 v0x564aadc599e0_0;
    %pad/u 32;
    %pushi/vec4 1, 0, 32;
    %cmp/e;
    %flag_get/vec4 4;
    %load/vec4 v0x564aadc59670_0;
    %pad/u 32;
    %pushi/vec4 1, 0, 32;
    %cmp/e;
    %flag_get/vec4 4;
    %and;
    %flag_set/vec4 8;
    %jmp/0xz  T_0.2, 8;
    %load/vec4 v0x564aadc594f0_0;
    %pad/u 32;
    %ix/getv 3, v0x564aadc44aa0_0;
    %ix/load 4, 0, 0; Constant delay
    %assign/vec4/a/d v0x564aadc59730, 0, 4;
    %jmp T_0.3;
T_0.2 ;
    %load/vec4 v0x564aadc599e0_0;
    %pad/u 32;
    %cmpi/e 0, 0, 32;
    %jmp/0xz  T_0.4, 4;
    %ix/getv 4, v0x564aadc44aa0_0;
    %load/vec4a v0x564aadc59730, 4;
    %assign/vec4 v0x564aadc59840_0, 0;
T_0.4 ;
T_0.3 ;
    %jmp T_0;
    .thread T_0;
    .scope S_0x564aadc0b0f0;
T_1 ;
    %pushi/vec4 0, 0, 1;
    %assign/vec4 v0x564aadc59d30_0, 0;
    %end;
    .thread T_1;
    .scope S_0x564aadc0b0f0;
T_2 ;
    %delay 1000, 0;
    %load/vec4 v0x564aadc59d30_0;
    %inv;
    %store/vec4 v0x564aadc59d30_0, 0, 1;
    %jmp T_2;
    .thread T_2;
    .scope S_0x564aadc0b0f0;
T_3 ;
    %pushi/vec4 1, 0, 1;
    %assign/vec4 v0x564aadc5a090_0, 0;
    %pushi/vec4 0, 0, 32;
    %store/vec4 v0x564aadc59f00_0, 0, 32;
T_3.0 ;
    %load/vec4 v0x564aadc59f00_0;
    %cmpi/s 64, 0, 32;
    %jmp/0xz T_3.1, 5;
    %pushi/vec4 0, 0, 1;
    %ix/load 5, 0, 0;
    %ix/getv/s 4, v0x564aadc59f00_0;
    %assign/vec4/off/d v0x564aadc59b80_0, 4, 5;
    %pushi/vec4 1, 0, 1;
    %ix/load 5, 0, 0;
    %ix/getv/s 4, v0x564aadc59f00_0;
    %assign/vec4/off/d v0x564aadc59c60_0, 4, 5;
    %load/vec4 v0x564aadc59f00_0;
    %addi 1, 0, 32;
    %store/vec4 v0x564aadc59f00_0, 0, 32;
    %jmp T_3.0;
T_3.1 ;
    %pushi/vec4 1, 0, 1;
    %assign/vec4 v0x564aadc59e30_0, 0;
    %pushi/vec4 1, 0, 1;
    %assign/vec4 v0x564aadc5a160_0, 0;
    %delay 3000, 0;
    %vpi_call 2 25 "$display", "test 1:\012 Out = %b", v0x564aadc59ff0_0 {0 0 0};
    %pushi/vec4 0, 0, 1;
    %assign/vec4 v0x564aadc5a090_0, 0;
    %pushi/vec4 0, 0, 32;
    %store/vec4 v0x564aadc59f00_0, 0, 32;
T_3.2 ;
    %load/vec4 v0x564aadc59f00_0;
    %cmpi/s 64, 0, 32;
    %jmp/0xz T_3.3, 5;
    %pushi/vec4 1, 0, 1;
    %ix/load 5, 0, 0;
    %ix/getv/s 4, v0x564aadc59f00_0;
    %assign/vec4/off/d v0x564aadc59b80_0, 4, 5;
    %pushi/vec4 1, 0, 1;
    %ix/load 5, 0, 0;
    %ix/getv/s 4, v0x564aadc59f00_0;
    %assign/vec4/off/d v0x564aadc59c60_0, 4, 5;
    %load/vec4 v0x564aadc59f00_0;
    %addi 1, 0, 32;
    %store/vec4 v0x564aadc59f00_0, 0, 32;
    %jmp T_3.2;
T_3.3 ;
    %pushi/vec4 1, 0, 1;
    %assign/vec4 v0x564aadc59e30_0, 0;
    %pushi/vec4 1, 0, 1;
    %assign/vec4 v0x564aadc5a160_0, 0;
    %delay 3000, 0;
    %vpi_call 2 37 "$display", "test 2:\012 Out = %b", v0x564aadc59ff0_0 {0 0 0};
    %vpi_call 2 42 "$finish" {0 0 0};
    %end;
    .thread T_3;
# The file index is used to find the file name in the following table.
:file_names 4;
    "N/A";
    "<interactive>";
    "dataMem-test.v";
    "dataMem.v";
