#! /usr/bin/vvp
:ivl_version "10.3 (stable)";
:ivl_delay_selection "TYPICAL";
:vpi_time_precision + 0;
:vpi_module "system";
:vpi_module "vhdl_sys";
:vpi_module "v2005_math";
:vpi_module "va_math";
S_0x561064318050 .scope module, "controlRom_test" "controlRom_test" 2 1;
 .timescale 0 0;
v0x561064371d00_0 .var "In", 63 0;
v0x561064371dc0_0 .net "Out", 6 0, L_0x561064382fb0;  1 drivers
S_0x5610643181d0 .scope module, "DUT" "controlRom" 2 6, 3 1 0, S_0x561064318050;
 .timescale 0 0;
    .port_info 0 /INPUT 64 "In"
    .port_info 1 /OUTPUT 7 "Out"
v0x5610643183a0_0 .net "In", 63 0, v0x561064371d00_0;  1 drivers
v0x561064370750_0 .net "Out", 6 0, L_0x561064382fb0;  alias, 1 drivers
L_0x7f284e79e018 .functor BUFT 1, C4<0000000000000000000000000000000000000000000000000000000000010000>, C4<0>, C4<0>, C4<0>;
v0x561064370830_0 .net/2u *"_s0", 63 0, L_0x7f284e79e018;  1 drivers
L_0x7f284e79e0f0 .functor BUFT 1, C4<011110x>, C4<0>, C4<0>, C4<0>;
v0x5610643708f0_0 .net *"_s10", 6 0, L_0x7f284e79e0f0;  1 drivers
L_0x7f284e79e138 .functor BUFT 1, C4<0000000000000000000000000000000000000000000000000001000000000000>, C4<0>, C4<0>, C4<0>;
v0x5610643709d0_0 .net/2u *"_s12", 63 0, L_0x7f284e79e138;  1 drivers
v0x561064370b00_0 .net *"_s14", 0 0, L_0x561064382210;  1 drivers
L_0x7f284e79e180 .functor BUFT 1, C4<0010010>, C4<0>, C4<0>, C4<0>;
v0x561064370bc0_0 .net/2u *"_s16", 6 0, L_0x7f284e79e180;  1 drivers
L_0x7f284e79e1c8 .functor BUFT 1, C4<0000000000000000000000000000000000000000000000000010000000000000>, C4<0>, C4<0>, C4<0>;
v0x561064370ca0_0 .net/2u *"_s18", 63 0, L_0x7f284e79e1c8;  1 drivers
v0x561064370d80_0 .net *"_s2", 0 0, L_0x561064381ed0;  1 drivers
v0x561064370e40_0 .net *"_s20", 0 0, L_0x5610643822e0;  1 drivers
L_0x7f284e79e210 .functor BUFT 1, C4<xx00011>, C4<0>, C4<0>, C4<0>;
v0x561064370f00_0 .net *"_s22", 6 0, L_0x7f284e79e210;  1 drivers
L_0x7f284e79e258 .functor BUFT 1, C4<0000000000000000000000000000000000000000000000000100000000000000>, C4<0>, C4<0>, C4<0>;
v0x561064370fe0_0 .net/2u *"_s24", 63 0, L_0x7f284e79e258;  1 drivers
v0x5610643710c0_0 .net *"_s26", 0 0, L_0x5610643824f0;  1 drivers
L_0x7f284e79e2a0 .functor BUFT 1, C4<xx0xx0x>, C4<0>, C4<0>, C4<0>;
v0x561064371180_0 .net *"_s28", 6 0, L_0x7f284e79e2a0;  1 drivers
L_0x7f284e79e2e8 .functor BUFT 1, C4<0000100000000000000000000000000000000000000000000000000000000000>, C4<0>, C4<0>, C4<0>;
v0x561064371260_0 .net/2u *"_s30", 63 0, L_0x7f284e79e2e8;  1 drivers
v0x561064371340_0 .net *"_s32", 0 0, L_0x5610643825f0;  1 drivers
L_0x7f284e79e330 .functor BUFT 1, C4<xx01x0x>, C4<0>, C4<0>, C4<0>;
v0x561064371400_0 .net *"_s34", 6 0, L_0x7f284e79e330;  1 drivers
L_0x7f284e79e378 .functor BUFT 1, C4<0000000>, C4<0>, C4<0>, C4<0>;
v0x5610643714e0_0 .net/2u *"_s36", 6 0, L_0x7f284e79e378;  1 drivers
v0x5610643715c0_0 .net *"_s38", 6 0, L_0x561064382750;  1 drivers
L_0x7f284e79e060 .functor BUFT 1, C4<011100x>, C4<0>, C4<0>, C4<0>;
v0x5610643716a0_0 .net *"_s4", 6 0, L_0x7f284e79e060;  1 drivers
v0x561064371780_0 .net *"_s40", 6 0, L_0x561064382910;  1 drivers
v0x561064371860_0 .net *"_s42", 6 0, L_0x561064382af0;  1 drivers
v0x561064371940_0 .net *"_s44", 6 0, L_0x561064382c80;  1 drivers
v0x561064371a20_0 .net *"_s46", 6 0, L_0x561064382e20;  1 drivers
L_0x7f284e79e0a8 .functor BUFT 1, C4<0000000000000000000000000000000000000010000000000000000000000000>, C4<0>, C4<0>, C4<0>;
v0x561064371b00_0 .net/2u *"_s6", 63 0, L_0x7f284e79e0a8;  1 drivers
v0x561064371be0_0 .net *"_s8", 0 0, L_0x561064382070;  1 drivers
L_0x561064381ed0 .cmp/eq 64, v0x561064371d00_0, L_0x7f284e79e018;
L_0x561064382070 .cmp/eq 64, v0x561064371d00_0, L_0x7f284e79e0a8;
L_0x561064382210 .cmp/eq 64, v0x561064371d00_0, L_0x7f284e79e138;
L_0x5610643822e0 .cmp/eq 64, v0x561064371d00_0, L_0x7f284e79e1c8;
L_0x5610643824f0 .cmp/eq 64, v0x561064371d00_0, L_0x7f284e79e258;
L_0x5610643825f0 .cmp/eq 64, v0x561064371d00_0, L_0x7f284e79e2e8;
L_0x561064382750 .functor MUXZ 7, L_0x7f284e79e378, L_0x7f284e79e330, L_0x5610643825f0, C4<>;
L_0x561064382910 .functor MUXZ 7, L_0x561064382750, L_0x7f284e79e2a0, L_0x5610643824f0, C4<>;
L_0x561064382af0 .functor MUXZ 7, L_0x561064382910, L_0x7f284e79e210, L_0x5610643822e0, C4<>;
L_0x561064382c80 .functor MUXZ 7, L_0x561064382af0, L_0x7f284e79e180, L_0x561064382210, C4<>;
L_0x561064382e20 .functor MUXZ 7, L_0x561064382c80, L_0x7f284e79e0f0, L_0x561064382070, C4<>;
L_0x561064382fb0 .functor MUXZ 7, L_0x561064382e20, L_0x7f284e79e060, L_0x561064381ed0, C4<>;
    .scope S_0x561064318050;
T_0 ;
    %vpi_call 2 12 "$display", "Add:" {0 0 0};
    %pushi/vec4 16, 0, 64;
    %assign/vec4 v0x561064371d00_0, 0;
    %delay 1000, 0;
    %vpi_call 2 15 "$display", "Out: %d%d%d%d%d%d%d", &PV<v0x561064371dc0_0, 6, 1>, &PV<v0x561064371dc0_0, 5, 1>, &PV<v0x561064371dc0_0, 4, 1>, &PV<v0x561064371dc0_0, 3, 1>, &PV<v0x561064371dc0_0, 2, 1>, &PV<v0x561064371dc0_0, 1, 1>, &PV<v0x561064371dc0_0, 0, 1> {0 0 0};
    %vpi_call 2 17 "$display", "And:" {0 0 0};
    %pushi/vec4 33554432, 0, 64;
    %assign/vec4 v0x561064371d00_0, 0;
    %delay 1000, 0;
    %vpi_call 2 20 "$display", "Out: %d%d%d%d%d%d%d", &PV<v0x561064371dc0_0, 6, 1>, &PV<v0x561064371dc0_0, 5, 1>, &PV<v0x561064371dc0_0, 4, 1>, &PV<v0x561064371dc0_0, 3, 1>, &PV<v0x561064371dc0_0, 2, 1>, &PV<v0x561064371dc0_0, 1, 1>, &PV<v0x561064371dc0_0, 0, 1> {0 0 0};
    %vpi_call 2 22 "$display", "Movl:" {0 0 0};
    %pushi/vec4 4096, 0, 64;
    %assign/vec4 v0x561064371d00_0, 0;
    %delay 1000, 0;
    %vpi_call 2 25 "$display", "Out: %d%d%d%d%d%d%d", &PV<v0x561064371dc0_0, 6, 1>, &PV<v0x561064371dc0_0, 5, 1>, &PV<v0x561064371dc0_0, 4, 1>, &PV<v0x561064371dc0_0, 3, 1>, &PV<v0x561064371dc0_0, 2, 1>, &PV<v0x561064371dc0_0, 1, 1>, &PV<v0x561064371dc0_0, 0, 1> {0 0 0};
    %vpi_call 2 27 "$display", "Movs:" {0 0 0};
    %pushi/vec4 8192, 0, 64;
    %assign/vec4 v0x561064371d00_0, 0;
    %delay 1000, 0;
    %vpi_call 2 30 "$display", "Out: %d%d%d%d%d%d%d", &PV<v0x561064371dc0_0, 6, 1>, &PV<v0x561064371dc0_0, 5, 1>, &PV<v0x561064371dc0_0, 4, 1>, &PV<v0x561064371dc0_0, 3, 1>, &PV<v0x561064371dc0_0, 2, 1>, &PV<v0x561064371dc0_0, 1, 1>, &PV<v0x561064371dc0_0, 0, 1> {0 0 0};
    %vpi_call 2 32 "$display", "JA:" {0 0 0};
    %pushi/vec4 16384, 0, 64;
    %assign/vec4 v0x561064371d00_0, 0;
    %delay 1000, 0;
    %vpi_call 2 35 "$display", "Out: %d%d%d%d%d%d%d", &PV<v0x561064371dc0_0, 6, 1>, &PV<v0x561064371dc0_0, 5, 1>, &PV<v0x561064371dc0_0, 4, 1>, &PV<v0x561064371dc0_0, 3, 1>, &PV<v0x561064371dc0_0, 2, 1>, &PV<v0x561064371dc0_0, 1, 1>, &PV<v0x561064371dc0_0, 0, 1> {0 0 0};
    %vpi_call 2 37 "$display", "CMP:" {0 0 0};
    %pushi/vec4 2147483648, 0, 36;
    %concati/vec4 0, 0, 28;
    %assign/vec4 v0x561064371d00_0, 0;
    %delay 1000, 0;
    %vpi_call 2 40 "$display", "Out: %d%d%d%d%d%d%d", &PV<v0x561064371dc0_0, 6, 1>, &PV<v0x561064371dc0_0, 5, 1>, &PV<v0x561064371dc0_0, 4, 1>, &PV<v0x561064371dc0_0, 3, 1>, &PV<v0x561064371dc0_0, 2, 1>, &PV<v0x561064371dc0_0, 1, 1>, &PV<v0x561064371dc0_0, 0, 1> {0 0 0};
    %end;
    .thread T_0;
# The file index is used to find the file name in the following table.
:file_names 4;
    "N/A";
    "<interactive>";
    "controlRom-test.v";
    "controlRom.v";
