#! /usr/bin/vvp
:ivl_version "10.3 (stable)";
:ivl_delay_selection "TYPICAL";
:vpi_time_precision + 0;
:vpi_module "system";
:vpi_module "vhdl_sys";
:vpi_module "v2005_math";
:vpi_module "va_math";
S_0x55b63eb201b0 .scope module, "instructionMem" "instructionMem" 2 1;
 .timescale 0 0;
    .port_info 0 /INPUT 1 "clk"
    .port_info 1 /INPUT 1 "rst"
    .port_info 2 /INPUT 64 "address"
    .port_info 3 /OUTPUT 32 "instruction"
o0x7f732729d018 .functor BUFZ 64, C4<zzzzzzzzzzzzzzzzzzzzzzzzzzzzzzzzzzzzzzzzzzzzzzzzzzzzzzzzzzzzzzzz>; HiZ drive
v0x55b63eb0b240_0 .net "address", 63 0, o0x7f732729d018;  0 drivers
o0x7f732729d048 .functor BUFZ 1, C4<z>; HiZ drive
v0x55b63eb54fb0_0 .net "clk", 0 0, o0x7f732729d048;  0 drivers
v0x55b63eb55070_0 .var "instruction", 31 0;
v0x55b63eb55160 .array "mem", 65535 0, 31 0;
o0x7f732729d0a8 .functor BUFZ 1, C4<z>; HiZ drive
v0x55b63eb55220_0 .net "rst", 0 0, o0x7f732729d0a8;  0 drivers
E_0x55b63eb43a90/0 .event edge, v0x55b63eb0b240_0;
E_0x55b63eb43a90/1 .event negedge, v0x55b63eb55220_0;
E_0x55b63eb43a90 .event/or E_0x55b63eb43a90/0, E_0x55b63eb43a90/1;
E_0x55b63eb43e90 .event posedge, v0x55b63eb54fb0_0;
S_0x55b63eb0b080 .scope module, "instructionMem_test" "instructionMem_test" 3 1;
 .timescale 0 0;
v0x55b63eb553b0_0 .var "addr", 63 0;
v0x55b63eb554b0_0 .var "clk", 0 0;
o0x7f732729d1f8 .functor BUFZ 32, C4<zzzzzzzzzzzzzzzzzzzzzzzzzzzzzzzz>; HiZ drive
v0x55b63eb55570_0 .net "instr", 31 0, o0x7f732729d1f8;  0 drivers
v0x55b63eb55630_0 .var "rst", 0 0;
    .scope S_0x55b63eb201b0;
T_0 ;
    %wait E_0x55b63eb43e90;
    %load/vec4 v0x55b63eb55220_0;
    %pad/u 32;
    %cmpi/e 1, 0, 32;
    %jmp/0xz  T_0.0, 4;
    %pushi/vec4 0, 0, 32;
    %assign/vec4 v0x55b63eb55070_0, 0;
    %vpi_call 2 12 "$readmemh", "halt.mc", v0x55b63eb55160 {0 0 0};
T_0.0 ;
    %jmp T_0;
    .thread T_0;
    .scope S_0x55b63eb201b0;
T_1 ;
    %wait E_0x55b63eb43a90;
    %load/vec4 v0x55b63eb55220_0;
    %pad/u 32;
    %cmpi/e 0, 0, 32;
    %jmp/0xz  T_1.0, 4;
    %load/vec4 v0x55b63eb0b240_0;
    %pad/u 32;
    %assign/vec4 v0x55b63eb55070_0, 0;
T_1.0 ;
    %jmp T_1;
    .thread T_1;
    .scope S_0x55b63eb0b080;
T_2 ;
    %pushi/vec4 1, 0, 1;
    %assign/vec4 v0x55b63eb554b0_0, 0;
    %pushi/vec4 1, 0, 1;
    %assign/vec4 v0x55b63eb55630_0, 0;
    %pushi/vec4 0, 0, 64;
    %store/vec4 v0x55b63eb553b0_0, 0, 64;
    %pushi/vec4 0, 0, 1;
    %assign/vec4 v0x55b63eb55630_0, 0;
    %delay 2000, 0;
    %vpi_call 3 16 "$display", "instruction: %b", v0x55b63eb55570_0 {0 0 0};
    %pushi/vec4 0, 0, 1;
    %assign/vec4 v0x55b63eb55630_0, 0;
    %pushi/vec4 1, 0, 64;
    %store/vec4 v0x55b63eb553b0_0, 0, 64;
    %pushi/vec4 0, 0, 1;
    %assign/vec4 v0x55b63eb55630_0, 0;
    %delay 2000, 0;
    %vpi_call 3 22 "$display", "instruction: %b", v0x55b63eb55570_0 {0 0 0};
    %pushi/vec4 0, 0, 1;
    %assign/vec4 v0x55b63eb55630_0, 0;
    %pushi/vec4 10, 0, 64;
    %store/vec4 v0x55b63eb553b0_0, 0, 64;
    %pushi/vec4 0, 0, 1;
    %assign/vec4 v0x55b63eb55630_0, 0;
    %delay 2000, 0;
    %vpi_call 3 28 "$display", "instruction: %b", v0x55b63eb55570_0 {0 0 0};
    %end;
    .thread T_2;
# The file index is used to find the file name in the following table.
:file_names 4;
    "N/A";
    "<interactive>";
    "instructionMem.v";
    "instructionMem-test.v";
