#! /usr/bin/vvp
:ivl_version "10.3 (stable)";
:ivl_delay_selection "TYPICAL";
:vpi_time_precision + 0;
:vpi_module "system";
:vpi_module "vhdl_sys";
:vpi_module "v2005_math";
:vpi_module "va_math";
S_0x559a06637cf0 .scope module, "sixtyFourBitMux_test" "sixtyFourBitMux_test" 2 1;
 .timescale 0 0;
v0x559a06670200_0 .var "A", 63 0;
v0x559a066702e0_0 .var "B", 63 0;
v0x559a066703b0_0 .net "O", 63 0, L_0x559a06698540;  1 drivers
v0x559a066704b0_0 .var "S", 0 0;
v0x559a06670550_0 .var/i "i", 31 0;
S_0x559a066367a0 .scope module, "DUT" "sixtyFourBitMux" 2 9, 3 1 0, S_0x559a06637cf0;
 .timescale 0 0;
    .port_info 0 /INPUT 64 "A"
    .port_info 1 /INPUT 64 "B"
    .port_info 2 /INPUT 1 "S"
    .port_info 3 /OUTPUT 64 "O"
v0x559a0666f600_0 .net "A", 63 0, v0x559a06670200_0;  1 drivers
v0x559a0666f700_0 .net "B", 63 0, v0x559a066702e0_0;  1 drivers
v0x559a0666f7e0_0 .net "O", 63 0, L_0x559a06698540;  alias, 1 drivers
v0x559a0666f8a0_0 .net "S", 0 0, v0x559a066704b0_0;  1 drivers
L_0x559a06670ca0 .part v0x559a06670200_0, 0, 1;
L_0x559a06670de0 .part v0x559a066702e0_0, 0, 1;
L_0x559a06671480 .part v0x559a06670200_0, 1, 1;
L_0x559a06671570 .part v0x559a066702e0_0, 1, 1;
L_0x559a06671bf0 .part v0x559a06670200_0, 2, 1;
L_0x559a06671ce0 .part v0x559a066702e0_0, 2, 1;
L_0x559a066722d0 .part v0x559a06670200_0, 3, 1;
L_0x559a066723c0 .part v0x559a066702e0_0, 3, 1;
L_0x559a06672a90 .part v0x559a06670200_0, 4, 1;
L_0x559a06672b80 .part v0x559a066702e0_0, 4, 1;
L_0x559a06673210 .part v0x559a06670200_0, 5, 1;
L_0x559a06673300 .part v0x559a066702e0_0, 5, 1;
L_0x559a066739f0 .part v0x559a06670200_0, 6, 1;
L_0x559a06673ae0 .part v0x559a066702e0_0, 6, 1;
L_0x559a06674280 .part v0x559a06670200_0, 7, 1;
L_0x559a06674370 .part v0x559a066702e0_0, 7, 1;
L_0x559a06674a80 .part v0x559a06670200_0, 8, 1;
L_0x559a06674b70 .part v0x559a066702e0_0, 8, 1;
L_0x559a06675290 .part v0x559a06670200_0, 9, 1;
L_0x559a06675380 .part v0x559a066702e0_0, 9, 1;
L_0x559a06674c60 .part v0x559a06670200_0, 10, 1;
L_0x559a06675b00 .part v0x559a066702e0_0, 10, 1;
L_0x559a06676240 .part v0x559a06670200_0, 11, 1;
L_0x559a06676330 .part v0x559a066702e0_0, 11, 1;
L_0x559a06676a80 .part v0x559a06670200_0, 12, 1;
L_0x559a06676b70 .part v0x559a066702e0_0, 12, 1;
L_0x559a066772d0 .part v0x559a06670200_0, 13, 1;
L_0x559a066773c0 .part v0x559a066702e0_0, 13, 1;
L_0x559a06677b30 .part v0x559a06670200_0, 14, 1;
L_0x559a06677c20 .part v0x559a066702e0_0, 14, 1;
L_0x559a066785b0 .part v0x559a06670200_0, 15, 1;
L_0x559a066786a0 .part v0x559a066702e0_0, 15, 1;
L_0x559a06678e30 .part v0x559a06670200_0, 16, 1;
L_0x559a06678f20 .part v0x559a066702e0_0, 16, 1;
L_0x559a066796c0 .part v0x559a06670200_0, 17, 1;
L_0x559a066797b0 .part v0x559a066702e0_0, 17, 1;
L_0x559a06679e50 .part v0x559a06670200_0, 18, 1;
L_0x559a06679f40 .part v0x559a066702e0_0, 18, 1;
L_0x559a0667a700 .part v0x559a06670200_0, 19, 1;
L_0x559a0667a7f0 .part v0x559a066702e0_0, 19, 1;
L_0x559a0667afc0 .part v0x559a06670200_0, 20, 1;
L_0x559a0667b0b0 .part v0x559a066702e0_0, 20, 1;
L_0x559a0667b890 .part v0x559a06670200_0, 21, 1;
L_0x559a0667b980 .part v0x559a066702e0_0, 21, 1;
L_0x559a0667c170 .part v0x559a06670200_0, 22, 1;
L_0x559a0667c260 .part v0x559a066702e0_0, 22, 1;
L_0x559a0667ca60 .part v0x559a06670200_0, 23, 1;
L_0x559a0667cb50 .part v0x559a066702e0_0, 23, 1;
L_0x559a0667d360 .part v0x559a06670200_0, 24, 1;
L_0x559a0667d450 .part v0x559a066702e0_0, 24, 1;
L_0x559a0667dc70 .part v0x559a06670200_0, 25, 1;
L_0x559a0667dd60 .part v0x559a066702e0_0, 25, 1;
L_0x559a0667e590 .part v0x559a06670200_0, 26, 1;
L_0x559a0667e680 .part v0x559a066702e0_0, 26, 1;
L_0x559a0667eec0 .part v0x559a06670200_0, 27, 1;
L_0x559a0667efb0 .part v0x559a066702e0_0, 27, 1;
L_0x559a0667f800 .part v0x559a06670200_0, 28, 1;
L_0x559a0667f8f0 .part v0x559a066702e0_0, 28, 1;
L_0x559a06680150 .part v0x559a06670200_0, 29, 1;
L_0x559a06680240 .part v0x559a066702e0_0, 29, 1;
L_0x559a06680ab0 .part v0x559a06670200_0, 30, 1;
L_0x559a06680ba0 .part v0x559a066702e0_0, 30, 1;
L_0x559a0666fe60 .part v0x559a06670200_0, 31, 1;
L_0x559a0666ff50 .part v0x559a066702e0_0, 31, 1;
L_0x559a066829b0 .part v0x559a06670200_0, 32, 1;
L_0x559a06682aa0 .part v0x559a066702e0_0, 32, 1;
L_0x559a06683340 .part v0x559a06670200_0, 33, 1;
L_0x559a06683430 .part v0x559a066702e0_0, 33, 1;
L_0x559a06683ce0 .part v0x559a06670200_0, 34, 1;
L_0x559a06683dd0 .part v0x559a066702e0_0, 34, 1;
L_0x559a06684690 .part v0x559a06670200_0, 35, 1;
L_0x559a06684780 .part v0x559a066702e0_0, 35, 1;
L_0x559a06685050 .part v0x559a06670200_0, 36, 1;
L_0x559a06685140 .part v0x559a066702e0_0, 36, 1;
L_0x559a06685a20 .part v0x559a06670200_0, 37, 1;
L_0x559a06685b10 .part v0x559a066702e0_0, 37, 1;
L_0x559a06686400 .part v0x559a06670200_0, 38, 1;
L_0x559a066864f0 .part v0x559a066702e0_0, 38, 1;
L_0x559a06686df0 .part v0x559a06670200_0, 39, 1;
L_0x559a06686ee0 .part v0x559a066702e0_0, 39, 1;
L_0x559a066877f0 .part v0x559a06670200_0, 40, 1;
L_0x559a066878e0 .part v0x559a066702e0_0, 40, 1;
L_0x559a06688200 .part v0x559a06670200_0, 41, 1;
L_0x559a066882f0 .part v0x559a066702e0_0, 41, 1;
L_0x559a06688c20 .part v0x559a06670200_0, 42, 1;
L_0x559a06688d10 .part v0x559a066702e0_0, 42, 1;
L_0x559a06689650 .part v0x559a06670200_0, 43, 1;
L_0x559a06689740 .part v0x559a066702e0_0, 43, 1;
L_0x559a0668a090 .part v0x559a06670200_0, 44, 1;
L_0x559a0668a180 .part v0x559a066702e0_0, 44, 1;
L_0x559a0668aae0 .part v0x559a06670200_0, 45, 1;
L_0x559a0668abd0 .part v0x559a066702e0_0, 45, 1;
L_0x559a0668b540 .part v0x559a06670200_0, 46, 1;
L_0x559a0668b630 .part v0x559a066702e0_0, 46, 1;
L_0x559a0668bfb0 .part v0x559a06670200_0, 47, 1;
L_0x559a0668c0a0 .part v0x559a066702e0_0, 47, 1;
L_0x559a0668ca30 .part v0x559a06670200_0, 48, 1;
L_0x559a0668cb20 .part v0x559a066702e0_0, 48, 1;
L_0x559a0668d4c0 .part v0x559a06670200_0, 49, 1;
L_0x559a0668d5b0 .part v0x559a066702e0_0, 49, 1;
L_0x559a0668df60 .part v0x559a06670200_0, 50, 1;
L_0x559a0668e050 .part v0x559a066702e0_0, 50, 1;
L_0x559a0668ea10 .part v0x559a06670200_0, 51, 1;
L_0x559a0668eb00 .part v0x559a066702e0_0, 51, 1;
L_0x559a0668f4d0 .part v0x559a06670200_0, 52, 1;
L_0x559a0668f5c0 .part v0x559a066702e0_0, 52, 1;
L_0x559a0668ffa0 .part v0x559a06670200_0, 53, 1;
L_0x559a06690090 .part v0x559a066702e0_0, 53, 1;
L_0x559a06690a80 .part v0x559a06670200_0, 54, 1;
L_0x559a06690b70 .part v0x559a066702e0_0, 54, 1;
L_0x559a06691570 .part v0x559a06670200_0, 55, 1;
L_0x559a06691660 .part v0x559a066702e0_0, 55, 1;
L_0x559a06692070 .part v0x559a06670200_0, 56, 1;
L_0x559a06692160 .part v0x559a066702e0_0, 56, 1;
L_0x559a06692b80 .part v0x559a06670200_0, 57, 1;
L_0x559a06692c70 .part v0x559a066702e0_0, 57, 1;
L_0x559a066936a0 .part v0x559a06670200_0, 58, 1;
L_0x559a06693790 .part v0x559a066702e0_0, 58, 1;
L_0x559a066941d0 .part v0x559a06670200_0, 59, 1;
L_0x559a066942c0 .part v0x559a066702e0_0, 59, 1;
L_0x559a06694d10 .part v0x559a06670200_0, 60, 1;
L_0x559a06694e00 .part v0x559a066702e0_0, 60, 1;
L_0x559a06695860 .part v0x559a06670200_0, 61, 1;
L_0x559a06695950 .part v0x559a066702e0_0, 61, 1;
L_0x559a066963c0 .part v0x559a06670200_0, 62, 1;
L_0x559a06696cc0 .part v0x559a066702e0_0, 62, 1;
L_0x559a06697f50 .part v0x559a06670200_0, 63, 1;
L_0x559a06698040 .part v0x559a066702e0_0, 63, 1;
LS_0x559a06698540_0_0 .concat8 [ 1 1 1 1], L_0x559a06670a90, L_0x559a066712a0, L_0x559a06671a10, L_0x559a066720f0;
LS_0x559a06698540_0_4 .concat8 [ 1 1 1 1], L_0x559a06672880, L_0x559a06673000, L_0x559a066737e0, L_0x559a06674070;
LS_0x559a06698540_0_8 .concat8 [ 1 1 1 1], L_0x559a06674870, L_0x559a06675080, L_0x559a066758a0, L_0x559a06676030;
LS_0x559a06698540_0_12 .concat8 [ 1 1 1 1], L_0x559a06676870, L_0x559a066770c0, L_0x559a06677920, L_0x559a066783a0;
LS_0x559a06698540_0_16 .concat8 [ 1 1 1 1], L_0x559a06678c20, L_0x559a066794b0, L_0x559a06679c40, L_0x559a0667a4f0;
LS_0x559a06698540_0_20 .concat8 [ 1 1 1 1], L_0x559a0667adb0, L_0x559a0667b680, L_0x559a0667bf60, L_0x559a0667c850;
LS_0x559a06698540_0_24 .concat8 [ 1 1 1 1], L_0x559a0667d150, L_0x559a0667da60, L_0x559a0667e380, L_0x559a0667ecb0;
LS_0x559a06698540_0_28 .concat8 [ 1 1 1 1], L_0x559a0667f5f0, L_0x559a0667ff40, L_0x559a066808a0, L_0x559a0666fc50;
LS_0x559a06698540_0_32 .concat8 [ 1 1 1 1], L_0x559a066827a0, L_0x559a06683130, L_0x559a06683ad0, L_0x559a06684480;
LS_0x559a06698540_0_36 .concat8 [ 1 1 1 1], L_0x559a06684e40, L_0x559a06685810, L_0x559a066861f0, L_0x559a06686be0;
LS_0x559a06698540_0_40 .concat8 [ 1 1 1 1], L_0x559a066875e0, L_0x559a06687ff0, L_0x559a06688a10, L_0x559a06689440;
LS_0x559a06698540_0_44 .concat8 [ 1 1 1 1], L_0x559a06689e80, L_0x559a0668a8d0, L_0x559a0668b330, L_0x559a0668bda0;
LS_0x559a06698540_0_48 .concat8 [ 1 1 1 1], L_0x559a0668c820, L_0x559a0668d2b0, L_0x559a0668dd50, L_0x559a0668e800;
LS_0x559a06698540_0_52 .concat8 [ 1 1 1 1], L_0x559a0668f2c0, L_0x559a0668fd90, L_0x559a06690870, L_0x559a06691360;
LS_0x559a06698540_0_56 .concat8 [ 1 1 1 1], L_0x559a06691e60, L_0x559a06692970, L_0x559a06693490, L_0x559a06693fc0;
LS_0x559a06698540_0_60 .concat8 [ 1 1 1 1], L_0x559a06694b00, L_0x559a06695650, L_0x559a066961b0, L_0x559a06697d40;
LS_0x559a06698540_1_0 .concat8 [ 4 4 4 4], LS_0x559a06698540_0_0, LS_0x559a06698540_0_4, LS_0x559a06698540_0_8, LS_0x559a06698540_0_12;
LS_0x559a06698540_1_4 .concat8 [ 4 4 4 4], LS_0x559a06698540_0_16, LS_0x559a06698540_0_20, LS_0x559a06698540_0_24, LS_0x559a06698540_0_28;
LS_0x559a06698540_1_8 .concat8 [ 4 4 4 4], LS_0x559a06698540_0_32, LS_0x559a06698540_0_36, LS_0x559a06698540_0_40, LS_0x559a06698540_0_44;
LS_0x559a06698540_1_12 .concat8 [ 4 4 4 4], LS_0x559a06698540_0_48, LS_0x559a06698540_0_52, LS_0x559a06698540_0_56, LS_0x559a06698540_0_60;
L_0x559a06698540 .concat8 [ 16 16 16 16], LS_0x559a06698540_1_0, LS_0x559a06698540_1_4, LS_0x559a06698540_1_8, LS_0x559a06698540_1_12;
S_0x559a06635250 .scope generate, "gen_loop[0]" "gen_loop[0]" 3 10, 3 10 0, S_0x559a066367a0;
 .timescale 0 0;
P_0x559a065fd390 .param/l "ii" 0 3 10, +C4<00>;
S_0x559a06633d00 .scope module, "a" "Mux" 3 12, 4 1 0, S_0x559a06635250;
 .timescale 0 0;
    .port_info 0 /INPUT 1 "A"
    .port_info 1 /INPUT 1 "B"
    .port_info 2 /INPUT 1 "S"
    .port_info 3 /OUTPUT 1 "O"
L_0x559a06670640/d .functor NOT 1, v0x559a066704b0_0, C4<0>, C4<0>, C4<0>;
L_0x559a06670640 .delay 1 (1,1,1) L_0x559a06670640/d;
L_0x559a06670770/d .functor AND 1, L_0x559a06670ca0, L_0x559a06670640, C4<1>, C4<1>;
L_0x559a06670770 .delay 1 (2,2,2) L_0x559a06670770/d;
L_0x559a06670950/d .functor AND 1, L_0x559a06670de0, v0x559a066704b0_0, C4<1>, C4<1>;
L_0x559a06670950 .delay 1 (2,2,2) L_0x559a06670950/d;
L_0x559a06670a90/d .functor OR 1, L_0x559a06670770, L_0x559a06670950, C4<0>, C4<0>;
L_0x559a06670a90 .delay 1 (2,2,2) L_0x559a06670a90/d;
v0x559a065ec4a0_0 .net "A", 0 0, L_0x559a06670ca0;  1 drivers
v0x559a065eaf70_0 .net "B", 0 0, L_0x559a06670de0;  1 drivers
v0x559a065e9a40_0 .net "O", 0 0, L_0x559a06670a90;  1 drivers
v0x559a065e8510_0 .net "S", 0 0, v0x559a066704b0_0;  alias, 1 drivers
v0x559a065e6fe0_0 .net "notS", 0 0, L_0x559a06670640;  1 drivers
v0x559a065e5ab0_0 .net "w1", 0 0, L_0x559a06670770;  1 drivers
v0x559a065e4340_0 .net "w2", 0 0, L_0x559a06670950;  1 drivers
S_0x559a06643260 .scope generate, "gen_loop[1]" "gen_loop[1]" 3 10, 3 10 0, S_0x559a066367a0;
 .timescale 0 0;
P_0x559a06602850 .param/l "ii" 0 3 10, +C4<01>;
S_0x559a06643490 .scope module, "a" "Mux" 3 12, 4 1 0, S_0x559a06643260;
 .timescale 0 0;
    .port_info 0 /INPUT 1 "A"
    .port_info 1 /INPUT 1 "B"
    .port_info 2 /INPUT 1 "S"
    .port_info 3 /OUTPUT 1 "O"
L_0x559a06670f20/d .functor NOT 1, v0x559a066704b0_0, C4<0>, C4<0>, C4<0>;
L_0x559a06670f20 .delay 1 (1,1,1) L_0x559a06670f20/d;
L_0x559a06671030/d .functor AND 1, L_0x559a06671480, L_0x559a06670f20, C4<1>, C4<1>;
L_0x559a06671030 .delay 1 (2,2,2) L_0x559a06671030/d;
L_0x559a06671190/d .functor AND 1, L_0x559a06671570, v0x559a066704b0_0, C4<1>, C4<1>;
L_0x559a06671190 .delay 1 (2,2,2) L_0x559a06671190/d;
L_0x559a066712a0/d .functor OR 1, L_0x559a06671030, L_0x559a06671190, C4<0>, C4<0>;
L_0x559a066712a0 .delay 1 (2,2,2) L_0x559a066712a0/d;
v0x559a06643660_0 .net "A", 0 0, L_0x559a06671480;  1 drivers
v0x559a06643740_0 .net "B", 0 0, L_0x559a06671570;  1 drivers
v0x559a06643800_0 .net "O", 0 0, L_0x559a066712a0;  1 drivers
v0x559a066438a0_0 .net "S", 0 0, v0x559a066704b0_0;  alias, 1 drivers
v0x559a06643940_0 .net "notS", 0 0, L_0x559a06670f20;  1 drivers
v0x559a06643a30_0 .net "w1", 0 0, L_0x559a06671030;  1 drivers
v0x559a06643af0_0 .net "w2", 0 0, L_0x559a06671190;  1 drivers
S_0x559a06643c30 .scope generate, "gen_loop[2]" "gen_loop[2]" 3 10, 3 10 0, S_0x559a066367a0;
 .timescale 0 0;
P_0x559a06643e20 .param/l "ii" 0 3 10, +C4<010>;
S_0x559a06643ee0 .scope module, "a" "Mux" 3 12, 4 1 0, S_0x559a06643c30;
 .timescale 0 0;
    .port_info 0 /INPUT 1 "A"
    .port_info 1 /INPUT 1 "B"
    .port_info 2 /INPUT 1 "S"
    .port_info 3 /OUTPUT 1 "O"
L_0x559a06671690/d .functor NOT 1, v0x559a066704b0_0, C4<0>, C4<0>, C4<0>;
L_0x559a06671690 .delay 1 (1,1,1) L_0x559a06671690/d;
L_0x559a066717a0/d .functor AND 1, L_0x559a06671bf0, L_0x559a06671690, C4<1>, C4<1>;
L_0x559a066717a0 .delay 1 (2,2,2) L_0x559a066717a0/d;
L_0x559a06671900/d .functor AND 1, L_0x559a06671ce0, v0x559a066704b0_0, C4<1>, C4<1>;
L_0x559a06671900 .delay 1 (2,2,2) L_0x559a06671900/d;
L_0x559a06671a10/d .functor OR 1, L_0x559a066717a0, L_0x559a06671900, C4<0>, C4<0>;
L_0x559a06671a10 .delay 1 (2,2,2) L_0x559a06671a10/d;
v0x559a066440e0_0 .net "A", 0 0, L_0x559a06671bf0;  1 drivers
v0x559a066441c0_0 .net "B", 0 0, L_0x559a06671ce0;  1 drivers
v0x559a06644280_0 .net "O", 0 0, L_0x559a06671a10;  1 drivers
v0x559a06644350_0 .net "S", 0 0, v0x559a066704b0_0;  alias, 1 drivers
v0x559a06644440_0 .net "notS", 0 0, L_0x559a06671690;  1 drivers
v0x559a06644550_0 .net "w1", 0 0, L_0x559a066717a0;  1 drivers
v0x559a06644610_0 .net "w2", 0 0, L_0x559a06671900;  1 drivers
S_0x559a06644750 .scope generate, "gen_loop[3]" "gen_loop[3]" 3 10, 3 10 0, S_0x559a066367a0;
 .timescale 0 0;
P_0x559a06644940 .param/l "ii" 0 3 10, +C4<011>;
S_0x559a06644a20 .scope module, "a" "Mux" 3 12, 4 1 0, S_0x559a06644750;
 .timescale 0 0;
    .port_info 0 /INPUT 1 "A"
    .port_info 1 /INPUT 1 "B"
    .port_info 2 /INPUT 1 "S"
    .port_info 3 /OUTPUT 1 "O"
L_0x559a06671dc0/d .functor NOT 1, v0x559a066704b0_0, C4<0>, C4<0>, C4<0>;
L_0x559a06671dc0 .delay 1 (1,1,1) L_0x559a06671dc0/d;
L_0x559a06671e80/d .functor AND 1, L_0x559a066722d0, L_0x559a06671dc0, C4<1>, C4<1>;
L_0x559a06671e80 .delay 1 (2,2,2) L_0x559a06671e80/d;
L_0x559a06671fe0/d .functor AND 1, L_0x559a066723c0, v0x559a066704b0_0, C4<1>, C4<1>;
L_0x559a06671fe0 .delay 1 (2,2,2) L_0x559a06671fe0/d;
L_0x559a066720f0/d .functor OR 1, L_0x559a06671e80, L_0x559a06671fe0, C4<0>, C4<0>;
L_0x559a066720f0 .delay 1 (2,2,2) L_0x559a066720f0/d;
v0x559a06644bf0_0 .net "A", 0 0, L_0x559a066722d0;  1 drivers
v0x559a06644cd0_0 .net "B", 0 0, L_0x559a066723c0;  1 drivers
v0x559a06644d90_0 .net "O", 0 0, L_0x559a066720f0;  1 drivers
v0x559a06644e30_0 .net "S", 0 0, v0x559a066704b0_0;  alias, 1 drivers
v0x559a06644ed0_0 .net "notS", 0 0, L_0x559a06671dc0;  1 drivers
v0x559a06644fe0_0 .net "w1", 0 0, L_0x559a06671e80;  1 drivers
v0x559a066450a0_0 .net "w2", 0 0, L_0x559a06671fe0;  1 drivers
S_0x559a066451e0 .scope generate, "gen_loop[4]" "gen_loop[4]" 3 10, 3 10 0, S_0x559a066367a0;
 .timescale 0 0;
P_0x559a06645420 .param/l "ii" 0 3 10, +C4<0100>;
S_0x559a06645500 .scope module, "a" "Mux" 3 12, 4 1 0, S_0x559a066451e0;
 .timescale 0 0;
    .port_info 0 /INPUT 1 "A"
    .port_info 1 /INPUT 1 "B"
    .port_info 2 /INPUT 1 "S"
    .port_info 3 /OUTPUT 1 "O"
L_0x559a06672500/d .functor NOT 1, v0x559a066704b0_0, C4<0>, C4<0>, C4<0>;
L_0x559a06672500 .delay 1 (1,1,1) L_0x559a06672500/d;
L_0x559a06672610/d .functor AND 1, L_0x559a06672a90, L_0x559a06672500, C4<1>, C4<1>;
L_0x559a06672610 .delay 1 (2,2,2) L_0x559a06672610/d;
L_0x559a06672770/d .functor AND 1, L_0x559a06672b80, v0x559a066704b0_0, C4<1>, C4<1>;
L_0x559a06672770 .delay 1 (2,2,2) L_0x559a06672770/d;
L_0x559a06672880/d .functor OR 1, L_0x559a06672610, L_0x559a06672770, C4<0>, C4<0>;
L_0x559a06672880 .delay 1 (2,2,2) L_0x559a06672880/d;
v0x559a066456d0_0 .net "A", 0 0, L_0x559a06672a90;  1 drivers
v0x559a066457b0_0 .net "B", 0 0, L_0x559a06672b80;  1 drivers
v0x559a06645870_0 .net "O", 0 0, L_0x559a06672880;  1 drivers
v0x559a06645910_0 .net "S", 0 0, v0x559a066704b0_0;  alias, 1 drivers
v0x559a066459b0_0 .net "notS", 0 0, L_0x559a06672500;  1 drivers
v0x559a06645a70_0 .net "w1", 0 0, L_0x559a06672610;  1 drivers
v0x559a06645b30_0 .net "w2", 0 0, L_0x559a06672770;  1 drivers
S_0x559a06645c70 .scope generate, "gen_loop[5]" "gen_loop[5]" 3 10, 3 10 0, S_0x559a066367a0;
 .timescale 0 0;
P_0x559a06645e60 .param/l "ii" 0 3 10, +C4<0101>;
S_0x559a06645f40 .scope module, "a" "Mux" 3 12, 4 1 0, S_0x559a06645c70;
 .timescale 0 0;
    .port_info 0 /INPUT 1 "A"
    .port_info 1 /INPUT 1 "B"
    .port_info 2 /INPUT 1 "S"
    .port_info 3 /OUTPUT 1 "O"
L_0x559a06672cd0/d .functor NOT 1, v0x559a066704b0_0, C4<0>, C4<0>, C4<0>;
L_0x559a06672cd0 .delay 1 (1,1,1) L_0x559a06672cd0/d;
L_0x559a06672d90/d .functor AND 1, L_0x559a06673210, L_0x559a06672cd0, C4<1>, C4<1>;
L_0x559a06672d90 .delay 1 (2,2,2) L_0x559a06672d90/d;
L_0x559a06672ef0/d .functor AND 1, L_0x559a06673300, v0x559a066704b0_0, C4<1>, C4<1>;
L_0x559a06672ef0 .delay 1 (2,2,2) L_0x559a06672ef0/d;
L_0x559a06673000/d .functor OR 1, L_0x559a06672d90, L_0x559a06672ef0, C4<0>, C4<0>;
L_0x559a06673000 .delay 1 (2,2,2) L_0x559a06673000/d;
v0x559a06646110_0 .net "A", 0 0, L_0x559a06673210;  1 drivers
v0x559a066461f0_0 .net "B", 0 0, L_0x559a06673300;  1 drivers
v0x559a066462b0_0 .net "O", 0 0, L_0x559a06673000;  1 drivers
v0x559a06646380_0 .net "S", 0 0, v0x559a066704b0_0;  alias, 1 drivers
v0x559a06646420_0 .net "notS", 0 0, L_0x559a06672cd0;  1 drivers
v0x559a06646530_0 .net "w1", 0 0, L_0x559a06672d90;  1 drivers
v0x559a066465f0_0 .net "w2", 0 0, L_0x559a06672ef0;  1 drivers
S_0x559a06646730 .scope generate, "gen_loop[6]" "gen_loop[6]" 3 10, 3 10 0, S_0x559a066367a0;
 .timescale 0 0;
P_0x559a06646920 .param/l "ii" 0 3 10, +C4<0110>;
S_0x559a06646a00 .scope module, "a" "Mux" 3 12, 4 1 0, S_0x559a06646730;
 .timescale 0 0;
    .port_info 0 /INPUT 1 "A"
    .port_info 1 /INPUT 1 "B"
    .port_info 2 /INPUT 1 "S"
    .port_info 3 /OUTPUT 1 "O"
L_0x559a06673460/d .functor NOT 1, v0x559a066704b0_0, C4<0>, C4<0>, C4<0>;
L_0x559a06673460 .delay 1 (1,1,1) L_0x559a06673460/d;
L_0x559a06673570/d .functor AND 1, L_0x559a066739f0, L_0x559a06673460, C4<1>, C4<1>;
L_0x559a06673570 .delay 1 (2,2,2) L_0x559a06673570/d;
L_0x559a066736d0/d .functor AND 1, L_0x559a06673ae0, v0x559a066704b0_0, C4<1>, C4<1>;
L_0x559a066736d0 .delay 1 (2,2,2) L_0x559a066736d0/d;
L_0x559a066737e0/d .functor OR 1, L_0x559a06673570, L_0x559a066736d0, C4<0>, C4<0>;
L_0x559a066737e0 .delay 1 (2,2,2) L_0x559a066737e0/d;
v0x559a06646bd0_0 .net "A", 0 0, L_0x559a066739f0;  1 drivers
v0x559a06646cb0_0 .net "B", 0 0, L_0x559a06673ae0;  1 drivers
v0x559a06646d70_0 .net "O", 0 0, L_0x559a066737e0;  1 drivers
v0x559a06646e40_0 .net "S", 0 0, v0x559a066704b0_0;  alias, 1 drivers
v0x559a06646ee0_0 .net "notS", 0 0, L_0x559a06673460;  1 drivers
v0x559a06646ff0_0 .net "w1", 0 0, L_0x559a06673570;  1 drivers
v0x559a066470b0_0 .net "w2", 0 0, L_0x559a066736d0;  1 drivers
S_0x559a066471f0 .scope generate, "gen_loop[7]" "gen_loop[7]" 3 10, 3 10 0, S_0x559a066367a0;
 .timescale 0 0;
P_0x559a066473e0 .param/l "ii" 0 3 10, +C4<0111>;
S_0x559a066474c0 .scope module, "a" "Mux" 3 12, 4 1 0, S_0x559a066471f0;
 .timescale 0 0;
    .port_info 0 /INPUT 1 "A"
    .port_info 1 /INPUT 1 "B"
    .port_info 2 /INPUT 1 "S"
    .port_info 3 /OUTPUT 1 "O"
L_0x559a066733f0/d .functor NOT 1, v0x559a066704b0_0, C4<0>, C4<0>, C4<0>;
L_0x559a066733f0 .delay 1 (1,1,1) L_0x559a066733f0/d;
L_0x559a06673e00/d .functor AND 1, L_0x559a06674280, L_0x559a066733f0, C4<1>, C4<1>;
L_0x559a06673e00 .delay 1 (2,2,2) L_0x559a06673e00/d;
L_0x559a06673f60/d .functor AND 1, L_0x559a06674370, v0x559a066704b0_0, C4<1>, C4<1>;
L_0x559a06673f60 .delay 1 (2,2,2) L_0x559a06673f60/d;
L_0x559a06674070/d .functor OR 1, L_0x559a06673e00, L_0x559a06673f60, C4<0>, C4<0>;
L_0x559a06674070 .delay 1 (2,2,2) L_0x559a06674070/d;
v0x559a06647700_0 .net "A", 0 0, L_0x559a06674280;  1 drivers
v0x559a066477e0_0 .net "B", 0 0, L_0x559a06674370;  1 drivers
v0x559a066478a0_0 .net "O", 0 0, L_0x559a06674070;  1 drivers
v0x559a06647970_0 .net "S", 0 0, v0x559a066704b0_0;  alias, 1 drivers
v0x559a06647a10_0 .net "notS", 0 0, L_0x559a066733f0;  1 drivers
v0x559a06647b20_0 .net "w1", 0 0, L_0x559a06673e00;  1 drivers
v0x559a06647be0_0 .net "w2", 0 0, L_0x559a06673f60;  1 drivers
S_0x559a06647d20 .scope generate, "gen_loop[8]" "gen_loop[8]" 3 10, 3 10 0, S_0x559a066367a0;
 .timescale 0 0;
P_0x559a066453d0 .param/l "ii" 0 3 10, +C4<01000>;
S_0x559a06648030 .scope module, "a" "Mux" 3 12, 4 1 0, S_0x559a06647d20;
 .timescale 0 0;
    .port_info 0 /INPUT 1 "A"
    .port_info 1 /INPUT 1 "B"
    .port_info 2 /INPUT 1 "S"
    .port_info 3 /OUTPUT 1 "O"
L_0x559a066744f0/d .functor NOT 1, v0x559a066704b0_0, C4<0>, C4<0>, C4<0>;
L_0x559a066744f0 .delay 1 (1,1,1) L_0x559a066744f0/d;
L_0x559a06674600/d .functor AND 1, L_0x559a06674a80, L_0x559a066744f0, C4<1>, C4<1>;
L_0x559a06674600 .delay 1 (2,2,2) L_0x559a06674600/d;
L_0x559a06674760/d .functor AND 1, L_0x559a06674b70, v0x559a066704b0_0, C4<1>, C4<1>;
L_0x559a06674760 .delay 1 (2,2,2) L_0x559a06674760/d;
L_0x559a06674870/d .functor OR 1, L_0x559a06674600, L_0x559a06674760, C4<0>, C4<0>;
L_0x559a06674870 .delay 1 (2,2,2) L_0x559a06674870/d;
v0x559a06648270_0 .net "A", 0 0, L_0x559a06674a80;  1 drivers
v0x559a06648350_0 .net "B", 0 0, L_0x559a06674b70;  1 drivers
v0x559a06648410_0 .net "O", 0 0, L_0x559a06674870;  1 drivers
v0x559a066484e0_0 .net "S", 0 0, v0x559a066704b0_0;  alias, 1 drivers
v0x559a06648580_0 .net "notS", 0 0, L_0x559a066744f0;  1 drivers
v0x559a06648690_0 .net "w1", 0 0, L_0x559a06674600;  1 drivers
v0x559a06648750_0 .net "w2", 0 0, L_0x559a06674760;  1 drivers
S_0x559a06648890 .scope generate, "gen_loop[9]" "gen_loop[9]" 3 10, 3 10 0, S_0x559a066367a0;
 .timescale 0 0;
P_0x559a06648a80 .param/l "ii" 0 3 10, +C4<01001>;
S_0x559a06648b60 .scope module, "a" "Mux" 3 12, 4 1 0, S_0x559a06648890;
 .timescale 0 0;
    .port_info 0 /INPUT 1 "A"
    .port_info 1 /INPUT 1 "B"
    .port_info 2 /INPUT 1 "S"
    .port_info 3 /OUTPUT 1 "O"
L_0x559a06674d00/d .functor NOT 1, v0x559a066704b0_0, C4<0>, C4<0>, C4<0>;
L_0x559a06674d00 .delay 1 (1,1,1) L_0x559a06674d00/d;
L_0x559a06674e10/d .functor AND 1, L_0x559a06675290, L_0x559a06674d00, C4<1>, C4<1>;
L_0x559a06674e10 .delay 1 (2,2,2) L_0x559a06674e10/d;
L_0x559a06674f70/d .functor AND 1, L_0x559a06675380, v0x559a066704b0_0, C4<1>, C4<1>;
L_0x559a06674f70 .delay 1 (2,2,2) L_0x559a06674f70/d;
L_0x559a06675080/d .functor OR 1, L_0x559a06674e10, L_0x559a06674f70, C4<0>, C4<0>;
L_0x559a06675080 .delay 1 (2,2,2) L_0x559a06675080/d;
v0x559a06648da0_0 .net "A", 0 0, L_0x559a06675290;  1 drivers
v0x559a06648e80_0 .net "B", 0 0, L_0x559a06675380;  1 drivers
v0x559a06648f40_0 .net "O", 0 0, L_0x559a06675080;  1 drivers
v0x559a06649010_0 .net "S", 0 0, v0x559a066704b0_0;  alias, 1 drivers
v0x559a066490b0_0 .net "notS", 0 0, L_0x559a06674d00;  1 drivers
v0x559a066491c0_0 .net "w1", 0 0, L_0x559a06674e10;  1 drivers
v0x559a06649280_0 .net "w2", 0 0, L_0x559a06674f70;  1 drivers
S_0x559a066493c0 .scope generate, "gen_loop[10]" "gen_loop[10]" 3 10, 3 10 0, S_0x559a066367a0;
 .timescale 0 0;
P_0x559a066495b0 .param/l "ii" 0 3 10, +C4<01010>;
S_0x559a06649690 .scope module, "a" "Mux" 3 12, 4 1 0, S_0x559a066493c0;
 .timescale 0 0;
    .port_info 0 /INPUT 1 "A"
    .port_info 1 /INPUT 1 "B"
    .port_info 2 /INPUT 1 "S"
    .port_info 3 /OUTPUT 1 "O"
L_0x559a06675520/d .functor NOT 1, v0x559a066704b0_0, C4<0>, C4<0>, C4<0>;
L_0x559a06675520 .delay 1 (1,1,1) L_0x559a06675520/d;
L_0x559a06675630/d .functor AND 1, L_0x559a06674c60, L_0x559a06675520, C4<1>, C4<1>;
L_0x559a06675630 .delay 1 (2,2,2) L_0x559a06675630/d;
L_0x559a06675790/d .functor AND 1, L_0x559a06675b00, v0x559a066704b0_0, C4<1>, C4<1>;
L_0x559a06675790 .delay 1 (2,2,2) L_0x559a06675790/d;
L_0x559a066758a0/d .functor OR 1, L_0x559a06675630, L_0x559a06675790, C4<0>, C4<0>;
L_0x559a066758a0 .delay 1 (2,2,2) L_0x559a066758a0/d;
v0x559a066498d0_0 .net "A", 0 0, L_0x559a06674c60;  1 drivers
v0x559a066499b0_0 .net "B", 0 0, L_0x559a06675b00;  1 drivers
v0x559a06649a70_0 .net "O", 0 0, L_0x559a066758a0;  1 drivers
v0x559a06649b40_0 .net "S", 0 0, v0x559a066704b0_0;  alias, 1 drivers
v0x559a06649be0_0 .net "notS", 0 0, L_0x559a06675520;  1 drivers
v0x559a06649cf0_0 .net "w1", 0 0, L_0x559a06675630;  1 drivers
v0x559a06649db0_0 .net "w2", 0 0, L_0x559a06675790;  1 drivers
S_0x559a06649ef0 .scope generate, "gen_loop[11]" "gen_loop[11]" 3 10, 3 10 0, S_0x559a066367a0;
 .timescale 0 0;
P_0x559a0664a0e0 .param/l "ii" 0 3 10, +C4<01011>;
S_0x559a0664a1c0 .scope module, "a" "Mux" 3 12, 4 1 0, S_0x559a06649ef0;
 .timescale 0 0;
    .port_info 0 /INPUT 1 "A"
    .port_info 1 /INPUT 1 "B"
    .port_info 2 /INPUT 1 "S"
    .port_info 3 /OUTPUT 1 "O"
L_0x559a06675cb0/d .functor NOT 1, v0x559a066704b0_0, C4<0>, C4<0>, C4<0>;
L_0x559a06675cb0 .delay 1 (1,1,1) L_0x559a06675cb0/d;
L_0x559a06675dc0/d .functor AND 1, L_0x559a06676240, L_0x559a06675cb0, C4<1>, C4<1>;
L_0x559a06675dc0 .delay 1 (2,2,2) L_0x559a06675dc0/d;
L_0x559a06675f20/d .functor AND 1, L_0x559a06676330, v0x559a066704b0_0, C4<1>, C4<1>;
L_0x559a06675f20 .delay 1 (2,2,2) L_0x559a06675f20/d;
L_0x559a06676030/d .functor OR 1, L_0x559a06675dc0, L_0x559a06675f20, C4<0>, C4<0>;
L_0x559a06676030 .delay 1 (2,2,2) L_0x559a06676030/d;
v0x559a0664a400_0 .net "A", 0 0, L_0x559a06676240;  1 drivers
v0x559a0664a4e0_0 .net "B", 0 0, L_0x559a06676330;  1 drivers
v0x559a0664a5a0_0 .net "O", 0 0, L_0x559a06676030;  1 drivers
v0x559a0664a670_0 .net "S", 0 0, v0x559a066704b0_0;  alias, 1 drivers
v0x559a0664a710_0 .net "notS", 0 0, L_0x559a06675cb0;  1 drivers
v0x559a0664a820_0 .net "w1", 0 0, L_0x559a06675dc0;  1 drivers
v0x559a0664a8e0_0 .net "w2", 0 0, L_0x559a06675f20;  1 drivers
S_0x559a0664aa20 .scope generate, "gen_loop[12]" "gen_loop[12]" 3 10, 3 10 0, S_0x559a066367a0;
 .timescale 0 0;
P_0x559a0664ac10 .param/l "ii" 0 3 10, +C4<01100>;
S_0x559a0664acf0 .scope module, "a" "Mux" 3 12, 4 1 0, S_0x559a0664aa20;
 .timescale 0 0;
    .port_info 0 /INPUT 1 "A"
    .port_info 1 /INPUT 1 "B"
    .port_info 2 /INPUT 1 "S"
    .port_info 3 /OUTPUT 1 "O"
L_0x559a066764f0/d .functor NOT 1, v0x559a066704b0_0, C4<0>, C4<0>, C4<0>;
L_0x559a066764f0 .delay 1 (1,1,1) L_0x559a066764f0/d;
L_0x559a06676600/d .functor AND 1, L_0x559a06676a80, L_0x559a066764f0, C4<1>, C4<1>;
L_0x559a06676600 .delay 1 (2,2,2) L_0x559a06676600/d;
L_0x559a06676760/d .functor AND 1, L_0x559a06676b70, v0x559a066704b0_0, C4<1>, C4<1>;
L_0x559a06676760 .delay 1 (2,2,2) L_0x559a06676760/d;
L_0x559a06676870/d .functor OR 1, L_0x559a06676600, L_0x559a06676760, C4<0>, C4<0>;
L_0x559a06676870 .delay 1 (2,2,2) L_0x559a06676870/d;
v0x559a0664af30_0 .net "A", 0 0, L_0x559a06676a80;  1 drivers
v0x559a0664b010_0 .net "B", 0 0, L_0x559a06676b70;  1 drivers
v0x559a0664b0d0_0 .net "O", 0 0, L_0x559a06676870;  1 drivers
v0x559a0664b1a0_0 .net "S", 0 0, v0x559a066704b0_0;  alias, 1 drivers
v0x559a0664b240_0 .net "notS", 0 0, L_0x559a066764f0;  1 drivers
v0x559a0664b350_0 .net "w1", 0 0, L_0x559a06676600;  1 drivers
v0x559a0664b410_0 .net "w2", 0 0, L_0x559a06676760;  1 drivers
S_0x559a0664b550 .scope generate, "gen_loop[13]" "gen_loop[13]" 3 10, 3 10 0, S_0x559a066367a0;
 .timescale 0 0;
P_0x559a0664b740 .param/l "ii" 0 3 10, +C4<01101>;
S_0x559a0664b820 .scope module, "a" "Mux" 3 12, 4 1 0, S_0x559a0664b550;
 .timescale 0 0;
    .port_info 0 /INPUT 1 "A"
    .port_info 1 /INPUT 1 "B"
    .port_info 2 /INPUT 1 "S"
    .port_info 3 /OUTPUT 1 "O"
L_0x559a06676d40/d .functor NOT 1, v0x559a066704b0_0, C4<0>, C4<0>, C4<0>;
L_0x559a06676d40 .delay 1 (1,1,1) L_0x559a06676d40/d;
L_0x559a06676e50/d .functor AND 1, L_0x559a066772d0, L_0x559a06676d40, C4<1>, C4<1>;
L_0x559a06676e50 .delay 1 (2,2,2) L_0x559a06676e50/d;
L_0x559a06676fb0/d .functor AND 1, L_0x559a066773c0, v0x559a066704b0_0, C4<1>, C4<1>;
L_0x559a06676fb0 .delay 1 (2,2,2) L_0x559a06676fb0/d;
L_0x559a066770c0/d .functor OR 1, L_0x559a06676e50, L_0x559a06676fb0, C4<0>, C4<0>;
L_0x559a066770c0 .delay 1 (2,2,2) L_0x559a066770c0/d;
v0x559a0664ba60_0 .net "A", 0 0, L_0x559a066772d0;  1 drivers
v0x559a0664bb40_0 .net "B", 0 0, L_0x559a066773c0;  1 drivers
v0x559a0664bc00_0 .net "O", 0 0, L_0x559a066770c0;  1 drivers
v0x559a0664bcd0_0 .net "S", 0 0, v0x559a066704b0_0;  alias, 1 drivers
v0x559a0664bd70_0 .net "notS", 0 0, L_0x559a06676d40;  1 drivers
v0x559a0664be80_0 .net "w1", 0 0, L_0x559a06676e50;  1 drivers
v0x559a0664bf40_0 .net "w2", 0 0, L_0x559a06676fb0;  1 drivers
S_0x559a0664c080 .scope generate, "gen_loop[14]" "gen_loop[14]" 3 10, 3 10 0, S_0x559a066367a0;
 .timescale 0 0;
P_0x559a0664c270 .param/l "ii" 0 3 10, +C4<01110>;
S_0x559a0664c350 .scope module, "a" "Mux" 3 12, 4 1 0, S_0x559a0664c080;
 .timescale 0 0;
    .port_info 0 /INPUT 1 "A"
    .port_info 1 /INPUT 1 "B"
    .port_info 2 /INPUT 1 "S"
    .port_info 3 /OUTPUT 1 "O"
L_0x559a066775a0/d .functor NOT 1, v0x559a066704b0_0, C4<0>, C4<0>, C4<0>;
L_0x559a066775a0 .delay 1 (1,1,1) L_0x559a066775a0/d;
L_0x559a066776b0/d .functor AND 1, L_0x559a06677b30, L_0x559a066775a0, C4<1>, C4<1>;
L_0x559a066776b0 .delay 1 (2,2,2) L_0x559a066776b0/d;
L_0x559a06677810/d .functor AND 1, L_0x559a06677c20, v0x559a066704b0_0, C4<1>, C4<1>;
L_0x559a06677810 .delay 1 (2,2,2) L_0x559a06677810/d;
L_0x559a06677920/d .functor OR 1, L_0x559a066776b0, L_0x559a06677810, C4<0>, C4<0>;
L_0x559a06677920 .delay 1 (2,2,2) L_0x559a06677920/d;
v0x559a0664c590_0 .net "A", 0 0, L_0x559a06677b30;  1 drivers
v0x559a0664c670_0 .net "B", 0 0, L_0x559a06677c20;  1 drivers
v0x559a0664c730_0 .net "O", 0 0, L_0x559a06677920;  1 drivers
v0x559a0664c800_0 .net "S", 0 0, v0x559a066704b0_0;  alias, 1 drivers
v0x559a0664c8a0_0 .net "notS", 0 0, L_0x559a066775a0;  1 drivers
v0x559a0664c9b0_0 .net "w1", 0 0, L_0x559a066776b0;  1 drivers
v0x559a0664ca70_0 .net "w2", 0 0, L_0x559a06677810;  1 drivers
S_0x559a0664cbb0 .scope generate, "gen_loop[15]" "gen_loop[15]" 3 10, 3 10 0, S_0x559a066367a0;
 .timescale 0 0;
P_0x559a0664cda0 .param/l "ii" 0 3 10, +C4<01111>;
S_0x559a0664ce80 .scope module, "a" "Mux" 3 12, 4 1 0, S_0x559a0664cbb0;
 .timescale 0 0;
    .port_info 0 /INPUT 1 "A"
    .port_info 1 /INPUT 1 "B"
    .port_info 2 /INPUT 1 "S"
    .port_info 3 /OUTPUT 1 "O"
L_0x559a06678020/d .functor NOT 1, v0x559a066704b0_0, C4<0>, C4<0>, C4<0>;
L_0x559a06678020 .delay 1 (1,1,1) L_0x559a06678020/d;
L_0x559a06678130/d .functor AND 1, L_0x559a066785b0, L_0x559a06678020, C4<1>, C4<1>;
L_0x559a06678130 .delay 1 (2,2,2) L_0x559a06678130/d;
L_0x559a06678290/d .functor AND 1, L_0x559a066786a0, v0x559a066704b0_0, C4<1>, C4<1>;
L_0x559a06678290 .delay 1 (2,2,2) L_0x559a06678290/d;
L_0x559a066783a0/d .functor OR 1, L_0x559a06678130, L_0x559a06678290, C4<0>, C4<0>;
L_0x559a066783a0 .delay 1 (2,2,2) L_0x559a066783a0/d;
v0x559a0664d0c0_0 .net "A", 0 0, L_0x559a066785b0;  1 drivers
v0x559a0664d1a0_0 .net "B", 0 0, L_0x559a066786a0;  1 drivers
v0x559a0664d260_0 .net "O", 0 0, L_0x559a066783a0;  1 drivers
v0x559a0664d330_0 .net "S", 0 0, v0x559a066704b0_0;  alias, 1 drivers
v0x559a0664d3d0_0 .net "notS", 0 0, L_0x559a06678020;  1 drivers
v0x559a0664d4e0_0 .net "w1", 0 0, L_0x559a06678130;  1 drivers
v0x559a0664d5a0_0 .net "w2", 0 0, L_0x559a06678290;  1 drivers
S_0x559a0664d6e0 .scope generate, "gen_loop[16]" "gen_loop[16]" 3 10, 3 10 0, S_0x559a066367a0;
 .timescale 0 0;
P_0x559a0664d8d0 .param/l "ii" 0 3 10, +C4<010000>;
S_0x559a0664d9b0 .scope module, "a" "Mux" 3 12, 4 1 0, S_0x559a0664d6e0;
 .timescale 0 0;
    .port_info 0 /INPUT 1 "A"
    .port_info 1 /INPUT 1 "B"
    .port_info 2 /INPUT 1 "S"
    .port_info 3 /OUTPUT 1 "O"
L_0x559a066788a0/d .functor NOT 1, v0x559a066704b0_0, C4<0>, C4<0>, C4<0>;
L_0x559a066788a0 .delay 1 (1,1,1) L_0x559a066788a0/d;
L_0x559a066789b0/d .functor AND 1, L_0x559a06678e30, L_0x559a066788a0, C4<1>, C4<1>;
L_0x559a066789b0 .delay 1 (2,2,2) L_0x559a066789b0/d;
L_0x559a06678b10/d .functor AND 1, L_0x559a06678f20, v0x559a066704b0_0, C4<1>, C4<1>;
L_0x559a06678b10 .delay 1 (2,2,2) L_0x559a06678b10/d;
L_0x559a06678c20/d .functor OR 1, L_0x559a066789b0, L_0x559a06678b10, C4<0>, C4<0>;
L_0x559a06678c20 .delay 1 (2,2,2) L_0x559a06678c20/d;
v0x559a0664dbf0_0 .net "A", 0 0, L_0x559a06678e30;  1 drivers
v0x559a0664dcd0_0 .net "B", 0 0, L_0x559a06678f20;  1 drivers
v0x559a0664dd90_0 .net "O", 0 0, L_0x559a06678c20;  1 drivers
v0x559a0664de60_0 .net "S", 0 0, v0x559a066704b0_0;  alias, 1 drivers
v0x559a0664df00_0 .net "notS", 0 0, L_0x559a066788a0;  1 drivers
v0x559a0664e010_0 .net "w1", 0 0, L_0x559a066789b0;  1 drivers
v0x559a0664e0d0_0 .net "w2", 0 0, L_0x559a06678b10;  1 drivers
S_0x559a0664e210 .scope generate, "gen_loop[17]" "gen_loop[17]" 3 10, 3 10 0, S_0x559a066367a0;
 .timescale 0 0;
P_0x559a0664e400 .param/l "ii" 0 3 10, +C4<010001>;
S_0x559a0664e4e0 .scope module, "a" "Mux" 3 12, 4 1 0, S_0x559a0664e210;
 .timescale 0 0;
    .port_info 0 /INPUT 1 "A"
    .port_info 1 /INPUT 1 "B"
    .port_info 2 /INPUT 1 "S"
    .port_info 3 /OUTPUT 1 "O"
L_0x559a06679130/d .functor NOT 1, v0x559a066704b0_0, C4<0>, C4<0>, C4<0>;
L_0x559a06679130 .delay 1 (1,1,1) L_0x559a06679130/d;
L_0x559a06679240/d .functor AND 1, L_0x559a066796c0, L_0x559a06679130, C4<1>, C4<1>;
L_0x559a06679240 .delay 1 (2,2,2) L_0x559a06679240/d;
L_0x559a066793a0/d .functor AND 1, L_0x559a066797b0, v0x559a066704b0_0, C4<1>, C4<1>;
L_0x559a066793a0 .delay 1 (2,2,2) L_0x559a066793a0/d;
L_0x559a066794b0/d .functor OR 1, L_0x559a06679240, L_0x559a066793a0, C4<0>, C4<0>;
L_0x559a066794b0 .delay 1 (2,2,2) L_0x559a066794b0/d;
v0x559a0664e720_0 .net "A", 0 0, L_0x559a066796c0;  1 drivers
v0x559a0664e800_0 .net "B", 0 0, L_0x559a066797b0;  1 drivers
v0x559a0664e8c0_0 .net "O", 0 0, L_0x559a066794b0;  1 drivers
v0x559a0664e990_0 .net "S", 0 0, v0x559a066704b0_0;  alias, 1 drivers
v0x559a0664ea30_0 .net "notS", 0 0, L_0x559a06679130;  1 drivers
v0x559a0664eb40_0 .net "w1", 0 0, L_0x559a06679240;  1 drivers
v0x559a0664ec00_0 .net "w2", 0 0, L_0x559a066793a0;  1 drivers
S_0x559a0664ed40 .scope generate, "gen_loop[18]" "gen_loop[18]" 3 10, 3 10 0, S_0x559a066367a0;
 .timescale 0 0;
P_0x559a0664ef30 .param/l "ii" 0 3 10, +C4<010010>;
S_0x559a0664f010 .scope module, "a" "Mux" 3 12, 4 1 0, S_0x559a0664ed40;
 .timescale 0 0;
    .port_info 0 /INPUT 1 "A"
    .port_info 1 /INPUT 1 "B"
    .port_info 2 /INPUT 1 "S"
    .port_info 3 /OUTPUT 1 "O"
L_0x559a06679010/d .functor NOT 1, v0x559a066704b0_0, C4<0>, C4<0>, C4<0>;
L_0x559a06679010 .delay 1 (1,1,1) L_0x559a06679010/d;
L_0x559a066799d0/d .functor AND 1, L_0x559a06679e50, L_0x559a06679010, C4<1>, C4<1>;
L_0x559a066799d0 .delay 1 (2,2,2) L_0x559a066799d0/d;
L_0x559a06679b30/d .functor AND 1, L_0x559a06679f40, v0x559a066704b0_0, C4<1>, C4<1>;
L_0x559a06679b30 .delay 1 (2,2,2) L_0x559a06679b30/d;
L_0x559a06679c40/d .functor OR 1, L_0x559a066799d0, L_0x559a06679b30, C4<0>, C4<0>;
L_0x559a06679c40 .delay 1 (2,2,2) L_0x559a06679c40/d;
v0x559a0664f250_0 .net "A", 0 0, L_0x559a06679e50;  1 drivers
v0x559a0664f330_0 .net "B", 0 0, L_0x559a06679f40;  1 drivers
v0x559a0664f3f0_0 .net "O", 0 0, L_0x559a06679c40;  1 drivers
v0x559a0664f4c0_0 .net "S", 0 0, v0x559a066704b0_0;  alias, 1 drivers
v0x559a0664f560_0 .net "notS", 0 0, L_0x559a06679010;  1 drivers
v0x559a0664f670_0 .net "w1", 0 0, L_0x559a066799d0;  1 drivers
v0x559a0664f730_0 .net "w2", 0 0, L_0x559a06679b30;  1 drivers
S_0x559a0664f870 .scope generate, "gen_loop[19]" "gen_loop[19]" 3 10, 3 10 0, S_0x559a066367a0;
 .timescale 0 0;
P_0x559a0664fa60 .param/l "ii" 0 3 10, +C4<010011>;
S_0x559a0664fb40 .scope module, "a" "Mux" 3 12, 4 1 0, S_0x559a0664f870;
 .timescale 0 0;
    .port_info 0 /INPUT 1 "A"
    .port_info 1 /INPUT 1 "B"
    .port_info 2 /INPUT 1 "S"
    .port_info 3 /OUTPUT 1 "O"
L_0x559a0667a170/d .functor NOT 1, v0x559a066704b0_0, C4<0>, C4<0>, C4<0>;
L_0x559a0667a170 .delay 1 (1,1,1) L_0x559a0667a170/d;
L_0x559a0667a280/d .functor AND 1, L_0x559a0667a700, L_0x559a0667a170, C4<1>, C4<1>;
L_0x559a0667a280 .delay 1 (2,2,2) L_0x559a0667a280/d;
L_0x559a0667a3e0/d .functor AND 1, L_0x559a0667a7f0, v0x559a066704b0_0, C4<1>, C4<1>;
L_0x559a0667a3e0 .delay 1 (2,2,2) L_0x559a0667a3e0/d;
L_0x559a0667a4f0/d .functor OR 1, L_0x559a0667a280, L_0x559a0667a3e0, C4<0>, C4<0>;
L_0x559a0667a4f0 .delay 1 (2,2,2) L_0x559a0667a4f0/d;
v0x559a0664fd80_0 .net "A", 0 0, L_0x559a0667a700;  1 drivers
v0x559a0664fe60_0 .net "B", 0 0, L_0x559a0667a7f0;  1 drivers
v0x559a0664ff20_0 .net "O", 0 0, L_0x559a0667a4f0;  1 drivers
v0x559a0664fff0_0 .net "S", 0 0, v0x559a066704b0_0;  alias, 1 drivers
v0x559a06650090_0 .net "notS", 0 0, L_0x559a0667a170;  1 drivers
v0x559a066501a0_0 .net "w1", 0 0, L_0x559a0667a280;  1 drivers
v0x559a06650260_0 .net "w2", 0 0, L_0x559a0667a3e0;  1 drivers
S_0x559a066503a0 .scope generate, "gen_loop[20]" "gen_loop[20]" 3 10, 3 10 0, S_0x559a066367a0;
 .timescale 0 0;
P_0x559a06650590 .param/l "ii" 0 3 10, +C4<010100>;
S_0x559a06650670 .scope module, "a" "Mux" 3 12, 4 1 0, S_0x559a066503a0;
 .timescale 0 0;
    .port_info 0 /INPUT 1 "A"
    .port_info 1 /INPUT 1 "B"
    .port_info 2 /INPUT 1 "S"
    .port_info 3 /OUTPUT 1 "O"
L_0x559a0667aa30/d .functor NOT 1, v0x559a066704b0_0, C4<0>, C4<0>, C4<0>;
L_0x559a0667aa30 .delay 1 (1,1,1) L_0x559a0667aa30/d;
L_0x559a0667ab40/d .functor AND 1, L_0x559a0667afc0, L_0x559a0667aa30, C4<1>, C4<1>;
L_0x559a0667ab40 .delay 1 (2,2,2) L_0x559a0667ab40/d;
L_0x559a0667aca0/d .functor AND 1, L_0x559a0667b0b0, v0x559a066704b0_0, C4<1>, C4<1>;
L_0x559a0667aca0 .delay 1 (2,2,2) L_0x559a0667aca0/d;
L_0x559a0667adb0/d .functor OR 1, L_0x559a0667ab40, L_0x559a0667aca0, C4<0>, C4<0>;
L_0x559a0667adb0 .delay 1 (2,2,2) L_0x559a0667adb0/d;
v0x559a066508b0_0 .net "A", 0 0, L_0x559a0667afc0;  1 drivers
v0x559a06650990_0 .net "B", 0 0, L_0x559a0667b0b0;  1 drivers
v0x559a06650a50_0 .net "O", 0 0, L_0x559a0667adb0;  1 drivers
v0x559a06650b20_0 .net "S", 0 0, v0x559a066704b0_0;  alias, 1 drivers
v0x559a06650bc0_0 .net "notS", 0 0, L_0x559a0667aa30;  1 drivers
v0x559a06650cd0_0 .net "w1", 0 0, L_0x559a0667ab40;  1 drivers
v0x559a06650d90_0 .net "w2", 0 0, L_0x559a0667aca0;  1 drivers
S_0x559a06650ed0 .scope generate, "gen_loop[21]" "gen_loop[21]" 3 10, 3 10 0, S_0x559a066367a0;
 .timescale 0 0;
P_0x559a066510c0 .param/l "ii" 0 3 10, +C4<010101>;
S_0x559a066511a0 .scope module, "a" "Mux" 3 12, 4 1 0, S_0x559a06650ed0;
 .timescale 0 0;
    .port_info 0 /INPUT 1 "A"
    .port_info 1 /INPUT 1 "B"
    .port_info 2 /INPUT 1 "S"
    .port_info 3 /OUTPUT 1 "O"
L_0x559a0667b300/d .functor NOT 1, v0x559a066704b0_0, C4<0>, C4<0>, C4<0>;
L_0x559a0667b300 .delay 1 (1,1,1) L_0x559a0667b300/d;
L_0x559a0667b410/d .functor AND 1, L_0x559a0667b890, L_0x559a0667b300, C4<1>, C4<1>;
L_0x559a0667b410 .delay 1 (2,2,2) L_0x559a0667b410/d;
L_0x559a0667b570/d .functor AND 1, L_0x559a0667b980, v0x559a066704b0_0, C4<1>, C4<1>;
L_0x559a0667b570 .delay 1 (2,2,2) L_0x559a0667b570/d;
L_0x559a0667b680/d .functor OR 1, L_0x559a0667b410, L_0x559a0667b570, C4<0>, C4<0>;
L_0x559a0667b680 .delay 1 (2,2,2) L_0x559a0667b680/d;
v0x559a066513e0_0 .net "A", 0 0, L_0x559a0667b890;  1 drivers
v0x559a066514c0_0 .net "B", 0 0, L_0x559a0667b980;  1 drivers
v0x559a06651580_0 .net "O", 0 0, L_0x559a0667b680;  1 drivers
v0x559a06651650_0 .net "S", 0 0, v0x559a066704b0_0;  alias, 1 drivers
v0x559a066516f0_0 .net "notS", 0 0, L_0x559a0667b300;  1 drivers
v0x559a06651800_0 .net "w1", 0 0, L_0x559a0667b410;  1 drivers
v0x559a066518c0_0 .net "w2", 0 0, L_0x559a0667b570;  1 drivers
S_0x559a06651a00 .scope generate, "gen_loop[22]" "gen_loop[22]" 3 10, 3 10 0, S_0x559a066367a0;
 .timescale 0 0;
P_0x559a06651bf0 .param/l "ii" 0 3 10, +C4<010110>;
S_0x559a06651cd0 .scope module, "a" "Mux" 3 12, 4 1 0, S_0x559a06651a00;
 .timescale 0 0;
    .port_info 0 /INPUT 1 "A"
    .port_info 1 /INPUT 1 "B"
    .port_info 2 /INPUT 1 "S"
    .port_info 3 /OUTPUT 1 "O"
L_0x559a0667bbe0/d .functor NOT 1, v0x559a066704b0_0, C4<0>, C4<0>, C4<0>;
L_0x559a0667bbe0 .delay 1 (1,1,1) L_0x559a0667bbe0/d;
L_0x559a0667bcf0/d .functor AND 1, L_0x559a0667c170, L_0x559a0667bbe0, C4<1>, C4<1>;
L_0x559a0667bcf0 .delay 1 (2,2,2) L_0x559a0667bcf0/d;
L_0x559a0667be50/d .functor AND 1, L_0x559a0667c260, v0x559a066704b0_0, C4<1>, C4<1>;
L_0x559a0667be50 .delay 1 (2,2,2) L_0x559a0667be50/d;
L_0x559a0667bf60/d .functor OR 1, L_0x559a0667bcf0, L_0x559a0667be50, C4<0>, C4<0>;
L_0x559a0667bf60 .delay 1 (2,2,2) L_0x559a0667bf60/d;
v0x559a06651f10_0 .net "A", 0 0, L_0x559a0667c170;  1 drivers
v0x559a06651ff0_0 .net "B", 0 0, L_0x559a0667c260;  1 drivers
v0x559a066520b0_0 .net "O", 0 0, L_0x559a0667bf60;  1 drivers
v0x559a06652180_0 .net "S", 0 0, v0x559a066704b0_0;  alias, 1 drivers
v0x559a06652220_0 .net "notS", 0 0, L_0x559a0667bbe0;  1 drivers
v0x559a06652330_0 .net "w1", 0 0, L_0x559a0667bcf0;  1 drivers
v0x559a066523f0_0 .net "w2", 0 0, L_0x559a0667be50;  1 drivers
S_0x559a06652530 .scope generate, "gen_loop[23]" "gen_loop[23]" 3 10, 3 10 0, S_0x559a066367a0;
 .timescale 0 0;
P_0x559a06652720 .param/l "ii" 0 3 10, +C4<010111>;
S_0x559a06652800 .scope module, "a" "Mux" 3 12, 4 1 0, S_0x559a06652530;
 .timescale 0 0;
    .port_info 0 /INPUT 1 "A"
    .port_info 1 /INPUT 1 "B"
    .port_info 2 /INPUT 1 "S"
    .port_info 3 /OUTPUT 1 "O"
L_0x559a0667c4d0/d .functor NOT 1, v0x559a066704b0_0, C4<0>, C4<0>, C4<0>;
L_0x559a0667c4d0 .delay 1 (1,1,1) L_0x559a0667c4d0/d;
L_0x559a0667c5e0/d .functor AND 1, L_0x559a0667ca60, L_0x559a0667c4d0, C4<1>, C4<1>;
L_0x559a0667c5e0 .delay 1 (2,2,2) L_0x559a0667c5e0/d;
L_0x559a0667c740/d .functor AND 1, L_0x559a0667cb50, v0x559a066704b0_0, C4<1>, C4<1>;
L_0x559a0667c740 .delay 1 (2,2,2) L_0x559a0667c740/d;
L_0x559a0667c850/d .functor OR 1, L_0x559a0667c5e0, L_0x559a0667c740, C4<0>, C4<0>;
L_0x559a0667c850 .delay 1 (2,2,2) L_0x559a0667c850/d;
v0x559a06652a40_0 .net "A", 0 0, L_0x559a0667ca60;  1 drivers
v0x559a06652b20_0 .net "B", 0 0, L_0x559a0667cb50;  1 drivers
v0x559a06652be0_0 .net "O", 0 0, L_0x559a0667c850;  1 drivers
v0x559a06652cb0_0 .net "S", 0 0, v0x559a066704b0_0;  alias, 1 drivers
v0x559a06652d50_0 .net "notS", 0 0, L_0x559a0667c4d0;  1 drivers
v0x559a06652e60_0 .net "w1", 0 0, L_0x559a0667c5e0;  1 drivers
v0x559a06652f20_0 .net "w2", 0 0, L_0x559a0667c740;  1 drivers
S_0x559a06653060 .scope generate, "gen_loop[24]" "gen_loop[24]" 3 10, 3 10 0, S_0x559a066367a0;
 .timescale 0 0;
P_0x559a06653250 .param/l "ii" 0 3 10, +C4<011000>;
S_0x559a06653330 .scope module, "a" "Mux" 3 12, 4 1 0, S_0x559a06653060;
 .timescale 0 0;
    .port_info 0 /INPUT 1 "A"
    .port_info 1 /INPUT 1 "B"
    .port_info 2 /INPUT 1 "S"
    .port_info 3 /OUTPUT 1 "O"
L_0x559a0667cdd0/d .functor NOT 1, v0x559a066704b0_0, C4<0>, C4<0>, C4<0>;
L_0x559a0667cdd0 .delay 1 (1,1,1) L_0x559a0667cdd0/d;
L_0x559a0667cee0/d .functor AND 1, L_0x559a0667d360, L_0x559a0667cdd0, C4<1>, C4<1>;
L_0x559a0667cee0 .delay 1 (2,2,2) L_0x559a0667cee0/d;
L_0x559a0667d040/d .functor AND 1, L_0x559a0667d450, v0x559a066704b0_0, C4<1>, C4<1>;
L_0x559a0667d040 .delay 1 (2,2,2) L_0x559a0667d040/d;
L_0x559a0667d150/d .functor OR 1, L_0x559a0667cee0, L_0x559a0667d040, C4<0>, C4<0>;
L_0x559a0667d150 .delay 1 (2,2,2) L_0x559a0667d150/d;
v0x559a06653570_0 .net "A", 0 0, L_0x559a0667d360;  1 drivers
v0x559a06653650_0 .net "B", 0 0, L_0x559a0667d450;  1 drivers
v0x559a06653710_0 .net "O", 0 0, L_0x559a0667d150;  1 drivers
v0x559a066537e0_0 .net "S", 0 0, v0x559a066704b0_0;  alias, 1 drivers
v0x559a06653880_0 .net "notS", 0 0, L_0x559a0667cdd0;  1 drivers
v0x559a06653990_0 .net "w1", 0 0, L_0x559a0667cee0;  1 drivers
v0x559a06653a50_0 .net "w2", 0 0, L_0x559a0667d040;  1 drivers
S_0x559a06653b90 .scope generate, "gen_loop[25]" "gen_loop[25]" 3 10, 3 10 0, S_0x559a066367a0;
 .timescale 0 0;
P_0x559a06653d80 .param/l "ii" 0 3 10, +C4<011001>;
S_0x559a06653e60 .scope module, "a" "Mux" 3 12, 4 1 0, S_0x559a06653b90;
 .timescale 0 0;
    .port_info 0 /INPUT 1 "A"
    .port_info 1 /INPUT 1 "B"
    .port_info 2 /INPUT 1 "S"
    .port_info 3 /OUTPUT 1 "O"
L_0x559a0667d6e0/d .functor NOT 1, v0x559a066704b0_0, C4<0>, C4<0>, C4<0>;
L_0x559a0667d6e0 .delay 1 (1,1,1) L_0x559a0667d6e0/d;
L_0x559a0667d7f0/d .functor AND 1, L_0x559a0667dc70, L_0x559a0667d6e0, C4<1>, C4<1>;
L_0x559a0667d7f0 .delay 1 (2,2,2) L_0x559a0667d7f0/d;
L_0x559a0667d950/d .functor AND 1, L_0x559a0667dd60, v0x559a066704b0_0, C4<1>, C4<1>;
L_0x559a0667d950 .delay 1 (2,2,2) L_0x559a0667d950/d;
L_0x559a0667da60/d .functor OR 1, L_0x559a0667d7f0, L_0x559a0667d950, C4<0>, C4<0>;
L_0x559a0667da60 .delay 1 (2,2,2) L_0x559a0667da60/d;
v0x559a066540a0_0 .net "A", 0 0, L_0x559a0667dc70;  1 drivers
v0x559a06654180_0 .net "B", 0 0, L_0x559a0667dd60;  1 drivers
v0x559a06654240_0 .net "O", 0 0, L_0x559a0667da60;  1 drivers
v0x559a06654310_0 .net "S", 0 0, v0x559a066704b0_0;  alias, 1 drivers
v0x559a066543b0_0 .net "notS", 0 0, L_0x559a0667d6e0;  1 drivers
v0x559a066544c0_0 .net "w1", 0 0, L_0x559a0667d7f0;  1 drivers
v0x559a06654580_0 .net "w2", 0 0, L_0x559a0667d950;  1 drivers
S_0x559a066546c0 .scope generate, "gen_loop[26]" "gen_loop[26]" 3 10, 3 10 0, S_0x559a066367a0;
 .timescale 0 0;
P_0x559a066548b0 .param/l "ii" 0 3 10, +C4<011010>;
S_0x559a06654990 .scope module, "a" "Mux" 3 12, 4 1 0, S_0x559a066546c0;
 .timescale 0 0;
    .port_info 0 /INPUT 1 "A"
    .port_info 1 /INPUT 1 "B"
    .port_info 2 /INPUT 1 "S"
    .port_info 3 /OUTPUT 1 "O"
L_0x559a0667e000/d .functor NOT 1, v0x559a066704b0_0, C4<0>, C4<0>, C4<0>;
L_0x559a0667e000 .delay 1 (1,1,1) L_0x559a0667e000/d;
L_0x559a0667e110/d .functor AND 1, L_0x559a0667e590, L_0x559a0667e000, C4<1>, C4<1>;
L_0x559a0667e110 .delay 1 (2,2,2) L_0x559a0667e110/d;
L_0x559a0667e270/d .functor AND 1, L_0x559a0667e680, v0x559a066704b0_0, C4<1>, C4<1>;
L_0x559a0667e270 .delay 1 (2,2,2) L_0x559a0667e270/d;
L_0x559a0667e380/d .functor OR 1, L_0x559a0667e110, L_0x559a0667e270, C4<0>, C4<0>;
L_0x559a0667e380 .delay 1 (2,2,2) L_0x559a0667e380/d;
v0x559a06654bd0_0 .net "A", 0 0, L_0x559a0667e590;  1 drivers
v0x559a06654cb0_0 .net "B", 0 0, L_0x559a0667e680;  1 drivers
v0x559a06654d70_0 .net "O", 0 0, L_0x559a0667e380;  1 drivers
v0x559a06654e40_0 .net "S", 0 0, v0x559a066704b0_0;  alias, 1 drivers
v0x559a06654ee0_0 .net "notS", 0 0, L_0x559a0667e000;  1 drivers
v0x559a06654ff0_0 .net "w1", 0 0, L_0x559a0667e110;  1 drivers
v0x559a066550b0_0 .net "w2", 0 0, L_0x559a0667e270;  1 drivers
S_0x559a066551f0 .scope generate, "gen_loop[27]" "gen_loop[27]" 3 10, 3 10 0, S_0x559a066367a0;
 .timescale 0 0;
P_0x559a066553e0 .param/l "ii" 0 3 10, +C4<011011>;
S_0x559a066554c0 .scope module, "a" "Mux" 3 12, 4 1 0, S_0x559a066551f0;
 .timescale 0 0;
    .port_info 0 /INPUT 1 "A"
    .port_info 1 /INPUT 1 "B"
    .port_info 2 /INPUT 1 "S"
    .port_info 3 /OUTPUT 1 "O"
L_0x559a0667e930/d .functor NOT 1, v0x559a066704b0_0, C4<0>, C4<0>, C4<0>;
L_0x559a0667e930 .delay 1 (1,1,1) L_0x559a0667e930/d;
L_0x559a0667ea40/d .functor AND 1, L_0x559a0667eec0, L_0x559a0667e930, C4<1>, C4<1>;
L_0x559a0667ea40 .delay 1 (2,2,2) L_0x559a0667ea40/d;
L_0x559a0667eba0/d .functor AND 1, L_0x559a0667efb0, v0x559a066704b0_0, C4<1>, C4<1>;
L_0x559a0667eba0 .delay 1 (2,2,2) L_0x559a0667eba0/d;
L_0x559a0667ecb0/d .functor OR 1, L_0x559a0667ea40, L_0x559a0667eba0, C4<0>, C4<0>;
L_0x559a0667ecb0 .delay 1 (2,2,2) L_0x559a0667ecb0/d;
v0x559a06655700_0 .net "A", 0 0, L_0x559a0667eec0;  1 drivers
v0x559a066557e0_0 .net "B", 0 0, L_0x559a0667efb0;  1 drivers
v0x559a066558a0_0 .net "O", 0 0, L_0x559a0667ecb0;  1 drivers
v0x559a06655970_0 .net "S", 0 0, v0x559a066704b0_0;  alias, 1 drivers
v0x559a06655a10_0 .net "notS", 0 0, L_0x559a0667e930;  1 drivers
v0x559a06655b20_0 .net "w1", 0 0, L_0x559a0667ea40;  1 drivers
v0x559a06655be0_0 .net "w2", 0 0, L_0x559a0667eba0;  1 drivers
S_0x559a06655d20 .scope generate, "gen_loop[28]" "gen_loop[28]" 3 10, 3 10 0, S_0x559a066367a0;
 .timescale 0 0;
P_0x559a06655f10 .param/l "ii" 0 3 10, +C4<011100>;
S_0x559a06655ff0 .scope module, "a" "Mux" 3 12, 4 1 0, S_0x559a06655d20;
 .timescale 0 0;
    .port_info 0 /INPUT 1 "A"
    .port_info 1 /INPUT 1 "B"
    .port_info 2 /INPUT 1 "S"
    .port_info 3 /OUTPUT 1 "O"
L_0x559a0667f270/d .functor NOT 1, v0x559a066704b0_0, C4<0>, C4<0>, C4<0>;
L_0x559a0667f270 .delay 1 (1,1,1) L_0x559a0667f270/d;
L_0x559a0667f380/d .functor AND 1, L_0x559a0667f800, L_0x559a0667f270, C4<1>, C4<1>;
L_0x559a0667f380 .delay 1 (2,2,2) L_0x559a0667f380/d;
L_0x559a0667f4e0/d .functor AND 1, L_0x559a0667f8f0, v0x559a066704b0_0, C4<1>, C4<1>;
L_0x559a0667f4e0 .delay 1 (2,2,2) L_0x559a0667f4e0/d;
L_0x559a0667f5f0/d .functor OR 1, L_0x559a0667f380, L_0x559a0667f4e0, C4<0>, C4<0>;
L_0x559a0667f5f0 .delay 1 (2,2,2) L_0x559a0667f5f0/d;
v0x559a06656230_0 .net "A", 0 0, L_0x559a0667f800;  1 drivers
v0x559a06656310_0 .net "B", 0 0, L_0x559a0667f8f0;  1 drivers
v0x559a066563d0_0 .net "O", 0 0, L_0x559a0667f5f0;  1 drivers
v0x559a066564a0_0 .net "S", 0 0, v0x559a066704b0_0;  alias, 1 drivers
v0x559a06656540_0 .net "notS", 0 0, L_0x559a0667f270;  1 drivers
v0x559a06656650_0 .net "w1", 0 0, L_0x559a0667f380;  1 drivers
v0x559a06656710_0 .net "w2", 0 0, L_0x559a0667f4e0;  1 drivers
S_0x559a06656850 .scope generate, "gen_loop[29]" "gen_loop[29]" 3 10, 3 10 0, S_0x559a066367a0;
 .timescale 0 0;
P_0x559a06656a40 .param/l "ii" 0 3 10, +C4<011101>;
S_0x559a06656b20 .scope module, "a" "Mux" 3 12, 4 1 0, S_0x559a06656850;
 .timescale 0 0;
    .port_info 0 /INPUT 1 "A"
    .port_info 1 /INPUT 1 "B"
    .port_info 2 /INPUT 1 "S"
    .port_info 3 /OUTPUT 1 "O"
L_0x559a0667fbc0/d .functor NOT 1, v0x559a066704b0_0, C4<0>, C4<0>, C4<0>;
L_0x559a0667fbc0 .delay 1 (1,1,1) L_0x559a0667fbc0/d;
L_0x559a0667fcd0/d .functor AND 1, L_0x559a06680150, L_0x559a0667fbc0, C4<1>, C4<1>;
L_0x559a0667fcd0 .delay 1 (2,2,2) L_0x559a0667fcd0/d;
L_0x559a0667fe30/d .functor AND 1, L_0x559a06680240, v0x559a066704b0_0, C4<1>, C4<1>;
L_0x559a0667fe30 .delay 1 (2,2,2) L_0x559a0667fe30/d;
L_0x559a0667ff40/d .functor OR 1, L_0x559a0667fcd0, L_0x559a0667fe30, C4<0>, C4<0>;
L_0x559a0667ff40 .delay 1 (2,2,2) L_0x559a0667ff40/d;
v0x559a06656d60_0 .net "A", 0 0, L_0x559a06680150;  1 drivers
v0x559a06656e40_0 .net "B", 0 0, L_0x559a06680240;  1 drivers
v0x559a06656f00_0 .net "O", 0 0, L_0x559a0667ff40;  1 drivers
v0x559a06656fd0_0 .net "S", 0 0, v0x559a066704b0_0;  alias, 1 drivers
v0x559a06657070_0 .net "notS", 0 0, L_0x559a0667fbc0;  1 drivers
v0x559a06657180_0 .net "w1", 0 0, L_0x559a0667fcd0;  1 drivers
v0x559a06657240_0 .net "w2", 0 0, L_0x559a0667fe30;  1 drivers
S_0x559a06657380 .scope generate, "gen_loop[30]" "gen_loop[30]" 3 10, 3 10 0, S_0x559a066367a0;
 .timescale 0 0;
P_0x559a06657570 .param/l "ii" 0 3 10, +C4<011110>;
S_0x559a06657650 .scope module, "a" "Mux" 3 12, 4 1 0, S_0x559a06657380;
 .timescale 0 0;
    .port_info 0 /INPUT 1 "A"
    .port_info 1 /INPUT 1 "B"
    .port_info 2 /INPUT 1 "S"
    .port_info 3 /OUTPUT 1 "O"
L_0x559a06680520/d .functor NOT 1, v0x559a066704b0_0, C4<0>, C4<0>, C4<0>;
L_0x559a06680520 .delay 1 (1,1,1) L_0x559a06680520/d;
L_0x559a06680630/d .functor AND 1, L_0x559a06680ab0, L_0x559a06680520, C4<1>, C4<1>;
L_0x559a06680630 .delay 1 (2,2,2) L_0x559a06680630/d;
L_0x559a06680790/d .functor AND 1, L_0x559a06680ba0, v0x559a066704b0_0, C4<1>, C4<1>;
L_0x559a06680790 .delay 1 (2,2,2) L_0x559a06680790/d;
L_0x559a066808a0/d .functor OR 1, L_0x559a06680630, L_0x559a06680790, C4<0>, C4<0>;
L_0x559a066808a0 .delay 1 (2,2,2) L_0x559a066808a0/d;
v0x559a06657890_0 .net "A", 0 0, L_0x559a06680ab0;  1 drivers
v0x559a06657970_0 .net "B", 0 0, L_0x559a06680ba0;  1 drivers
v0x559a06657a30_0 .net "O", 0 0, L_0x559a066808a0;  1 drivers
v0x559a06657b00_0 .net "S", 0 0, v0x559a066704b0_0;  alias, 1 drivers
v0x559a06657ba0_0 .net "notS", 0 0, L_0x559a06680520;  1 drivers
v0x559a06657cb0_0 .net "w1", 0 0, L_0x559a06680630;  1 drivers
v0x559a06657d70_0 .net "w2", 0 0, L_0x559a06680790;  1 drivers
S_0x559a06657eb0 .scope generate, "gen_loop[31]" "gen_loop[31]" 3 10, 3 10 0, S_0x559a066367a0;
 .timescale 0 0;
P_0x559a066580a0 .param/l "ii" 0 3 10, +C4<011111>;
S_0x559a06658180 .scope module, "a" "Mux" 3 12, 4 1 0, S_0x559a06657eb0;
 .timescale 0 0;
    .port_info 0 /INPUT 1 "A"
    .port_info 1 /INPUT 1 "B"
    .port_info 2 /INPUT 1 "S"
    .port_info 3 /OUTPUT 1 "O"
L_0x559a066812a0/d .functor NOT 1, v0x559a066704b0_0, C4<0>, C4<0>, C4<0>;
L_0x559a066812a0 .delay 1 (1,1,1) L_0x559a066812a0/d;
L_0x559a0666f9e0/d .functor AND 1, L_0x559a0666fe60, L_0x559a066812a0, C4<1>, C4<1>;
L_0x559a0666f9e0 .delay 1 (2,2,2) L_0x559a0666f9e0/d;
L_0x559a0666fb40/d .functor AND 1, L_0x559a0666ff50, v0x559a066704b0_0, C4<1>, C4<1>;
L_0x559a0666fb40 .delay 1 (2,2,2) L_0x559a0666fb40/d;
L_0x559a0666fc50/d .functor OR 1, L_0x559a0666f9e0, L_0x559a0666fb40, C4<0>, C4<0>;
L_0x559a0666fc50 .delay 1 (2,2,2) L_0x559a0666fc50/d;
v0x559a066583c0_0 .net "A", 0 0, L_0x559a0666fe60;  1 drivers
v0x559a066584a0_0 .net "B", 0 0, L_0x559a0666ff50;  1 drivers
v0x559a06658560_0 .net "O", 0 0, L_0x559a0666fc50;  1 drivers
v0x559a06658630_0 .net "S", 0 0, v0x559a066704b0_0;  alias, 1 drivers
v0x559a066586d0_0 .net "notS", 0 0, L_0x559a066812a0;  1 drivers
v0x559a066587e0_0 .net "w1", 0 0, L_0x559a0666f9e0;  1 drivers
v0x559a066588a0_0 .net "w2", 0 0, L_0x559a0666fb40;  1 drivers
S_0x559a066589e0 .scope generate, "gen_loop[32]" "gen_loop[32]" 3 10, 3 10 0, S_0x559a066367a0;
 .timescale 0 0;
P_0x559a06658de0 .param/l "ii" 0 3 10, +C4<0100000>;
S_0x559a06658ea0 .scope module, "a" "Mux" 3 12, 4 1 0, S_0x559a066589e0;
 .timescale 0 0;
    .port_info 0 /INPUT 1 "A"
    .port_info 1 /INPUT 1 "B"
    .port_info 2 /INPUT 1 "S"
    .port_info 3 /OUTPUT 1 "O"
L_0x559a06670040/d .functor NOT 1, v0x559a066704b0_0, C4<0>, C4<0>, C4<0>;
L_0x559a06670040 .delay 1 (1,1,1) L_0x559a06670040/d;
L_0x559a06682530/d .functor AND 1, L_0x559a066829b0, L_0x559a06670040, C4<1>, C4<1>;
L_0x559a06682530 .delay 1 (2,2,2) L_0x559a06682530/d;
L_0x559a06682690/d .functor AND 1, L_0x559a06682aa0, v0x559a066704b0_0, C4<1>, C4<1>;
L_0x559a06682690 .delay 1 (2,2,2) L_0x559a06682690/d;
L_0x559a066827a0/d .functor OR 1, L_0x559a06682530, L_0x559a06682690, C4<0>, C4<0>;
L_0x559a066827a0 .delay 1 (2,2,2) L_0x559a066827a0/d;
v0x559a06659100_0 .net "A", 0 0, L_0x559a066829b0;  1 drivers
v0x559a066591e0_0 .net "B", 0 0, L_0x559a06682aa0;  1 drivers
v0x559a066592a0_0 .net "O", 0 0, L_0x559a066827a0;  1 drivers
v0x559a06659370_0 .net "S", 0 0, v0x559a066704b0_0;  alias, 1 drivers
v0x559a06659820_0 .net "notS", 0 0, L_0x559a06670040;  1 drivers
v0x559a06659930_0 .net "w1", 0 0, L_0x559a06682530;  1 drivers
v0x559a066599f0_0 .net "w2", 0 0, L_0x559a06682690;  1 drivers
S_0x559a06659b30 .scope generate, "gen_loop[33]" "gen_loop[33]" 3 10, 3 10 0, S_0x559a066367a0;
 .timescale 0 0;
P_0x559a06659d20 .param/l "ii" 0 3 10, +C4<0100001>;
S_0x559a06659de0 .scope module, "a" "Mux" 3 12, 4 1 0, S_0x559a06659b30;
 .timescale 0 0;
    .port_info 0 /INPUT 1 "A"
    .port_info 1 /INPUT 1 "B"
    .port_info 2 /INPUT 1 "S"
    .port_info 3 /OUTPUT 1 "O"
L_0x559a06682db0/d .functor NOT 1, v0x559a066704b0_0, C4<0>, C4<0>, C4<0>;
L_0x559a06682db0 .delay 1 (1,1,1) L_0x559a06682db0/d;
L_0x559a06682ec0/d .functor AND 1, L_0x559a06683340, L_0x559a06682db0, C4<1>, C4<1>;
L_0x559a06682ec0 .delay 1 (2,2,2) L_0x559a06682ec0/d;
L_0x559a06683020/d .functor AND 1, L_0x559a06683430, v0x559a066704b0_0, C4<1>, C4<1>;
L_0x559a06683020 .delay 1 (2,2,2) L_0x559a06683020/d;
L_0x559a06683130/d .functor OR 1, L_0x559a06682ec0, L_0x559a06683020, C4<0>, C4<0>;
L_0x559a06683130 .delay 1 (2,2,2) L_0x559a06683130/d;
v0x559a0665a040_0 .net "A", 0 0, L_0x559a06683340;  1 drivers
v0x559a0665a120_0 .net "B", 0 0, L_0x559a06683430;  1 drivers
v0x559a0665a1e0_0 .net "O", 0 0, L_0x559a06683130;  1 drivers
v0x559a0665a2b0_0 .net "S", 0 0, v0x559a066704b0_0;  alias, 1 drivers
v0x559a0665a350_0 .net "notS", 0 0, L_0x559a06682db0;  1 drivers
v0x559a0665a460_0 .net "w1", 0 0, L_0x559a06682ec0;  1 drivers
v0x559a0665a520_0 .net "w2", 0 0, L_0x559a06683020;  1 drivers
S_0x559a0665a660 .scope generate, "gen_loop[34]" "gen_loop[34]" 3 10, 3 10 0, S_0x559a066367a0;
 .timescale 0 0;
P_0x559a0665a850 .param/l "ii" 0 3 10, +C4<0100010>;
S_0x559a0665a910 .scope module, "a" "Mux" 3 12, 4 1 0, S_0x559a0665a660;
 .timescale 0 0;
    .port_info 0 /INPUT 1 "A"
    .port_info 1 /INPUT 1 "B"
    .port_info 2 /INPUT 1 "S"
    .port_info 3 /OUTPUT 1 "O"
L_0x559a06683750/d .functor NOT 1, v0x559a066704b0_0, C4<0>, C4<0>, C4<0>;
L_0x559a06683750 .delay 1 (1,1,1) L_0x559a06683750/d;
L_0x559a06683860/d .functor AND 1, L_0x559a06683ce0, L_0x559a06683750, C4<1>, C4<1>;
L_0x559a06683860 .delay 1 (2,2,2) L_0x559a06683860/d;
L_0x559a066839c0/d .functor AND 1, L_0x559a06683dd0, v0x559a066704b0_0, C4<1>, C4<1>;
L_0x559a066839c0 .delay 1 (2,2,2) L_0x559a066839c0/d;
L_0x559a06683ad0/d .functor OR 1, L_0x559a06683860, L_0x559a066839c0, C4<0>, C4<0>;
L_0x559a06683ad0 .delay 1 (2,2,2) L_0x559a06683ad0/d;
v0x559a0665ab70_0 .net "A", 0 0, L_0x559a06683ce0;  1 drivers
v0x559a0665ac50_0 .net "B", 0 0, L_0x559a06683dd0;  1 drivers
v0x559a0665ad10_0 .net "O", 0 0, L_0x559a06683ad0;  1 drivers
v0x559a0665ade0_0 .net "S", 0 0, v0x559a066704b0_0;  alias, 1 drivers
v0x559a0665ae80_0 .net "notS", 0 0, L_0x559a06683750;  1 drivers
v0x559a0665af90_0 .net "w1", 0 0, L_0x559a06683860;  1 drivers
v0x559a0665b050_0 .net "w2", 0 0, L_0x559a066839c0;  1 drivers
S_0x559a0665b190 .scope generate, "gen_loop[35]" "gen_loop[35]" 3 10, 3 10 0, S_0x559a066367a0;
 .timescale 0 0;
P_0x559a0665b380 .param/l "ii" 0 3 10, +C4<0100011>;
S_0x559a0665b440 .scope module, "a" "Mux" 3 12, 4 1 0, S_0x559a0665b190;
 .timescale 0 0;
    .port_info 0 /INPUT 1 "A"
    .port_info 1 /INPUT 1 "B"
    .port_info 2 /INPUT 1 "S"
    .port_info 3 /OUTPUT 1 "O"
L_0x559a06684100/d .functor NOT 1, v0x559a066704b0_0, C4<0>, C4<0>, C4<0>;
L_0x559a06684100 .delay 1 (1,1,1) L_0x559a06684100/d;
L_0x559a06684210/d .functor AND 1, L_0x559a06684690, L_0x559a06684100, C4<1>, C4<1>;
L_0x559a06684210 .delay 1 (2,2,2) L_0x559a06684210/d;
L_0x559a06684370/d .functor AND 1, L_0x559a06684780, v0x559a066704b0_0, C4<1>, C4<1>;
L_0x559a06684370 .delay 1 (2,2,2) L_0x559a06684370/d;
L_0x559a06684480/d .functor OR 1, L_0x559a06684210, L_0x559a06684370, C4<0>, C4<0>;
L_0x559a06684480 .delay 1 (2,2,2) L_0x559a06684480/d;
v0x559a0665b6a0_0 .net "A", 0 0, L_0x559a06684690;  1 drivers
v0x559a0665b780_0 .net "B", 0 0, L_0x559a06684780;  1 drivers
v0x559a0665b840_0 .net "O", 0 0, L_0x559a06684480;  1 drivers
v0x559a0665b910_0 .net "S", 0 0, v0x559a066704b0_0;  alias, 1 drivers
v0x559a0665b9b0_0 .net "notS", 0 0, L_0x559a06684100;  1 drivers
v0x559a0665bac0_0 .net "w1", 0 0, L_0x559a06684210;  1 drivers
v0x559a0665bb80_0 .net "w2", 0 0, L_0x559a06684370;  1 drivers
S_0x559a0665bcc0 .scope generate, "gen_loop[36]" "gen_loop[36]" 3 10, 3 10 0, S_0x559a066367a0;
 .timescale 0 0;
P_0x559a0665beb0 .param/l "ii" 0 3 10, +C4<0100100>;
S_0x559a0665bf70 .scope module, "a" "Mux" 3 12, 4 1 0, S_0x559a0665bcc0;
 .timescale 0 0;
    .port_info 0 /INPUT 1 "A"
    .port_info 1 /INPUT 1 "B"
    .port_info 2 /INPUT 1 "S"
    .port_info 3 /OUTPUT 1 "O"
L_0x559a06684ac0/d .functor NOT 1, v0x559a066704b0_0, C4<0>, C4<0>, C4<0>;
L_0x559a06684ac0 .delay 1 (1,1,1) L_0x559a06684ac0/d;
L_0x559a06684bd0/d .functor AND 1, L_0x559a06685050, L_0x559a06684ac0, C4<1>, C4<1>;
L_0x559a06684bd0 .delay 1 (2,2,2) L_0x559a06684bd0/d;
L_0x559a06684d30/d .functor AND 1, L_0x559a06685140, v0x559a066704b0_0, C4<1>, C4<1>;
L_0x559a06684d30 .delay 1 (2,2,2) L_0x559a06684d30/d;
L_0x559a06684e40/d .functor OR 1, L_0x559a06684bd0, L_0x559a06684d30, C4<0>, C4<0>;
L_0x559a06684e40 .delay 1 (2,2,2) L_0x559a06684e40/d;
v0x559a0665c1d0_0 .net "A", 0 0, L_0x559a06685050;  1 drivers
v0x559a0665c2b0_0 .net "B", 0 0, L_0x559a06685140;  1 drivers
v0x559a0665c370_0 .net "O", 0 0, L_0x559a06684e40;  1 drivers
v0x559a0665c440_0 .net "S", 0 0, v0x559a066704b0_0;  alias, 1 drivers
v0x559a0665c4e0_0 .net "notS", 0 0, L_0x559a06684ac0;  1 drivers
v0x559a0665c5f0_0 .net "w1", 0 0, L_0x559a06684bd0;  1 drivers
v0x559a0665c6b0_0 .net "w2", 0 0, L_0x559a06684d30;  1 drivers
S_0x559a0665c7f0 .scope generate, "gen_loop[37]" "gen_loop[37]" 3 10, 3 10 0, S_0x559a066367a0;
 .timescale 0 0;
P_0x559a0665c9e0 .param/l "ii" 0 3 10, +C4<0100101>;
S_0x559a0665caa0 .scope module, "a" "Mux" 3 12, 4 1 0, S_0x559a0665c7f0;
 .timescale 0 0;
    .port_info 0 /INPUT 1 "A"
    .port_info 1 /INPUT 1 "B"
    .port_info 2 /INPUT 1 "S"
    .port_info 3 /OUTPUT 1 "O"
L_0x559a06685490/d .functor NOT 1, v0x559a066704b0_0, C4<0>, C4<0>, C4<0>;
L_0x559a06685490 .delay 1 (1,1,1) L_0x559a06685490/d;
L_0x559a066855a0/d .functor AND 1, L_0x559a06685a20, L_0x559a06685490, C4<1>, C4<1>;
L_0x559a066855a0 .delay 1 (2,2,2) L_0x559a066855a0/d;
L_0x559a06685700/d .functor AND 1, L_0x559a06685b10, v0x559a066704b0_0, C4<1>, C4<1>;
L_0x559a06685700 .delay 1 (2,2,2) L_0x559a06685700/d;
L_0x559a06685810/d .functor OR 1, L_0x559a066855a0, L_0x559a06685700, C4<0>, C4<0>;
L_0x559a06685810 .delay 1 (2,2,2) L_0x559a06685810/d;
v0x559a0665cd00_0 .net "A", 0 0, L_0x559a06685a20;  1 drivers
v0x559a0665cde0_0 .net "B", 0 0, L_0x559a06685b10;  1 drivers
v0x559a0665cea0_0 .net "O", 0 0, L_0x559a06685810;  1 drivers
v0x559a0665cf70_0 .net "S", 0 0, v0x559a066704b0_0;  alias, 1 drivers
v0x559a0665d010_0 .net "notS", 0 0, L_0x559a06685490;  1 drivers
v0x559a0665d120_0 .net "w1", 0 0, L_0x559a066855a0;  1 drivers
v0x559a0665d1e0_0 .net "w2", 0 0, L_0x559a06685700;  1 drivers
S_0x559a0665d320 .scope generate, "gen_loop[38]" "gen_loop[38]" 3 10, 3 10 0, S_0x559a066367a0;
 .timescale 0 0;
P_0x559a0665d510 .param/l "ii" 0 3 10, +C4<0100110>;
S_0x559a0665d5d0 .scope module, "a" "Mux" 3 12, 4 1 0, S_0x559a0665d320;
 .timescale 0 0;
    .port_info 0 /INPUT 1 "A"
    .port_info 1 /INPUT 1 "B"
    .port_info 2 /INPUT 1 "S"
    .port_info 3 /OUTPUT 1 "O"
L_0x559a06685e70/d .functor NOT 1, v0x559a066704b0_0, C4<0>, C4<0>, C4<0>;
L_0x559a06685e70 .delay 1 (1,1,1) L_0x559a06685e70/d;
L_0x559a06685f80/d .functor AND 1, L_0x559a06686400, L_0x559a06685e70, C4<1>, C4<1>;
L_0x559a06685f80 .delay 1 (2,2,2) L_0x559a06685f80/d;
L_0x559a066860e0/d .functor AND 1, L_0x559a066864f0, v0x559a066704b0_0, C4<1>, C4<1>;
L_0x559a066860e0 .delay 1 (2,2,2) L_0x559a066860e0/d;
L_0x559a066861f0/d .functor OR 1, L_0x559a06685f80, L_0x559a066860e0, C4<0>, C4<0>;
L_0x559a066861f0 .delay 1 (2,2,2) L_0x559a066861f0/d;
v0x559a0665d830_0 .net "A", 0 0, L_0x559a06686400;  1 drivers
v0x559a0665d910_0 .net "B", 0 0, L_0x559a066864f0;  1 drivers
v0x559a0665d9d0_0 .net "O", 0 0, L_0x559a066861f0;  1 drivers
v0x559a0665daa0_0 .net "S", 0 0, v0x559a066704b0_0;  alias, 1 drivers
v0x559a0665db40_0 .net "notS", 0 0, L_0x559a06685e70;  1 drivers
v0x559a0665dc50_0 .net "w1", 0 0, L_0x559a06685f80;  1 drivers
v0x559a0665dd10_0 .net "w2", 0 0, L_0x559a066860e0;  1 drivers
S_0x559a0665de50 .scope generate, "gen_loop[39]" "gen_loop[39]" 3 10, 3 10 0, S_0x559a066367a0;
 .timescale 0 0;
P_0x559a0665e040 .param/l "ii" 0 3 10, +C4<0100111>;
S_0x559a0665e100 .scope module, "a" "Mux" 3 12, 4 1 0, S_0x559a0665de50;
 .timescale 0 0;
    .port_info 0 /INPUT 1 "A"
    .port_info 1 /INPUT 1 "B"
    .port_info 2 /INPUT 1 "S"
    .port_info 3 /OUTPUT 1 "O"
L_0x559a06686860/d .functor NOT 1, v0x559a066704b0_0, C4<0>, C4<0>, C4<0>;
L_0x559a06686860 .delay 1 (1,1,1) L_0x559a06686860/d;
L_0x559a06686970/d .functor AND 1, L_0x559a06686df0, L_0x559a06686860, C4<1>, C4<1>;
L_0x559a06686970 .delay 1 (2,2,2) L_0x559a06686970/d;
L_0x559a06686ad0/d .functor AND 1, L_0x559a06686ee0, v0x559a066704b0_0, C4<1>, C4<1>;
L_0x559a06686ad0 .delay 1 (2,2,2) L_0x559a06686ad0/d;
L_0x559a06686be0/d .functor OR 1, L_0x559a06686970, L_0x559a06686ad0, C4<0>, C4<0>;
L_0x559a06686be0 .delay 1 (2,2,2) L_0x559a06686be0/d;
v0x559a0665e360_0 .net "A", 0 0, L_0x559a06686df0;  1 drivers
v0x559a0665e440_0 .net "B", 0 0, L_0x559a06686ee0;  1 drivers
v0x559a0665e500_0 .net "O", 0 0, L_0x559a06686be0;  1 drivers
v0x559a0665e5d0_0 .net "S", 0 0, v0x559a066704b0_0;  alias, 1 drivers
v0x559a0665e670_0 .net "notS", 0 0, L_0x559a06686860;  1 drivers
v0x559a0665e780_0 .net "w1", 0 0, L_0x559a06686970;  1 drivers
v0x559a0665e840_0 .net "w2", 0 0, L_0x559a06686ad0;  1 drivers
S_0x559a0665e980 .scope generate, "gen_loop[40]" "gen_loop[40]" 3 10, 3 10 0, S_0x559a066367a0;
 .timescale 0 0;
P_0x559a0665eb70 .param/l "ii" 0 3 10, +C4<0101000>;
S_0x559a0665ec30 .scope module, "a" "Mux" 3 12, 4 1 0, S_0x559a0665e980;
 .timescale 0 0;
    .port_info 0 /INPUT 1 "A"
    .port_info 1 /INPUT 1 "B"
    .port_info 2 /INPUT 1 "S"
    .port_info 3 /OUTPUT 1 "O"
L_0x559a06687260/d .functor NOT 1, v0x559a066704b0_0, C4<0>, C4<0>, C4<0>;
L_0x559a06687260 .delay 1 (1,1,1) L_0x559a06687260/d;
L_0x559a06687370/d .functor AND 1, L_0x559a066877f0, L_0x559a06687260, C4<1>, C4<1>;
L_0x559a06687370 .delay 1 (2,2,2) L_0x559a06687370/d;
L_0x559a066874d0/d .functor AND 1, L_0x559a066878e0, v0x559a066704b0_0, C4<1>, C4<1>;
L_0x559a066874d0 .delay 1 (2,2,2) L_0x559a066874d0/d;
L_0x559a066875e0/d .functor OR 1, L_0x559a06687370, L_0x559a066874d0, C4<0>, C4<0>;
L_0x559a066875e0 .delay 1 (2,2,2) L_0x559a066875e0/d;
v0x559a0665ee90_0 .net "A", 0 0, L_0x559a066877f0;  1 drivers
v0x559a0665ef70_0 .net "B", 0 0, L_0x559a066878e0;  1 drivers
v0x559a0665f030_0 .net "O", 0 0, L_0x559a066875e0;  1 drivers
v0x559a0665f100_0 .net "S", 0 0, v0x559a066704b0_0;  alias, 1 drivers
v0x559a0665f1a0_0 .net "notS", 0 0, L_0x559a06687260;  1 drivers
v0x559a0665f2b0_0 .net "w1", 0 0, L_0x559a06687370;  1 drivers
v0x559a0665f370_0 .net "w2", 0 0, L_0x559a066874d0;  1 drivers
S_0x559a0665f4b0 .scope generate, "gen_loop[41]" "gen_loop[41]" 3 10, 3 10 0, S_0x559a066367a0;
 .timescale 0 0;
P_0x559a0665f6a0 .param/l "ii" 0 3 10, +C4<0101001>;
S_0x559a0665f760 .scope module, "a" "Mux" 3 12, 4 1 0, S_0x559a0665f4b0;
 .timescale 0 0;
    .port_info 0 /INPUT 1 "A"
    .port_info 1 /INPUT 1 "B"
    .port_info 2 /INPUT 1 "S"
    .port_info 3 /OUTPUT 1 "O"
L_0x559a06687c70/d .functor NOT 1, v0x559a066704b0_0, C4<0>, C4<0>, C4<0>;
L_0x559a06687c70 .delay 1 (1,1,1) L_0x559a06687c70/d;
L_0x559a06687d80/d .functor AND 1, L_0x559a06688200, L_0x559a06687c70, C4<1>, C4<1>;
L_0x559a06687d80 .delay 1 (2,2,2) L_0x559a06687d80/d;
L_0x559a06687ee0/d .functor AND 1, L_0x559a066882f0, v0x559a066704b0_0, C4<1>, C4<1>;
L_0x559a06687ee0 .delay 1 (2,2,2) L_0x559a06687ee0/d;
L_0x559a06687ff0/d .functor OR 1, L_0x559a06687d80, L_0x559a06687ee0, C4<0>, C4<0>;
L_0x559a06687ff0 .delay 1 (2,2,2) L_0x559a06687ff0/d;
v0x559a0665f9c0_0 .net "A", 0 0, L_0x559a06688200;  1 drivers
v0x559a0665faa0_0 .net "B", 0 0, L_0x559a066882f0;  1 drivers
v0x559a0665fb60_0 .net "O", 0 0, L_0x559a06687ff0;  1 drivers
v0x559a0665fc30_0 .net "S", 0 0, v0x559a066704b0_0;  alias, 1 drivers
v0x559a0665fcd0_0 .net "notS", 0 0, L_0x559a06687c70;  1 drivers
v0x559a0665fde0_0 .net "w1", 0 0, L_0x559a06687d80;  1 drivers
v0x559a0665fea0_0 .net "w2", 0 0, L_0x559a06687ee0;  1 drivers
S_0x559a0665ffe0 .scope generate, "gen_loop[42]" "gen_loop[42]" 3 10, 3 10 0, S_0x559a066367a0;
 .timescale 0 0;
P_0x559a066601d0 .param/l "ii" 0 3 10, +C4<0101010>;
S_0x559a06660290 .scope module, "a" "Mux" 3 12, 4 1 0, S_0x559a0665ffe0;
 .timescale 0 0;
    .port_info 0 /INPUT 1 "A"
    .port_info 1 /INPUT 1 "B"
    .port_info 2 /INPUT 1 "S"
    .port_info 3 /OUTPUT 1 "O"
L_0x559a06688690/d .functor NOT 1, v0x559a066704b0_0, C4<0>, C4<0>, C4<0>;
L_0x559a06688690 .delay 1 (1,1,1) L_0x559a06688690/d;
L_0x559a066887a0/d .functor AND 1, L_0x559a06688c20, L_0x559a06688690, C4<1>, C4<1>;
L_0x559a066887a0 .delay 1 (2,2,2) L_0x559a066887a0/d;
L_0x559a06688900/d .functor AND 1, L_0x559a06688d10, v0x559a066704b0_0, C4<1>, C4<1>;
L_0x559a06688900 .delay 1 (2,2,2) L_0x559a06688900/d;
L_0x559a06688a10/d .functor OR 1, L_0x559a066887a0, L_0x559a06688900, C4<0>, C4<0>;
L_0x559a06688a10 .delay 1 (2,2,2) L_0x559a06688a10/d;
v0x559a066604f0_0 .net "A", 0 0, L_0x559a06688c20;  1 drivers
v0x559a066605d0_0 .net "B", 0 0, L_0x559a06688d10;  1 drivers
v0x559a06660690_0 .net "O", 0 0, L_0x559a06688a10;  1 drivers
v0x559a06660760_0 .net "S", 0 0, v0x559a066704b0_0;  alias, 1 drivers
v0x559a06660800_0 .net "notS", 0 0, L_0x559a06688690;  1 drivers
v0x559a06660910_0 .net "w1", 0 0, L_0x559a066887a0;  1 drivers
v0x559a066609d0_0 .net "w2", 0 0, L_0x559a06688900;  1 drivers
S_0x559a06660b10 .scope generate, "gen_loop[43]" "gen_loop[43]" 3 10, 3 10 0, S_0x559a066367a0;
 .timescale 0 0;
P_0x559a06660d00 .param/l "ii" 0 3 10, +C4<0101011>;
S_0x559a06660dc0 .scope module, "a" "Mux" 3 12, 4 1 0, S_0x559a06660b10;
 .timescale 0 0;
    .port_info 0 /INPUT 1 "A"
    .port_info 1 /INPUT 1 "B"
    .port_info 2 /INPUT 1 "S"
    .port_info 3 /OUTPUT 1 "O"
L_0x559a066890c0/d .functor NOT 1, v0x559a066704b0_0, C4<0>, C4<0>, C4<0>;
L_0x559a066890c0 .delay 1 (1,1,1) L_0x559a066890c0/d;
L_0x559a066891d0/d .functor AND 1, L_0x559a06689650, L_0x559a066890c0, C4<1>, C4<1>;
L_0x559a066891d0 .delay 1 (2,2,2) L_0x559a066891d0/d;
L_0x559a06689330/d .functor AND 1, L_0x559a06689740, v0x559a066704b0_0, C4<1>, C4<1>;
L_0x559a06689330 .delay 1 (2,2,2) L_0x559a06689330/d;
L_0x559a06689440/d .functor OR 1, L_0x559a066891d0, L_0x559a06689330, C4<0>, C4<0>;
L_0x559a06689440 .delay 1 (2,2,2) L_0x559a06689440/d;
v0x559a06661020_0 .net "A", 0 0, L_0x559a06689650;  1 drivers
v0x559a06661100_0 .net "B", 0 0, L_0x559a06689740;  1 drivers
v0x559a066611c0_0 .net "O", 0 0, L_0x559a06689440;  1 drivers
v0x559a06661290_0 .net "S", 0 0, v0x559a066704b0_0;  alias, 1 drivers
v0x559a06661330_0 .net "notS", 0 0, L_0x559a066890c0;  1 drivers
v0x559a06661440_0 .net "w1", 0 0, L_0x559a066891d0;  1 drivers
v0x559a06661500_0 .net "w2", 0 0, L_0x559a06689330;  1 drivers
S_0x559a06661640 .scope generate, "gen_loop[44]" "gen_loop[44]" 3 10, 3 10 0, S_0x559a066367a0;
 .timescale 0 0;
P_0x559a06661830 .param/l "ii" 0 3 10, +C4<0101100>;
S_0x559a066618f0 .scope module, "a" "Mux" 3 12, 4 1 0, S_0x559a06661640;
 .timescale 0 0;
    .port_info 0 /INPUT 1 "A"
    .port_info 1 /INPUT 1 "B"
    .port_info 2 /INPUT 1 "S"
    .port_info 3 /OUTPUT 1 "O"
L_0x559a06689b00/d .functor NOT 1, v0x559a066704b0_0, C4<0>, C4<0>, C4<0>;
L_0x559a06689b00 .delay 1 (1,1,1) L_0x559a06689b00/d;
L_0x559a06689c10/d .functor AND 1, L_0x559a0668a090, L_0x559a06689b00, C4<1>, C4<1>;
L_0x559a06689c10 .delay 1 (2,2,2) L_0x559a06689c10/d;
L_0x559a06689d70/d .functor AND 1, L_0x559a0668a180, v0x559a066704b0_0, C4<1>, C4<1>;
L_0x559a06689d70 .delay 1 (2,2,2) L_0x559a06689d70/d;
L_0x559a06689e80/d .functor OR 1, L_0x559a06689c10, L_0x559a06689d70, C4<0>, C4<0>;
L_0x559a06689e80 .delay 1 (2,2,2) L_0x559a06689e80/d;
v0x559a06661b50_0 .net "A", 0 0, L_0x559a0668a090;  1 drivers
v0x559a06661c30_0 .net "B", 0 0, L_0x559a0668a180;  1 drivers
v0x559a06661cf0_0 .net "O", 0 0, L_0x559a06689e80;  1 drivers
v0x559a06661dc0_0 .net "S", 0 0, v0x559a066704b0_0;  alias, 1 drivers
v0x559a06661e60_0 .net "notS", 0 0, L_0x559a06689b00;  1 drivers
v0x559a06661f70_0 .net "w1", 0 0, L_0x559a06689c10;  1 drivers
v0x559a06662030_0 .net "w2", 0 0, L_0x559a06689d70;  1 drivers
S_0x559a06662170 .scope generate, "gen_loop[45]" "gen_loop[45]" 3 10, 3 10 0, S_0x559a066367a0;
 .timescale 0 0;
P_0x559a06662360 .param/l "ii" 0 3 10, +C4<0101101>;
S_0x559a06662420 .scope module, "a" "Mux" 3 12, 4 1 0, S_0x559a06662170;
 .timescale 0 0;
    .port_info 0 /INPUT 1 "A"
    .port_info 1 /INPUT 1 "B"
    .port_info 2 /INPUT 1 "S"
    .port_info 3 /OUTPUT 1 "O"
L_0x559a0668a550/d .functor NOT 1, v0x559a066704b0_0, C4<0>, C4<0>, C4<0>;
L_0x559a0668a550 .delay 1 (1,1,1) L_0x559a0668a550/d;
L_0x559a0668a660/d .functor AND 1, L_0x559a0668aae0, L_0x559a0668a550, C4<1>, C4<1>;
L_0x559a0668a660 .delay 1 (2,2,2) L_0x559a0668a660/d;
L_0x559a0668a7c0/d .functor AND 1, L_0x559a0668abd0, v0x559a066704b0_0, C4<1>, C4<1>;
L_0x559a0668a7c0 .delay 1 (2,2,2) L_0x559a0668a7c0/d;
L_0x559a0668a8d0/d .functor OR 1, L_0x559a0668a660, L_0x559a0668a7c0, C4<0>, C4<0>;
L_0x559a0668a8d0 .delay 1 (2,2,2) L_0x559a0668a8d0/d;
v0x559a06662680_0 .net "A", 0 0, L_0x559a0668aae0;  1 drivers
v0x559a06662760_0 .net "B", 0 0, L_0x559a0668abd0;  1 drivers
v0x559a06662820_0 .net "O", 0 0, L_0x559a0668a8d0;  1 drivers
v0x559a066628f0_0 .net "S", 0 0, v0x559a066704b0_0;  alias, 1 drivers
v0x559a06662990_0 .net "notS", 0 0, L_0x559a0668a550;  1 drivers
v0x559a06662aa0_0 .net "w1", 0 0, L_0x559a0668a660;  1 drivers
v0x559a06662b60_0 .net "w2", 0 0, L_0x559a0668a7c0;  1 drivers
S_0x559a06662ca0 .scope generate, "gen_loop[46]" "gen_loop[46]" 3 10, 3 10 0, S_0x559a066367a0;
 .timescale 0 0;
P_0x559a06662e90 .param/l "ii" 0 3 10, +C4<0101110>;
S_0x559a06662f50 .scope module, "a" "Mux" 3 12, 4 1 0, S_0x559a06662ca0;
 .timescale 0 0;
    .port_info 0 /INPUT 1 "A"
    .port_info 1 /INPUT 1 "B"
    .port_info 2 /INPUT 1 "S"
    .port_info 3 /OUTPUT 1 "O"
L_0x559a0668afb0/d .functor NOT 1, v0x559a066704b0_0, C4<0>, C4<0>, C4<0>;
L_0x559a0668afb0 .delay 1 (1,1,1) L_0x559a0668afb0/d;
L_0x559a0668b0c0/d .functor AND 1, L_0x559a0668b540, L_0x559a0668afb0, C4<1>, C4<1>;
L_0x559a0668b0c0 .delay 1 (2,2,2) L_0x559a0668b0c0/d;
L_0x559a0668b220/d .functor AND 1, L_0x559a0668b630, v0x559a066704b0_0, C4<1>, C4<1>;
L_0x559a0668b220 .delay 1 (2,2,2) L_0x559a0668b220/d;
L_0x559a0668b330/d .functor OR 1, L_0x559a0668b0c0, L_0x559a0668b220, C4<0>, C4<0>;
L_0x559a0668b330 .delay 1 (2,2,2) L_0x559a0668b330/d;
v0x559a066631b0_0 .net "A", 0 0, L_0x559a0668b540;  1 drivers
v0x559a06663290_0 .net "B", 0 0, L_0x559a0668b630;  1 drivers
v0x559a06663350_0 .net "O", 0 0, L_0x559a0668b330;  1 drivers
v0x559a06663420_0 .net "S", 0 0, v0x559a066704b0_0;  alias, 1 drivers
v0x559a066634c0_0 .net "notS", 0 0, L_0x559a0668afb0;  1 drivers
v0x559a066635d0_0 .net "w1", 0 0, L_0x559a0668b0c0;  1 drivers
v0x559a06663690_0 .net "w2", 0 0, L_0x559a0668b220;  1 drivers
S_0x559a066637d0 .scope generate, "gen_loop[47]" "gen_loop[47]" 3 10, 3 10 0, S_0x559a066367a0;
 .timescale 0 0;
P_0x559a066639c0 .param/l "ii" 0 3 10, +C4<0101111>;
S_0x559a06663a80 .scope module, "a" "Mux" 3 12, 4 1 0, S_0x559a066637d0;
 .timescale 0 0;
    .port_info 0 /INPUT 1 "A"
    .port_info 1 /INPUT 1 "B"
    .port_info 2 /INPUT 1 "S"
    .port_info 3 /OUTPUT 1 "O"
L_0x559a0668ba20/d .functor NOT 1, v0x559a066704b0_0, C4<0>, C4<0>, C4<0>;
L_0x559a0668ba20 .delay 1 (1,1,1) L_0x559a0668ba20/d;
L_0x559a0668bb30/d .functor AND 1, L_0x559a0668bfb0, L_0x559a0668ba20, C4<1>, C4<1>;
L_0x559a0668bb30 .delay 1 (2,2,2) L_0x559a0668bb30/d;
L_0x559a0668bc90/d .functor AND 1, L_0x559a0668c0a0, v0x559a066704b0_0, C4<1>, C4<1>;
L_0x559a0668bc90 .delay 1 (2,2,2) L_0x559a0668bc90/d;
L_0x559a0668bda0/d .functor OR 1, L_0x559a0668bb30, L_0x559a0668bc90, C4<0>, C4<0>;
L_0x559a0668bda0 .delay 1 (2,2,2) L_0x559a0668bda0/d;
v0x559a06663ce0_0 .net "A", 0 0, L_0x559a0668bfb0;  1 drivers
v0x559a06663dc0_0 .net "B", 0 0, L_0x559a0668c0a0;  1 drivers
v0x559a06663e80_0 .net "O", 0 0, L_0x559a0668bda0;  1 drivers
v0x559a06663f50_0 .net "S", 0 0, v0x559a066704b0_0;  alias, 1 drivers
v0x559a06663ff0_0 .net "notS", 0 0, L_0x559a0668ba20;  1 drivers
v0x559a06664100_0 .net "w1", 0 0, L_0x559a0668bb30;  1 drivers
v0x559a066641c0_0 .net "w2", 0 0, L_0x559a0668bc90;  1 drivers
S_0x559a06664300 .scope generate, "gen_loop[48]" "gen_loop[48]" 3 10, 3 10 0, S_0x559a066367a0;
 .timescale 0 0;
P_0x559a066644f0 .param/l "ii" 0 3 10, +C4<0110000>;
S_0x559a066645b0 .scope module, "a" "Mux" 3 12, 4 1 0, S_0x559a06664300;
 .timescale 0 0;
    .port_info 0 /INPUT 1 "A"
    .port_info 1 /INPUT 1 "B"
    .port_info 2 /INPUT 1 "S"
    .port_info 3 /OUTPUT 1 "O"
L_0x559a0668c4a0/d .functor NOT 1, v0x559a066704b0_0, C4<0>, C4<0>, C4<0>;
L_0x559a0668c4a0 .delay 1 (1,1,1) L_0x559a0668c4a0/d;
L_0x559a0668c5b0/d .functor AND 1, L_0x559a0668ca30, L_0x559a0668c4a0, C4<1>, C4<1>;
L_0x559a0668c5b0 .delay 1 (2,2,2) L_0x559a0668c5b0/d;
L_0x559a0668c710/d .functor AND 1, L_0x559a0668cb20, v0x559a066704b0_0, C4<1>, C4<1>;
L_0x559a0668c710 .delay 1 (2,2,2) L_0x559a0668c710/d;
L_0x559a0668c820/d .functor OR 1, L_0x559a0668c5b0, L_0x559a0668c710, C4<0>, C4<0>;
L_0x559a0668c820 .delay 1 (2,2,2) L_0x559a0668c820/d;
v0x559a06664810_0 .net "A", 0 0, L_0x559a0668ca30;  1 drivers
v0x559a066648f0_0 .net "B", 0 0, L_0x559a0668cb20;  1 drivers
v0x559a066649b0_0 .net "O", 0 0, L_0x559a0668c820;  1 drivers
v0x559a06664a80_0 .net "S", 0 0, v0x559a066704b0_0;  alias, 1 drivers
v0x559a06664b20_0 .net "notS", 0 0, L_0x559a0668c4a0;  1 drivers
v0x559a06664c30_0 .net "w1", 0 0, L_0x559a0668c5b0;  1 drivers
v0x559a06664cf0_0 .net "w2", 0 0, L_0x559a0668c710;  1 drivers
S_0x559a06664e30 .scope generate, "gen_loop[49]" "gen_loop[49]" 3 10, 3 10 0, S_0x559a066367a0;
 .timescale 0 0;
P_0x559a06665020 .param/l "ii" 0 3 10, +C4<0110001>;
S_0x559a066650e0 .scope module, "a" "Mux" 3 12, 4 1 0, S_0x559a06664e30;
 .timescale 0 0;
    .port_info 0 /INPUT 1 "A"
    .port_info 1 /INPUT 1 "B"
    .port_info 2 /INPUT 1 "S"
    .port_info 3 /OUTPUT 1 "O"
L_0x559a0668cf30/d .functor NOT 1, v0x559a066704b0_0, C4<0>, C4<0>, C4<0>;
L_0x559a0668cf30 .delay 1 (1,1,1) L_0x559a0668cf30/d;
L_0x559a0668d040/d .functor AND 1, L_0x559a0668d4c0, L_0x559a0668cf30, C4<1>, C4<1>;
L_0x559a0668d040 .delay 1 (2,2,2) L_0x559a0668d040/d;
L_0x559a0668d1a0/d .functor AND 1, L_0x559a0668d5b0, v0x559a066704b0_0, C4<1>, C4<1>;
L_0x559a0668d1a0 .delay 1 (2,2,2) L_0x559a0668d1a0/d;
L_0x559a0668d2b0/d .functor OR 1, L_0x559a0668d040, L_0x559a0668d1a0, C4<0>, C4<0>;
L_0x559a0668d2b0 .delay 1 (2,2,2) L_0x559a0668d2b0/d;
v0x559a06665340_0 .net "A", 0 0, L_0x559a0668d4c0;  1 drivers
v0x559a06665420_0 .net "B", 0 0, L_0x559a0668d5b0;  1 drivers
v0x559a066654e0_0 .net "O", 0 0, L_0x559a0668d2b0;  1 drivers
v0x559a066655b0_0 .net "S", 0 0, v0x559a066704b0_0;  alias, 1 drivers
v0x559a06665650_0 .net "notS", 0 0, L_0x559a0668cf30;  1 drivers
v0x559a06665760_0 .net "w1", 0 0, L_0x559a0668d040;  1 drivers
v0x559a06665820_0 .net "w2", 0 0, L_0x559a0668d1a0;  1 drivers
S_0x559a06665960 .scope generate, "gen_loop[50]" "gen_loop[50]" 3 10, 3 10 0, S_0x559a066367a0;
 .timescale 0 0;
P_0x559a06665b50 .param/l "ii" 0 3 10, +C4<0110010>;
S_0x559a06665c10 .scope module, "a" "Mux" 3 12, 4 1 0, S_0x559a06665960;
 .timescale 0 0;
    .port_info 0 /INPUT 1 "A"
    .port_info 1 /INPUT 1 "B"
    .port_info 2 /INPUT 1 "S"
    .port_info 3 /OUTPUT 1 "O"
L_0x559a0668d9d0/d .functor NOT 1, v0x559a066704b0_0, C4<0>, C4<0>, C4<0>;
L_0x559a0668d9d0 .delay 1 (1,1,1) L_0x559a0668d9d0/d;
L_0x559a0668dae0/d .functor AND 1, L_0x559a0668df60, L_0x559a0668d9d0, C4<1>, C4<1>;
L_0x559a0668dae0 .delay 1 (2,2,2) L_0x559a0668dae0/d;
L_0x559a0668dc40/d .functor AND 1, L_0x559a0668e050, v0x559a066704b0_0, C4<1>, C4<1>;
L_0x559a0668dc40 .delay 1 (2,2,2) L_0x559a0668dc40/d;
L_0x559a0668dd50/d .functor OR 1, L_0x559a0668dae0, L_0x559a0668dc40, C4<0>, C4<0>;
L_0x559a0668dd50 .delay 1 (2,2,2) L_0x559a0668dd50/d;
v0x559a06665e70_0 .net "A", 0 0, L_0x559a0668df60;  1 drivers
v0x559a06665f50_0 .net "B", 0 0, L_0x559a0668e050;  1 drivers
v0x559a06666010_0 .net "O", 0 0, L_0x559a0668dd50;  1 drivers
v0x559a066660e0_0 .net "S", 0 0, v0x559a066704b0_0;  alias, 1 drivers
v0x559a06666180_0 .net "notS", 0 0, L_0x559a0668d9d0;  1 drivers
v0x559a06666290_0 .net "w1", 0 0, L_0x559a0668dae0;  1 drivers
v0x559a06666350_0 .net "w2", 0 0, L_0x559a0668dc40;  1 drivers
S_0x559a06666490 .scope generate, "gen_loop[51]" "gen_loop[51]" 3 10, 3 10 0, S_0x559a066367a0;
 .timescale 0 0;
P_0x559a06666680 .param/l "ii" 0 3 10, +C4<0110011>;
S_0x559a06666740 .scope module, "a" "Mux" 3 12, 4 1 0, S_0x559a06666490;
 .timescale 0 0;
    .port_info 0 /INPUT 1 "A"
    .port_info 1 /INPUT 1 "B"
    .port_info 2 /INPUT 1 "S"
    .port_info 3 /OUTPUT 1 "O"
L_0x559a0668e480/d .functor NOT 1, v0x559a066704b0_0, C4<0>, C4<0>, C4<0>;
L_0x559a0668e480 .delay 1 (1,1,1) L_0x559a0668e480/d;
L_0x559a0668e590/d .functor AND 1, L_0x559a0668ea10, L_0x559a0668e480, C4<1>, C4<1>;
L_0x559a0668e590 .delay 1 (2,2,2) L_0x559a0668e590/d;
L_0x559a0668e6f0/d .functor AND 1, L_0x559a0668eb00, v0x559a066704b0_0, C4<1>, C4<1>;
L_0x559a0668e6f0 .delay 1 (2,2,2) L_0x559a0668e6f0/d;
L_0x559a0668e800/d .functor OR 1, L_0x559a0668e590, L_0x559a0668e6f0, C4<0>, C4<0>;
L_0x559a0668e800 .delay 1 (2,2,2) L_0x559a0668e800/d;
v0x559a066669a0_0 .net "A", 0 0, L_0x559a0668ea10;  1 drivers
v0x559a06666a80_0 .net "B", 0 0, L_0x559a0668eb00;  1 drivers
v0x559a06666b40_0 .net "O", 0 0, L_0x559a0668e800;  1 drivers
v0x559a06666c10_0 .net "S", 0 0, v0x559a066704b0_0;  alias, 1 drivers
v0x559a06666cb0_0 .net "notS", 0 0, L_0x559a0668e480;  1 drivers
v0x559a06666dc0_0 .net "w1", 0 0, L_0x559a0668e590;  1 drivers
v0x559a06666e80_0 .net "w2", 0 0, L_0x559a0668e6f0;  1 drivers
S_0x559a06666fc0 .scope generate, "gen_loop[52]" "gen_loop[52]" 3 10, 3 10 0, S_0x559a066367a0;
 .timescale 0 0;
P_0x559a066671b0 .param/l "ii" 0 3 10, +C4<0110100>;
S_0x559a06667270 .scope module, "a" "Mux" 3 12, 4 1 0, S_0x559a06666fc0;
 .timescale 0 0;
    .port_info 0 /INPUT 1 "A"
    .port_info 1 /INPUT 1 "B"
    .port_info 2 /INPUT 1 "S"
    .port_info 3 /OUTPUT 1 "O"
L_0x559a0668ef40/d .functor NOT 1, v0x559a066704b0_0, C4<0>, C4<0>, C4<0>;
L_0x559a0668ef40 .delay 1 (1,1,1) L_0x559a0668ef40/d;
L_0x559a0668f050/d .functor AND 1, L_0x559a0668f4d0, L_0x559a0668ef40, C4<1>, C4<1>;
L_0x559a0668f050 .delay 1 (2,2,2) L_0x559a0668f050/d;
L_0x559a0668f1b0/d .functor AND 1, L_0x559a0668f5c0, v0x559a066704b0_0, C4<1>, C4<1>;
L_0x559a0668f1b0 .delay 1 (2,2,2) L_0x559a0668f1b0/d;
L_0x559a0668f2c0/d .functor OR 1, L_0x559a0668f050, L_0x559a0668f1b0, C4<0>, C4<0>;
L_0x559a0668f2c0 .delay 1 (2,2,2) L_0x559a0668f2c0/d;
v0x559a066674d0_0 .net "A", 0 0, L_0x559a0668f4d0;  1 drivers
v0x559a066675b0_0 .net "B", 0 0, L_0x559a0668f5c0;  1 drivers
v0x559a06667670_0 .net "O", 0 0, L_0x559a0668f2c0;  1 drivers
v0x559a06667740_0 .net "S", 0 0, v0x559a066704b0_0;  alias, 1 drivers
v0x559a066677e0_0 .net "notS", 0 0, L_0x559a0668ef40;  1 drivers
v0x559a066678f0_0 .net "w1", 0 0, L_0x559a0668f050;  1 drivers
v0x559a066679b0_0 .net "w2", 0 0, L_0x559a0668f1b0;  1 drivers
S_0x559a06667af0 .scope generate, "gen_loop[53]" "gen_loop[53]" 3 10, 3 10 0, S_0x559a066367a0;
 .timescale 0 0;
P_0x559a06667ce0 .param/l "ii" 0 3 10, +C4<0110101>;
S_0x559a06667da0 .scope module, "a" "Mux" 3 12, 4 1 0, S_0x559a06667af0;
 .timescale 0 0;
    .port_info 0 /INPUT 1 "A"
    .port_info 1 /INPUT 1 "B"
    .port_info 2 /INPUT 1 "S"
    .port_info 3 /OUTPUT 1 "O"
L_0x559a0668fa10/d .functor NOT 1, v0x559a066704b0_0, C4<0>, C4<0>, C4<0>;
L_0x559a0668fa10 .delay 1 (1,1,1) L_0x559a0668fa10/d;
L_0x559a0668fb20/d .functor AND 1, L_0x559a0668ffa0, L_0x559a0668fa10, C4<1>, C4<1>;
L_0x559a0668fb20 .delay 1 (2,2,2) L_0x559a0668fb20/d;
L_0x559a0668fc80/d .functor AND 1, L_0x559a06690090, v0x559a066704b0_0, C4<1>, C4<1>;
L_0x559a0668fc80 .delay 1 (2,2,2) L_0x559a0668fc80/d;
L_0x559a0668fd90/d .functor OR 1, L_0x559a0668fb20, L_0x559a0668fc80, C4<0>, C4<0>;
L_0x559a0668fd90 .delay 1 (2,2,2) L_0x559a0668fd90/d;
v0x559a06668000_0 .net "A", 0 0, L_0x559a0668ffa0;  1 drivers
v0x559a066680e0_0 .net "B", 0 0, L_0x559a06690090;  1 drivers
v0x559a066681a0_0 .net "O", 0 0, L_0x559a0668fd90;  1 drivers
v0x559a06668270_0 .net "S", 0 0, v0x559a066704b0_0;  alias, 1 drivers
v0x559a06668310_0 .net "notS", 0 0, L_0x559a0668fa10;  1 drivers
v0x559a06668420_0 .net "w1", 0 0, L_0x559a0668fb20;  1 drivers
v0x559a066684e0_0 .net "w2", 0 0, L_0x559a0668fc80;  1 drivers
S_0x559a06668620 .scope generate, "gen_loop[54]" "gen_loop[54]" 3 10, 3 10 0, S_0x559a066367a0;
 .timescale 0 0;
P_0x559a06668810 .param/l "ii" 0 3 10, +C4<0110110>;
S_0x559a066688d0 .scope module, "a" "Mux" 3 12, 4 1 0, S_0x559a06668620;
 .timescale 0 0;
    .port_info 0 /INPUT 1 "A"
    .port_info 1 /INPUT 1 "B"
    .port_info 2 /INPUT 1 "S"
    .port_info 3 /OUTPUT 1 "O"
L_0x559a066904f0/d .functor NOT 1, v0x559a066704b0_0, C4<0>, C4<0>, C4<0>;
L_0x559a066904f0 .delay 1 (1,1,1) L_0x559a066904f0/d;
L_0x559a06690600/d .functor AND 1, L_0x559a06690a80, L_0x559a066904f0, C4<1>, C4<1>;
L_0x559a06690600 .delay 1 (2,2,2) L_0x559a06690600/d;
L_0x559a06690760/d .functor AND 1, L_0x559a06690b70, v0x559a066704b0_0, C4<1>, C4<1>;
L_0x559a06690760 .delay 1 (2,2,2) L_0x559a06690760/d;
L_0x559a06690870/d .functor OR 1, L_0x559a06690600, L_0x559a06690760, C4<0>, C4<0>;
L_0x559a06690870 .delay 1 (2,2,2) L_0x559a06690870/d;
v0x559a06668b30_0 .net "A", 0 0, L_0x559a06690a80;  1 drivers
v0x559a06668c10_0 .net "B", 0 0, L_0x559a06690b70;  1 drivers
v0x559a06668cd0_0 .net "O", 0 0, L_0x559a06690870;  1 drivers
v0x559a06668da0_0 .net "S", 0 0, v0x559a066704b0_0;  alias, 1 drivers
v0x559a06668e40_0 .net "notS", 0 0, L_0x559a066904f0;  1 drivers
v0x559a06668f50_0 .net "w1", 0 0, L_0x559a06690600;  1 drivers
v0x559a06669010_0 .net "w2", 0 0, L_0x559a06690760;  1 drivers
S_0x559a06669150 .scope generate, "gen_loop[55]" "gen_loop[55]" 3 10, 3 10 0, S_0x559a066367a0;
 .timescale 0 0;
P_0x559a06669340 .param/l "ii" 0 3 10, +C4<0110111>;
S_0x559a06669400 .scope module, "a" "Mux" 3 12, 4 1 0, S_0x559a06669150;
 .timescale 0 0;
    .port_info 0 /INPUT 1 "A"
    .port_info 1 /INPUT 1 "B"
    .port_info 2 /INPUT 1 "S"
    .port_info 3 /OUTPUT 1 "O"
L_0x559a06690fe0/d .functor NOT 1, v0x559a066704b0_0, C4<0>, C4<0>, C4<0>;
L_0x559a06690fe0 .delay 1 (1,1,1) L_0x559a06690fe0/d;
L_0x559a066910f0/d .functor AND 1, L_0x559a06691570, L_0x559a06690fe0, C4<1>, C4<1>;
L_0x559a066910f0 .delay 1 (2,2,2) L_0x559a066910f0/d;
L_0x559a06691250/d .functor AND 1, L_0x559a06691660, v0x559a066704b0_0, C4<1>, C4<1>;
L_0x559a06691250 .delay 1 (2,2,2) L_0x559a06691250/d;
L_0x559a06691360/d .functor OR 1, L_0x559a066910f0, L_0x559a06691250, C4<0>, C4<0>;
L_0x559a06691360 .delay 1 (2,2,2) L_0x559a06691360/d;
v0x559a06669660_0 .net "A", 0 0, L_0x559a06691570;  1 drivers
v0x559a06669740_0 .net "B", 0 0, L_0x559a06691660;  1 drivers
v0x559a06669800_0 .net "O", 0 0, L_0x559a06691360;  1 drivers
v0x559a066698d0_0 .net "S", 0 0, v0x559a066704b0_0;  alias, 1 drivers
v0x559a06669970_0 .net "notS", 0 0, L_0x559a06690fe0;  1 drivers
v0x559a06669a80_0 .net "w1", 0 0, L_0x559a066910f0;  1 drivers
v0x559a06669b40_0 .net "w2", 0 0, L_0x559a06691250;  1 drivers
S_0x559a06669c80 .scope generate, "gen_loop[56]" "gen_loop[56]" 3 10, 3 10 0, S_0x559a066367a0;
 .timescale 0 0;
P_0x559a06669e70 .param/l "ii" 0 3 10, +C4<0111000>;
S_0x559a06669f30 .scope module, "a" "Mux" 3 12, 4 1 0, S_0x559a06669c80;
 .timescale 0 0;
    .port_info 0 /INPUT 1 "A"
    .port_info 1 /INPUT 1 "B"
    .port_info 2 /INPUT 1 "S"
    .port_info 3 /OUTPUT 1 "O"
L_0x559a06691ae0/d .functor NOT 1, v0x559a066704b0_0, C4<0>, C4<0>, C4<0>;
L_0x559a06691ae0 .delay 1 (1,1,1) L_0x559a06691ae0/d;
L_0x559a06691bf0/d .functor AND 1, L_0x559a06692070, L_0x559a06691ae0, C4<1>, C4<1>;
L_0x559a06691bf0 .delay 1 (2,2,2) L_0x559a06691bf0/d;
L_0x559a06691d50/d .functor AND 1, L_0x559a06692160, v0x559a066704b0_0, C4<1>, C4<1>;
L_0x559a06691d50 .delay 1 (2,2,2) L_0x559a06691d50/d;
L_0x559a06691e60/d .functor OR 1, L_0x559a06691bf0, L_0x559a06691d50, C4<0>, C4<0>;
L_0x559a06691e60 .delay 1 (2,2,2) L_0x559a06691e60/d;
v0x559a0666a190_0 .net "A", 0 0, L_0x559a06692070;  1 drivers
v0x559a0666a270_0 .net "B", 0 0, L_0x559a06692160;  1 drivers
v0x559a0666a330_0 .net "O", 0 0, L_0x559a06691e60;  1 drivers
v0x559a0666a400_0 .net "S", 0 0, v0x559a066704b0_0;  alias, 1 drivers
v0x559a0666a4a0_0 .net "notS", 0 0, L_0x559a06691ae0;  1 drivers
v0x559a0666a5b0_0 .net "w1", 0 0, L_0x559a06691bf0;  1 drivers
v0x559a0666a670_0 .net "w2", 0 0, L_0x559a06691d50;  1 drivers
S_0x559a0666a7b0 .scope generate, "gen_loop[57]" "gen_loop[57]" 3 10, 3 10 0, S_0x559a066367a0;
 .timescale 0 0;
P_0x559a0666a9a0 .param/l "ii" 0 3 10, +C4<0111001>;
S_0x559a0666aa60 .scope module, "a" "Mux" 3 12, 4 1 0, S_0x559a0666a7b0;
 .timescale 0 0;
    .port_info 0 /INPUT 1 "A"
    .port_info 1 /INPUT 1 "B"
    .port_info 2 /INPUT 1 "S"
    .port_info 3 /OUTPUT 1 "O"
L_0x559a066925f0/d .functor NOT 1, v0x559a066704b0_0, C4<0>, C4<0>, C4<0>;
L_0x559a066925f0 .delay 1 (1,1,1) L_0x559a066925f0/d;
L_0x559a06692700/d .functor AND 1, L_0x559a06692b80, L_0x559a066925f0, C4<1>, C4<1>;
L_0x559a06692700 .delay 1 (2,2,2) L_0x559a06692700/d;
L_0x559a06692860/d .functor AND 1, L_0x559a06692c70, v0x559a066704b0_0, C4<1>, C4<1>;
L_0x559a06692860 .delay 1 (2,2,2) L_0x559a06692860/d;
L_0x559a06692970/d .functor OR 1, L_0x559a06692700, L_0x559a06692860, C4<0>, C4<0>;
L_0x559a06692970 .delay 1 (2,2,2) L_0x559a06692970/d;
v0x559a0666acc0_0 .net "A", 0 0, L_0x559a06692b80;  1 drivers
v0x559a0666ada0_0 .net "B", 0 0, L_0x559a06692c70;  1 drivers
v0x559a0666ae60_0 .net "O", 0 0, L_0x559a06692970;  1 drivers
v0x559a0666af30_0 .net "S", 0 0, v0x559a066704b0_0;  alias, 1 drivers
v0x559a0666afd0_0 .net "notS", 0 0, L_0x559a066925f0;  1 drivers
v0x559a0666b0e0_0 .net "w1", 0 0, L_0x559a06692700;  1 drivers
v0x559a0666b1a0_0 .net "w2", 0 0, L_0x559a06692860;  1 drivers
S_0x559a0666b2e0 .scope generate, "gen_loop[58]" "gen_loop[58]" 3 10, 3 10 0, S_0x559a066367a0;
 .timescale 0 0;
P_0x559a0666b4d0 .param/l "ii" 0 3 10, +C4<0111010>;
S_0x559a0666b590 .scope module, "a" "Mux" 3 12, 4 1 0, S_0x559a0666b2e0;
 .timescale 0 0;
    .port_info 0 /INPUT 1 "A"
    .port_info 1 /INPUT 1 "B"
    .port_info 2 /INPUT 1 "S"
    .port_info 3 /OUTPUT 1 "O"
L_0x559a06693110/d .functor NOT 1, v0x559a066704b0_0, C4<0>, C4<0>, C4<0>;
L_0x559a06693110 .delay 1 (1,1,1) L_0x559a06693110/d;
L_0x559a06693220/d .functor AND 1, L_0x559a066936a0, L_0x559a06693110, C4<1>, C4<1>;
L_0x559a06693220 .delay 1 (2,2,2) L_0x559a06693220/d;
L_0x559a06693380/d .functor AND 1, L_0x559a06693790, v0x559a066704b0_0, C4<1>, C4<1>;
L_0x559a06693380 .delay 1 (2,2,2) L_0x559a06693380/d;
L_0x559a06693490/d .functor OR 1, L_0x559a06693220, L_0x559a06693380, C4<0>, C4<0>;
L_0x559a06693490 .delay 1 (2,2,2) L_0x559a06693490/d;
v0x559a0666b7f0_0 .net "A", 0 0, L_0x559a066936a0;  1 drivers
v0x559a0666b8d0_0 .net "B", 0 0, L_0x559a06693790;  1 drivers
v0x559a0666b990_0 .net "O", 0 0, L_0x559a06693490;  1 drivers
v0x559a0666ba60_0 .net "S", 0 0, v0x559a066704b0_0;  alias, 1 drivers
v0x559a0666bb00_0 .net "notS", 0 0, L_0x559a06693110;  1 drivers
v0x559a0666bc10_0 .net "w1", 0 0, L_0x559a06693220;  1 drivers
v0x559a0666bcd0_0 .net "w2", 0 0, L_0x559a06693380;  1 drivers
S_0x559a0666be10 .scope generate, "gen_loop[59]" "gen_loop[59]" 3 10, 3 10 0, S_0x559a066367a0;
 .timescale 0 0;
P_0x559a0666c000 .param/l "ii" 0 3 10, +C4<0111011>;
S_0x559a0666c0c0 .scope module, "a" "Mux" 3 12, 4 1 0, S_0x559a0666be10;
 .timescale 0 0;
    .port_info 0 /INPUT 1 "A"
    .port_info 1 /INPUT 1 "B"
    .port_info 2 /INPUT 1 "S"
    .port_info 3 /OUTPUT 1 "O"
L_0x559a06693c40/d .functor NOT 1, v0x559a066704b0_0, C4<0>, C4<0>, C4<0>;
L_0x559a06693c40 .delay 1 (1,1,1) L_0x559a06693c40/d;
L_0x559a06693d50/d .functor AND 1, L_0x559a066941d0, L_0x559a06693c40, C4<1>, C4<1>;
L_0x559a06693d50 .delay 1 (2,2,2) L_0x559a06693d50/d;
L_0x559a06693eb0/d .functor AND 1, L_0x559a066942c0, v0x559a066704b0_0, C4<1>, C4<1>;
L_0x559a06693eb0 .delay 1 (2,2,2) L_0x559a06693eb0/d;
L_0x559a06693fc0/d .functor OR 1, L_0x559a06693d50, L_0x559a06693eb0, C4<0>, C4<0>;
L_0x559a06693fc0 .delay 1 (2,2,2) L_0x559a06693fc0/d;
v0x559a0666c320_0 .net "A", 0 0, L_0x559a066941d0;  1 drivers
v0x559a0666c400_0 .net "B", 0 0, L_0x559a066942c0;  1 drivers
v0x559a0666c4c0_0 .net "O", 0 0, L_0x559a06693fc0;  1 drivers
v0x559a0666c590_0 .net "S", 0 0, v0x559a066704b0_0;  alias, 1 drivers
v0x559a0666c630_0 .net "notS", 0 0, L_0x559a06693c40;  1 drivers
v0x559a0666c740_0 .net "w1", 0 0, L_0x559a06693d50;  1 drivers
v0x559a0666c800_0 .net "w2", 0 0, L_0x559a06693eb0;  1 drivers
S_0x559a0666c940 .scope generate, "gen_loop[60]" "gen_loop[60]" 3 10, 3 10 0, S_0x559a066367a0;
 .timescale 0 0;
P_0x559a0666cb30 .param/l "ii" 0 3 10, +C4<0111100>;
S_0x559a0666cbf0 .scope module, "a" "Mux" 3 12, 4 1 0, S_0x559a0666c940;
 .timescale 0 0;
    .port_info 0 /INPUT 1 "A"
    .port_info 1 /INPUT 1 "B"
    .port_info 2 /INPUT 1 "S"
    .port_info 3 /OUTPUT 1 "O"
L_0x559a06694780/d .functor NOT 1, v0x559a066704b0_0, C4<0>, C4<0>, C4<0>;
L_0x559a06694780 .delay 1 (1,1,1) L_0x559a06694780/d;
L_0x559a06694890/d .functor AND 1, L_0x559a06694d10, L_0x559a06694780, C4<1>, C4<1>;
L_0x559a06694890 .delay 1 (2,2,2) L_0x559a06694890/d;
L_0x559a066949f0/d .functor AND 1, L_0x559a06694e00, v0x559a066704b0_0, C4<1>, C4<1>;
L_0x559a066949f0 .delay 1 (2,2,2) L_0x559a066949f0/d;
L_0x559a06694b00/d .functor OR 1, L_0x559a06694890, L_0x559a066949f0, C4<0>, C4<0>;
L_0x559a06694b00 .delay 1 (2,2,2) L_0x559a06694b00/d;
v0x559a0666ce50_0 .net "A", 0 0, L_0x559a06694d10;  1 drivers
v0x559a0666cf30_0 .net "B", 0 0, L_0x559a06694e00;  1 drivers
v0x559a0666cff0_0 .net "O", 0 0, L_0x559a06694b00;  1 drivers
v0x559a0666d0c0_0 .net "S", 0 0, v0x559a066704b0_0;  alias, 1 drivers
v0x559a0666d160_0 .net "notS", 0 0, L_0x559a06694780;  1 drivers
v0x559a0666d270_0 .net "w1", 0 0, L_0x559a06694890;  1 drivers
v0x559a0666d330_0 .net "w2", 0 0, L_0x559a066949f0;  1 drivers
S_0x559a0666d470 .scope generate, "gen_loop[61]" "gen_loop[61]" 3 10, 3 10 0, S_0x559a066367a0;
 .timescale 0 0;
P_0x559a0666d660 .param/l "ii" 0 3 10, +C4<0111101>;
S_0x559a0666d720 .scope module, "a" "Mux" 3 12, 4 1 0, S_0x559a0666d470;
 .timescale 0 0;
    .port_info 0 /INPUT 1 "A"
    .port_info 1 /INPUT 1 "B"
    .port_info 2 /INPUT 1 "S"
    .port_info 3 /OUTPUT 1 "O"
L_0x559a066952d0/d .functor NOT 1, v0x559a066704b0_0, C4<0>, C4<0>, C4<0>;
L_0x559a066952d0 .delay 1 (1,1,1) L_0x559a066952d0/d;
L_0x559a066953e0/d .functor AND 1, L_0x559a06695860, L_0x559a066952d0, C4<1>, C4<1>;
L_0x559a066953e0 .delay 1 (2,2,2) L_0x559a066953e0/d;
L_0x559a06695540/d .functor AND 1, L_0x559a06695950, v0x559a066704b0_0, C4<1>, C4<1>;
L_0x559a06695540 .delay 1 (2,2,2) L_0x559a06695540/d;
L_0x559a06695650/d .functor OR 1, L_0x559a066953e0, L_0x559a06695540, C4<0>, C4<0>;
L_0x559a06695650 .delay 1 (2,2,2) L_0x559a06695650/d;
v0x559a0666d980_0 .net "A", 0 0, L_0x559a06695860;  1 drivers
v0x559a0666da60_0 .net "B", 0 0, L_0x559a06695950;  1 drivers
v0x559a0666db20_0 .net "O", 0 0, L_0x559a06695650;  1 drivers
v0x559a0666dbf0_0 .net "S", 0 0, v0x559a066704b0_0;  alias, 1 drivers
v0x559a0666dc90_0 .net "notS", 0 0, L_0x559a066952d0;  1 drivers
v0x559a0666dda0_0 .net "w1", 0 0, L_0x559a066953e0;  1 drivers
v0x559a0666de60_0 .net "w2", 0 0, L_0x559a06695540;  1 drivers
S_0x559a0666dfa0 .scope generate, "gen_loop[62]" "gen_loop[62]" 3 10, 3 10 0, S_0x559a066367a0;
 .timescale 0 0;
P_0x559a0666e190 .param/l "ii" 0 3 10, +C4<0111110>;
S_0x559a0666e250 .scope module, "a" "Mux" 3 12, 4 1 0, S_0x559a0666dfa0;
 .timescale 0 0;
    .port_info 0 /INPUT 1 "A"
    .port_info 1 /INPUT 1 "B"
    .port_info 2 /INPUT 1 "S"
    .port_info 3 /OUTPUT 1 "O"
L_0x559a06695e30/d .functor NOT 1, v0x559a066704b0_0, C4<0>, C4<0>, C4<0>;
L_0x559a06695e30 .delay 1 (1,1,1) L_0x559a06695e30/d;
L_0x559a06695f40/d .functor AND 1, L_0x559a066963c0, L_0x559a06695e30, C4<1>, C4<1>;
L_0x559a06695f40 .delay 1 (2,2,2) L_0x559a06695f40/d;
L_0x559a066960a0/d .functor AND 1, L_0x559a06696cc0, v0x559a066704b0_0, C4<1>, C4<1>;
L_0x559a066960a0 .delay 1 (2,2,2) L_0x559a066960a0/d;
L_0x559a066961b0/d .functor OR 1, L_0x559a06695f40, L_0x559a066960a0, C4<0>, C4<0>;
L_0x559a066961b0 .delay 1 (2,2,2) L_0x559a066961b0/d;
v0x559a0666e4b0_0 .net "A", 0 0, L_0x559a066963c0;  1 drivers
v0x559a0666e590_0 .net "B", 0 0, L_0x559a06696cc0;  1 drivers
v0x559a0666e650_0 .net "O", 0 0, L_0x559a066961b0;  1 drivers
v0x559a0666e720_0 .net "S", 0 0, v0x559a066704b0_0;  alias, 1 drivers
v0x559a0666e7c0_0 .net "notS", 0 0, L_0x559a06695e30;  1 drivers
v0x559a0666e8d0_0 .net "w1", 0 0, L_0x559a06695f40;  1 drivers
v0x559a0666e990_0 .net "w2", 0 0, L_0x559a066960a0;  1 drivers
S_0x559a0666ead0 .scope generate, "gen_loop[63]" "gen_loop[63]" 3 10, 3 10 0, S_0x559a066367a0;
 .timescale 0 0;
P_0x559a0666ecc0 .param/l "ii" 0 3 10, +C4<0111111>;
S_0x559a0666ed80 .scope module, "a" "Mux" 3 12, 4 1 0, S_0x559a0666ead0;
 .timescale 0 0;
    .port_info 0 /INPUT 1 "A"
    .port_info 1 /INPUT 1 "B"
    .port_info 2 /INPUT 1 "S"
    .port_info 3 /OUTPUT 1 "O"
L_0x559a066979c0/d .functor NOT 1, v0x559a066704b0_0, C4<0>, C4<0>, C4<0>;
L_0x559a066979c0 .delay 1 (1,1,1) L_0x559a066979c0/d;
L_0x559a06697ad0/d .functor AND 1, L_0x559a06697f50, L_0x559a066979c0, C4<1>, C4<1>;
L_0x559a06697ad0 .delay 1 (2,2,2) L_0x559a06697ad0/d;
L_0x559a06697c30/d .functor AND 1, L_0x559a06698040, v0x559a066704b0_0, C4<1>, C4<1>;
L_0x559a06697c30 .delay 1 (2,2,2) L_0x559a06697c30/d;
L_0x559a06697d40/d .functor OR 1, L_0x559a06697ad0, L_0x559a06697c30, C4<0>, C4<0>;
L_0x559a06697d40 .delay 1 (2,2,2) L_0x559a06697d40/d;
v0x559a0666efe0_0 .net "A", 0 0, L_0x559a06697f50;  1 drivers
v0x559a0666f0c0_0 .net "B", 0 0, L_0x559a06698040;  1 drivers
v0x559a0666f180_0 .net "O", 0 0, L_0x559a06697d40;  1 drivers
v0x559a0666f250_0 .net "S", 0 0, v0x559a066704b0_0;  alias, 1 drivers
v0x559a0666f2f0_0 .net "notS", 0 0, L_0x559a066979c0;  1 drivers
v0x559a0666f400_0 .net "w1", 0 0, L_0x559a06697ad0;  1 drivers
v0x559a0666f4c0_0 .net "w2", 0 0, L_0x559a06697c30;  1 drivers
    .scope S_0x559a06637cf0;
T_0 ;
    %vpi_call 2 15 "$display", "Input: S=1 All 0's:" {0 0 0};
    %pushi/vec4 0, 0, 32;
    %store/vec4 v0x559a06670550_0, 0, 32;
T_0.0 ;
    %load/vec4 v0x559a06670550_0;
    %cmpi/s 63, 0, 32;
    %jmp/0xz T_0.1, 5;
    %pushi/vec4 1, 0, 1;
    %assign/vec4 v0x559a066704b0_0, 0;
    %pushi/vec4 0, 0, 1;
    %ix/load 5, 0, 0;
    %ix/getv/s 4, v0x559a06670550_0;
    %assign/vec4/off/d v0x559a06670200_0, 4, 5;
    %pushi/vec4 0, 0, 1;
    %ix/load 5, 0, 0;
    %ix/getv/s 4, v0x559a06670550_0;
    %assign/vec4/off/d v0x559a066702e0_0, 4, 5;
    %delay 5, 0;
    %vpi_call 2 22 "$write", "%d", &PV<v0x559a066703b0_0, v0x559a06670550_0, 1> {0 0 0};
    %load/vec4 v0x559a06670550_0;
    %addi 1, 0, 32;
    %store/vec4 v0x559a06670550_0, 0, 32;
    %jmp T_0.0;
T_0.1 ;
    %vpi_call 2 25 "$display", "\012Input: S=1 All 1's:" {0 0 0};
    %pushi/vec4 0, 0, 32;
    %store/vec4 v0x559a06670550_0, 0, 32;
T_0.2 ;
    %load/vec4 v0x559a06670550_0;
    %cmpi/s 63, 0, 32;
    %jmp/0xz T_0.3, 5;
    %pushi/vec4 1, 0, 1;
    %assign/vec4 v0x559a066704b0_0, 0;
    %pushi/vec4 1, 0, 1;
    %ix/load 5, 0, 0;
    %ix/getv/s 4, v0x559a06670550_0;
    %assign/vec4/off/d v0x559a06670200_0, 4, 5;
    %pushi/vec4 1, 0, 1;
    %ix/load 5, 0, 0;
    %ix/getv/s 4, v0x559a06670550_0;
    %assign/vec4/off/d v0x559a066702e0_0, 4, 5;
    %delay 5, 0;
    %vpi_call 2 32 "$write", "%d", &PV<v0x559a066703b0_0, v0x559a06670550_0, 1> {0 0 0};
    %load/vec4 v0x559a06670550_0;
    %addi 1, 0, 32;
    %store/vec4 v0x559a06670550_0, 0, 32;
    %jmp T_0.2;
T_0.3 ;
    %end;
    .thread T_0;
# The file index is used to find the file name in the following table.
:file_names 5;
    "N/A";
    "<interactive>";
    "sixtyFourBitMux-test.v";
    "sixtyFourBitMux.v";
    "2x1Multiplex.v";
