#! /usr/bin/vvp
:ivl_version "10.3 (stable)";
:ivl_delay_selection "TYPICAL";
:vpi_time_precision + 0;
:vpi_module "system";
:vpi_module "vhdl_sys";
:vpi_module "v2005_math";
:vpi_module "va_math";
S_0x55967d7fa120 .scope module, "registerFile_test" "registerFile_test" 2 1;
 .timescale 0 0;
v0x55967d84df00_0 .var "clk", 0 0;
v0x55967d84dfc0_0 .net "out1", 63 0, v0x55967d84d6d0_0;  1 drivers
v0x55967d84e090_0 .net "out2", 63 0, v0x55967d84d7b0_0;  1 drivers
v0x55967d84e190_0 .var "read1", 4 0;
v0x55967d84e260_0 .var "read2", 4 0;
v0x55967d84e300_0 .var "rst", 0 0;
v0x55967d84e3d0_0 .var "writeDat", 63 0;
v0x55967d84e4a0_0 .var "writeTo", 4 0;
v0x55967d84e570_0 .var "writeenable", 0 0;
S_0x55967d7fa2a0 .scope module, "DUT" "registerFile" 2 13, 3 1 0, S_0x55967d7fa120;
 .timescale 0 0;
    .port_info 0 /INPUT 1 "clk"
    .port_info 1 /INPUT 1 "rst"
    .port_info 2 /INPUT 5 "read1"
    .port_info 3 /INPUT 5 "read2"
    .port_info 4 /INPUT 5 "writeto"
    .port_info 5 /INPUT 64 "writedat"
    .port_info 6 /INPUT 1 "writeenable"
    .port_info 7 /OUTPUT 64 "out1"
    .port_info 8 /OUTPUT 64 "out2"
v0x55967d820600_0 .net "clk", 0 0, v0x55967d84df00_0;  1 drivers
v0x55967d8206a0_0 .var/i "i", 31 0;
v0x55967d84d630 .array "mem", 0 31, 63 0;
v0x55967d84d6d0_0 .var "out1", 63 0;
v0x55967d84d7b0_0 .var "out2", 63 0;
v0x55967d84d8e0_0 .net "read1", 4 0, v0x55967d84e190_0;  1 drivers
v0x55967d84d9c0_0 .net "read2", 4 0, v0x55967d84e260_0;  1 drivers
v0x55967d84daa0_0 .net "rst", 0 0, v0x55967d84e300_0;  1 drivers
v0x55967d84db60_0 .net "writedat", 63 0, v0x55967d84e3d0_0;  1 drivers
v0x55967d84dc40_0 .net "writeenable", 0 0, v0x55967d84e570_0;  1 drivers
v0x55967d84dd00_0 .net "writeto", 4 0, v0x55967d84e4a0_0;  1 drivers
E_0x55967d8354c0/0 .event negedge, v0x55967d820600_0;
E_0x55967d8354c0/1 .event posedge, v0x55967d84daa0_0;
E_0x55967d8354c0 .event/or E_0x55967d8354c0/0, E_0x55967d8354c0/1;
    .scope S_0x55967d7fa2a0;
T_0 ;
    %wait E_0x55967d8354c0;
    %load/vec4 v0x55967d84daa0_0;
    %pad/u 32;
    %cmpi/e 1, 0, 32;
    %jmp/0xz  T_0.0, 4;
    %pushi/vec4 0, 0, 32;
    %store/vec4 v0x55967d8206a0_0, 0, 32;
T_0.2 ;
    %load/vec4 v0x55967d8206a0_0;
    %cmpi/s 64, 0, 32;
    %jmp/0xz T_0.3, 5;
    %pushi/vec4 0, 0, 64;
    %ix/getv/s 4, v0x55967d8206a0_0;
    %store/vec4a v0x55967d84d630, 4, 0;
    %load/vec4 v0x55967d8206a0_0;
    %addi 1, 0, 32;
    %store/vec4 v0x55967d8206a0_0, 0, 32;
    %jmp T_0.2;
T_0.3 ;
    %jmp T_0.1;
T_0.0 ;
    %load/vec4 v0x55967d84dc40_0;
    %pad/u 32;
    %cmpi/e 1, 0, 32;
    %jmp/0xz  T_0.4, 4;
    %load/vec4 v0x55967d84db60_0;
    %load/vec4 v0x55967d84dd00_0;
    %pad/u 7;
    %ix/vec4 4;
    %store/vec4a v0x55967d84d630, 4, 0;
    %jmp T_0.5;
T_0.4 ;
    %load/vec4 v0x55967d84dc40_0;
    %pad/u 32;
    %cmpi/e 0, 0, 32;
    %jmp/0xz  T_0.6, 4;
    %load/vec4 v0x55967d84d8e0_0;
    %pad/u 7;
    %ix/vec4 4;
    %load/vec4a v0x55967d84d630, 4;
    %assign/vec4 v0x55967d84d6d0_0, 0;
    %load/vec4 v0x55967d84d9c0_0;
    %pad/u 7;
    %ix/vec4 4;
    %load/vec4a v0x55967d84d630, 4;
    %assign/vec4 v0x55967d84d7b0_0, 0;
T_0.6 ;
T_0.5 ;
T_0.1 ;
    %jmp T_0;
    .thread T_0;
    .scope S_0x55967d7fa120;
T_1 ;
    %pushi/vec4 0, 0, 1;
    %assign/vec4 v0x55967d84df00_0, 0;
    %end;
    .thread T_1;
    .scope S_0x55967d7fa120;
T_2 ;
    %delay 1000, 0;
    %load/vec4 v0x55967d84df00_0;
    %inv;
    %assign/vec4 v0x55967d84df00_0, 0;
    %jmp T_2;
    .thread T_2;
    .scope S_0x55967d7fa120;
T_3 ;
    %pushi/vec4 1, 0, 1;
    %assign/vec4 v0x55967d84e300_0, 0;
    %delay 2000, 0;
    %pushi/vec4 1, 0, 1;
    %assign/vec4 v0x55967d84e570_0, 0;
    %vpi_call 2 25 "$display", "writeto=00000" {0 0 0};
    %pushi/vec4 0, 0, 5;
    %assign/vec4 v0x55967d84e4a0_0, 0;
    %pushi/vec4 4294967295, 0, 35;
    %concati/vec4 536870904, 0, 29;
    %assign/vec4 v0x55967d84e3d0_0, 0;
    %pushi/vec4 0, 0, 1;
    %assign/vec4 v0x55967d84e300_0, 0;
    %delay 2000, 0;
    %vpi_call 2 32 "$display", "0001111111111111111111111111111111111111111111111111111111111000(writedat) wrote to 00000" {0 0 0};
    %pushi/vec4 1, 0, 1;
    %assign/vec4 v0x55967d84e570_0, 0;
    %vpi_call 2 35 "$display", "writeto=11111" {0 0 0};
    %pushi/vec4 31, 0, 5;
    %assign/vec4 v0x55967d84e4a0_0, 0;
    %pushi/vec4 4026531840, 0, 32;
    %concati/vec4 15, 0, 32;
    %assign/vec4 v0x55967d84e3d0_0, 0;
    %pushi/vec4 0, 0, 1;
    %assign/vec4 v0x55967d84e300_0, 0;
    %delay 2000, 0;
    %vpi_call 2 43 "$display", "1111000000000000000000000000000000000000000000000000000000001111(writedat) wrote to 11111" {0 0 0};
    %pushi/vec4 0, 0, 1;
    %assign/vec4 v0x55967d84e570_0, 0;
    %vpi_call 2 46 "$display", "read1=00000" {0 0 0};
    %pushi/vec4 0, 0, 5;
    %assign/vec4 v0x55967d84e190_0, 0;
    %vpi_call 2 48 "$display", "read2=11111" {0 0 0};
    %pushi/vec4 31, 0, 5;
    %assign/vec4 v0x55967d84e260_0, 0;
    %delay 2000, 0;
    %vpi_call 2 52 "$display", "out1= %b", v0x55967d84dfc0_0 {0 0 0};
    %vpi_call 2 53 "$display", "out2= %b", v0x55967d84e090_0 {0 0 0};
    %vpi_call 2 54 "$display", "\012rst=1" {0 0 0};
    %pushi/vec4 1, 0, 1;
    %assign/vec4 v0x55967d84e300_0, 0;
    %delay 2000, 0;
    %vpi_call 2 59 "$display", "out1= %b", v0x55967d84dfc0_0 {0 0 0};
    %vpi_call 2 60 "$display", "out2= %b", v0x55967d84e090_0 {0 0 0};
    %vpi_call 2 62 "$finish" {0 0 0};
    %end;
    .thread T_3;
# The file index is used to find the file name in the following table.
:file_names 4;
    "N/A";
    "<interactive>";
    "registerFile-test.v";
    "registerFile.v";
