#! /usr/bin/vvp
:ivl_version "10.3 (stable)";
:ivl_delay_selection "TYPICAL";
:vpi_time_precision + 0;
:vpi_module "system";
:vpi_module "vhdl_sys";
:vpi_module "v2005_math";
:vpi_module "va_math";
S_0x555a9d5a50f0 .scope module, "signExtender_test" "signExtender_test" 2 1;
 .timescale 0 0;
v0x555a9d5ed3b0_0 .var "A", 15 0;
v0x555a9d5ed470_0 .net "O", 63 0, L_0x555a9d5fd8a0;  1 drivers
v0x555a9d5ed540_0 .var/i "i", 31 0;
S_0x555a9d5a5270 .scope module, "DUT" "signExtender" 2 7, 3 1 0, S_0x555a9d5a50f0;
 .timescale 0 0;
    .port_info 0 /INPUT 16 "IN"
    .port_info 1 /OUTPUT 64 "OUT"
L_0x555a9d5fd9e0 .functor BUFZ 16, v0x555a9d5ed3b0_0, C4<0000000000000000>, C4<0000000000000000>, C4<0000000000000000>;
v0x555a9d5b6aa0_0 .net "IN", 15 0, v0x555a9d5ed3b0_0;  1 drivers
v0x555a9d5b7bc0_0 .net "OUT", 63 0, L_0x555a9d5fd8a0;  alias, 1 drivers
v0x555a9d5ecfa0_0 .net *"_s12", 15 0, L_0x555a9d5fd9e0;  1 drivers
v0x555a9d5ed060_0 .net *"_s3", 0 0, L_0x555a9d5ed610;  1 drivers
v0x555a9d5ed140_0 .net *"_s4", 47 0, L_0x555a9d5ed730;  1 drivers
L_0x7f223e058018 .functor BUFT 1, C4<00000000000000000000000000000000000000000000000>, C4<0>, C4<0>, C4<0>;
v0x555a9d5ed270_0 .net *"_s7", 46 0, L_0x7f223e058018;  1 drivers
L_0x555a9d5ed610 .part v0x555a9d5ed3b0_0, 15, 1;
L_0x555a9d5ed730 .concat [ 1 47 0 0], L_0x555a9d5ed610, L_0x7f223e058018;
L_0x555a9d5fd8a0 .concat8 [ 16 48 0 0], L_0x555a9d5fd9e0, L_0x555a9d5ed730;
    .scope S_0x555a9d5a50f0;
T_0 ;
    %pushi/vec4 0, 0, 32;
    %store/vec4 v0x555a9d5ed540_0, 0, 32;
T_0.0 ;
    %load/vec4 v0x555a9d5ed540_0;
    %cmpi/s 9, 0, 32;
    %jmp/0xz T_0.1, 5;
    %pushi/vec4 1, 0, 1;
    %ix/load 5, 0, 0;
    %ix/getv/s 4, v0x555a9d5ed540_0;
    %assign/vec4/off/d v0x555a9d5ed3b0_0, 4, 5;
    %load/vec4 v0x555a9d5ed540_0;
    %addi 1, 0, 32;
    %store/vec4 v0x555a9d5ed540_0, 0, 32;
    %jmp T_0.0;
T_0.1 ;
    %pushi/vec4 9, 0, 32;
    %store/vec4 v0x555a9d5ed540_0, 0, 32;
T_0.2 ;
    %load/vec4 v0x555a9d5ed540_0;
    %cmpi/s 16, 0, 32;
    %jmp/0xz T_0.3, 5;
    %pushi/vec4 0, 0, 1;
    %ix/load 5, 0, 0;
    %ix/getv/s 4, v0x555a9d5ed540_0;
    %assign/vec4/off/d v0x555a9d5ed3b0_0, 4, 5;
    %load/vec4 v0x555a9d5ed540_0;
    %addi 1, 0, 32;
    %store/vec4 v0x555a9d5ed540_0, 0, 32;
    %jmp T_0.2;
T_0.3 ;
    %delay 100, 0;
    %vpi_call 2 21 "$display", "A:%b, O:%b", v0x555a9d5ed3b0_0, v0x555a9d5ed470_0 {0 0 0};
    %end;
    .thread T_0;
# The file index is used to find the file name in the following table.
:file_names 4;
    "N/A";
    "<interactive>";
    "signExtender-test.v";
    "signExtender.v";
