#! /usr/bin/vvp
:ivl_version "10.3 (stable)";
:ivl_delay_selection "TYPICAL";
:vpi_time_precision + 0;
:vpi_module "system";
:vpi_module "vhdl_sys";
:vpi_module "v2005_math";
:vpi_module "va_math";
S_0x559089b0afd0 .scope module, "test_halt" "test_halt" 2 1;
 .timescale 0 0;
v0x559089b23e50_0 .var "clk", 0 0;
v0x559089b23ef0_0 .var "rst", 0 0;
S_0x559089b0b150 .scope module, "DUT" "halt" 2 5, 3 1 0, S_0x559089b0afd0;
 .timescale 0 0;
    .port_info 0 /INPUT 1 "clk"
    .port_info 1 /INPUT 1 "rst"
v0x559089b23970_0 .net "clk", 0 0, v0x559089b23e50_0;  1 drivers
v0x559089b23a60_0 .net "instruction", 31 0, v0x559089b230f0_0;  1 drivers
v0x559089b23b20_0 .var "instructionAddr", 31 0;
v0x559089b23c20_0 .net "pc", 7 0, v0x559089b23770_0;  1 drivers
v0x559089b23cf0_0 .net "rst", 0 0, v0x559089b23ef0_0;  1 drivers
E_0x559089b09690 .event edge, v0x559089b230f0_0;
S_0x559089b0dde0 .scope module, "inM" "instructionMem" 3 12, 4 1 0, S_0x559089b0b150;
 .timescale 0 0;
    .port_info 0 /INPUT 1 "clk"
    .port_info 1 /INPUT 1 "rst"
    .port_info 2 /INPUT 32 "address"
    .port_info 3 /OUTPUT 32 "instruction"
v0x559089b0e060_0 .net "address", 31 0, v0x559089b23b20_0;  1 drivers
v0x559089b23030_0 .net "clk", 0 0, v0x559089b23e50_0;  alias, 1 drivers
v0x559089b230f0_0 .var "instruction", 31 0;
v0x559089b231e0 .array "mem", 65535 0, 31 0;
v0x559089b232a0_0 .net "rst", 0 0, v0x559089b23ef0_0;  alias, 1 drivers
E_0x559089ad4b80/0 .event edge, v0x559089b0e060_0;
E_0x559089ad4b80/1 .event negedge, v0x559089b232a0_0;
E_0x559089ad4b80 .event/or E_0x559089ad4b80/0, E_0x559089ad4b80/1;
E_0x559089b09980 .event posedge, v0x559089b232a0_0, v0x559089b23030_0;
S_0x559089b23430 .scope module, "prC" "programCounter" 3 10, 5 1 0, S_0x559089b0b150;
 .timescale 0 0;
    .port_info 0 /INPUT 1 "clk"
    .port_info 1 /INPUT 1 "rst"
    .port_info 2 /OUTPUT 8 "count"
v0x559089b236b0_0 .net "clk", 0 0, v0x559089b23e50_0;  alias, 1 drivers
v0x559089b23770_0 .var "count", 7 0;
v0x559089b23830_0 .net "rst", 0 0, v0x559089b23ef0_0;  alias, 1 drivers
E_0x559089ad4910 .event posedge, v0x559089b23030_0;
    .scope S_0x559089b23430;
T_0 ;
    %wait E_0x559089ad4910;
    %load/vec4 v0x559089b23830_0;
    %nor/r;
    %flag_set/vec4 8;
    %jmp/0xz  T_0.0, 8;
    %load/vec4 v0x559089b23770_0;
    %addi 1, 0, 8;
    %store/vec4 v0x559089b23770_0, 0, 8;
    %jmp T_0.1;
T_0.0 ;
    %pushi/vec4 0, 0, 8;
    %store/vec4 v0x559089b23770_0, 0, 8;
T_0.1 ;
    %jmp T_0;
    .thread T_0;
    .scope S_0x559089b0dde0;
T_1 ;
    %wait E_0x559089b09980;
    %load/vec4 v0x559089b232a0_0;
    %pad/u 32;
    %cmpi/e 1, 0, 32;
    %jmp/0xz  T_1.0, 4;
    %pushi/vec4 0, 0, 32;
    %assign/vec4 v0x559089b230f0_0, 0;
    %vpi_call 4 12 "$readmemh", "halt.mc", v0x559089b231e0 {0 0 0};
T_1.0 ;
    %jmp T_1;
    .thread T_1;
    .scope S_0x559089b0dde0;
T_2 ;
    %wait E_0x559089ad4b80;
    %load/vec4 v0x559089b232a0_0;
    %pad/u 32;
    %cmpi/e 0, 0, 32;
    %jmp/0xz  T_2.0, 4;
    %ix/getv 4, v0x559089b0e060_0;
    %load/vec4a v0x559089b231e0, 4;
    %assign/vec4 v0x559089b230f0_0, 0;
T_2.0 ;
    %jmp T_2;
    .thread T_2;
    .scope S_0x559089b0b150;
T_3 ;
    %wait E_0x559089b09690;
    %load/vec4 v0x559089b23c20_0;
    %pad/u 32;
    %assign/vec4 v0x559089b23b20_0, 0;
    %delay 10, 0;
    %load/vec4 v0x559089b23a60_0;
    %cmpi/e 4227858432, 0, 32;
    %jmp/0xz  T_3.0, 4;
    %vpi_call 3 24 "$display", "*****Finishing*****" {0 0 0};
    %vpi_call 3 25 "$finish" {0 0 0};
T_3.0 ;
    %jmp T_3;
    .thread T_3, $push;
    .scope S_0x559089b0afd0;
T_4 ;
    %pushi/vec4 0, 0, 1;
    %assign/vec4 v0x559089b23e50_0, 0;
    %pushi/vec4 1, 0, 1;
    %assign/vec4 v0x559089b23e50_0, 0;
    %pushi/vec4 0, 0, 1;
    %assign/vec4 v0x559089b23e50_0, 0;
    %pushi/vec4 1, 0, 1;
    %assign/vec4 v0x559089b23e50_0, 0;
    %pushi/vec4 1, 0, 1;
    %assign/vec4 v0x559089b23ef0_0, 0;
    %delay 4000, 0;
    %vpi_call 2 16 "$display", "Am I halted?" {0 0 0};
    %pushi/vec4 1, 0, 1;
    %assign/vec4 v0x559089b23e50_0, 0;
    %pushi/vec4 0, 0, 1;
    %assign/vec4 v0x559089b23ef0_0, 0;
    %delay 4000, 0;
    %vpi_call 2 22 "$display", "Am I halted?" {0 0 0};
    %pushi/vec4 1, 0, 1;
    %assign/vec4 v0x559089b23e50_0, 0;
    %pushi/vec4 0, 0, 1;
    %assign/vec4 v0x559089b23ef0_0, 0;
    %delay 4000, 0;
    %vpi_call 2 27 "$display", "Am I halted?" {0 0 0};
    %end;
    .thread T_4;
# The file index is used to find the file name in the following table.
:file_names 6;
    "N/A";
    "<interactive>";
    "testHalt.v";
    "halt.v";
    "instructionMem.v";
    "programCounter.v";
