#! /usr/bin/vvp
:ivl_version "10.3 (stable)";
:ivl_delay_selection "TYPICAL";
:vpi_time_precision + 0;
:vpi_module "system";
:vpi_module "vhdl_sys";
:vpi_module "v2005_math";
:vpi_module "va_math";
S_0x55dfb2022050 .scope module, "decoder_test" "decoder_test" 2 1;
 .timescale 0 0;
v0x55dfb20a59c0_0 .net "O", 63 0, L_0x55dfb20a8110;  1 drivers
v0x55dfb20a5aa0_0 .var "i1", 0 0;
v0x55dfb20a5b70_0 .var "i2", 0 0;
v0x55dfb20a5c70_0 .var "i3", 0 0;
v0x55dfb20a5d40_0 .var "i4", 0 0;
v0x55dfb20a5de0_0 .var "i5", 0 0;
v0x55dfb20a5eb0_0 .var "i6", 0 0;
S_0x55dfb20221d0 .scope module, "DUT" "decoder" 2 6, 3 1 0, S_0x55dfb2022050;
 .timescale 0 0;
    .port_info 0 /INPUT 1 "i1"
    .port_info 1 /INPUT 1 "i2"
    .port_info 2 /INPUT 1 "i3"
    .port_info 3 /INPUT 1 "i4"
    .port_info 4 /INPUT 1 "i5"
    .port_info 5 /INPUT 1 "i6"
    .port_info 6 /OUTPUT 64 "O"
L_0x55dfb20a5f80/d .functor NOT 1, v0x55dfb20a5aa0_0, C4<0>, C4<0>, C4<0>;
L_0x55dfb20a5f80 .delay 1 (1,1,1) L_0x55dfb20a5f80/d;
L_0x55dfb20a6070/d .functor NOT 1, v0x55dfb20a5b70_0, C4<0>, C4<0>, C4<0>;
L_0x55dfb20a6070 .delay 1 (1,1,1) L_0x55dfb20a6070/d;
L_0x55dfb20a61d0/d .functor NOT 1, v0x55dfb20a5c70_0, C4<0>, C4<0>, C4<0>;
L_0x55dfb20a61d0 .delay 1 (1,1,1) L_0x55dfb20a61d0/d;
L_0x55dfb20a6330/d .functor NOT 1, v0x55dfb20a5d40_0, C4<0>, C4<0>, C4<0>;
L_0x55dfb20a6330 .delay 1 (1,1,1) L_0x55dfb20a6330/d;
L_0x55dfb20a64c0/d .functor NOT 1, v0x55dfb20a5de0_0, C4<0>, C4<0>, C4<0>;
L_0x55dfb20a64c0 .delay 1 (1,1,1) L_0x55dfb20a64c0/d;
L_0x55dfb20a6620/d .functor NOT 1, v0x55dfb20a5eb0_0, C4<0>, C4<0>, C4<0>;
L_0x55dfb20a6620 .delay 1 (1,1,1) L_0x55dfb20a6620/d;
L_0x55dfb20a67c0/0/0 .functor AND 1, L_0x55dfb20a5f80, L_0x55dfb20a6070, L_0x55dfb20a61d0, L_0x55dfb20a6330;
L_0x55dfb20a67c0/0/4 .functor AND 1, L_0x55dfb20a64c0, L_0x55dfb20a6620, C4<1>, C4<1>;
L_0x55dfb20a67c0/d .functor AND 1, L_0x55dfb20a67c0/0/0, L_0x55dfb20a67c0/0/4, C4<1>, C4<1>;
L_0x55dfb20a67c0 .delay 1 (3,3,3) L_0x55dfb20a67c0/d;
L_0x55dfb20a6ab0/0/0 .functor AND 1, L_0x55dfb20a5f80, L_0x55dfb20a6070, L_0x55dfb20a61d0, L_0x55dfb20a6330;
L_0x55dfb20a6ab0/0/4 .functor AND 1, L_0x55dfb20a64c0, v0x55dfb20a5eb0_0, C4<1>, C4<1>;
L_0x55dfb20a6ab0/d .functor AND 1, L_0x55dfb20a6ab0/0/0, L_0x55dfb20a6ab0/0/4, C4<1>, C4<1>;
L_0x55dfb20a6ab0 .delay 1 (3,3,3) L_0x55dfb20a6ab0/d;
L_0x55dfb20a6c10/0/0 .functor AND 1, L_0x55dfb20a5f80, L_0x55dfb20a6070, L_0x55dfb20a61d0, L_0x55dfb20a6330;
L_0x55dfb20a6c10/0/4 .functor AND 1, v0x55dfb20a5de0_0, L_0x55dfb20a6620, C4<1>, C4<1>;
L_0x55dfb20a6c10/d .functor AND 1, L_0x55dfb20a6c10/0/0, L_0x55dfb20a6c10/0/4, C4<1>, C4<1>;
L_0x55dfb20a6c10 .delay 1 (3,3,3) L_0x55dfb20a6c10/d;
L_0x55dfb20a6e80/0/0 .functor AND 1, L_0x55dfb20a5f80, L_0x55dfb20a6070, L_0x55dfb20a61d0, L_0x55dfb20a6330;
L_0x55dfb20a6e80/0/4 .functor AND 1, v0x55dfb20a5de0_0, v0x55dfb20a5eb0_0, C4<1>, C4<1>;
L_0x55dfb20a6e80/d .functor AND 1, L_0x55dfb20a6e80/0/0, L_0x55dfb20a6e80/0/4, C4<1>, C4<1>;
L_0x55dfb20a6e80 .delay 1 (3,3,3) L_0x55dfb20a6e80/d;
L_0x55dfb20a70c0/0/0 .functor AND 1, L_0x55dfb20a5f80, L_0x55dfb20a6070, L_0x55dfb20a61d0, v0x55dfb20a5d40_0;
L_0x55dfb20a70c0/0/4 .functor AND 1, L_0x55dfb20a64c0, L_0x55dfb20a6620, C4<1>, C4<1>;
L_0x55dfb20a70c0/d .functor AND 1, L_0x55dfb20a70c0/0/0, L_0x55dfb20a70c0/0/4, C4<1>, C4<1>;
L_0x55dfb20a70c0 .delay 1 (3,3,3) L_0x55dfb20a70c0/d;
L_0x55dfb20a72a0/0/0 .functor AND 1, L_0x55dfb20a5f80, L_0x55dfb20a6070, L_0x55dfb20a61d0, v0x55dfb20a5d40_0;
L_0x55dfb20a72a0/0/4 .functor AND 1, L_0x55dfb20a64c0, v0x55dfb20a5eb0_0, C4<1>, C4<1>;
L_0x55dfb20a72a0/d .functor AND 1, L_0x55dfb20a72a0/0/0, L_0x55dfb20a72a0/0/4, C4<1>, C4<1>;
L_0x55dfb20a72a0 .delay 1 (3,3,3) L_0x55dfb20a72a0/d;
L_0x55dfb20a7460/0/0 .functor AND 1, L_0x55dfb20a5f80, L_0x55dfb20a6070, L_0x55dfb20a61d0, v0x55dfb20a5d40_0;
L_0x55dfb20a7460/0/4 .functor AND 1, v0x55dfb20a5de0_0, L_0x55dfb20a6620, C4<1>, C4<1>;
L_0x55dfb20a7460/d .functor AND 1, L_0x55dfb20a7460/0/0, L_0x55dfb20a7460/0/4, C4<1>, C4<1>;
L_0x55dfb20a7460 .delay 1 (3,3,3) L_0x55dfb20a7460/d;
L_0x55dfb20a7780/0/0 .functor AND 1, L_0x55dfb20a5f80, L_0x55dfb20a6070, L_0x55dfb20a61d0, v0x55dfb20a5d40_0;
L_0x55dfb20a7780/0/4 .functor AND 1, v0x55dfb20a5de0_0, v0x55dfb20a5eb0_0, C4<1>, C4<1>;
L_0x55dfb20a7780/d .functor AND 1, L_0x55dfb20a7780/0/0, L_0x55dfb20a7780/0/4, C4<1>, C4<1>;
L_0x55dfb20a7780 .delay 1 (3,3,3) L_0x55dfb20a7780/d;
L_0x55dfb20a73f0/0/0 .functor AND 1, L_0x55dfb20a5f80, L_0x55dfb20a6070, v0x55dfb20a5c70_0, L_0x55dfb20a6330;
L_0x55dfb20a73f0/0/4 .functor AND 1, L_0x55dfb20a64c0, L_0x55dfb20a6620, C4<1>, C4<1>;
L_0x55dfb20a73f0/d .functor AND 1, L_0x55dfb20a73f0/0/0, L_0x55dfb20a73f0/0/4, C4<1>, C4<1>;
L_0x55dfb20a73f0 .delay 1 (3,3,3) L_0x55dfb20a73f0/d;
L_0x55dfb20a79c0/0/0 .functor AND 1, L_0x55dfb20a5f80, L_0x55dfb20a6070, v0x55dfb20a5c70_0, L_0x55dfb20a6330;
L_0x55dfb20a79c0/0/4 .functor AND 1, L_0x55dfb20a64c0, v0x55dfb20a5eb0_0, C4<1>, C4<1>;
L_0x55dfb20a79c0/d .functor AND 1, L_0x55dfb20a79c0/0/0, L_0x55dfb20a79c0/0/4, C4<1>, C4<1>;
L_0x55dfb20a79c0 .delay 1 (3,3,3) L_0x55dfb20a79c0/d;
L_0x55dfb20a7b80/0/0 .functor AND 1, L_0x55dfb20a5f80, L_0x55dfb20a6070, v0x55dfb20a5c70_0, L_0x55dfb20a6330;
L_0x55dfb20a7b80/0/4 .functor AND 1, v0x55dfb20a5de0_0, L_0x55dfb20a6620, C4<1>, C4<1>;
L_0x55dfb20a7b80/d .functor AND 1, L_0x55dfb20a7b80/0/0, L_0x55dfb20a7b80/0/4, C4<1>, C4<1>;
L_0x55dfb20a7b80 .delay 1 (3,3,3) L_0x55dfb20a7b80/d;
L_0x55dfb20a7dc0/0/0 .functor AND 1, L_0x55dfb20a5f80, L_0x55dfb20a6070, v0x55dfb20a5c70_0, L_0x55dfb20a6330;
L_0x55dfb20a7dc0/0/4 .functor AND 1, v0x55dfb20a5de0_0, v0x55dfb20a5eb0_0, C4<1>, C4<1>;
L_0x55dfb20a7dc0/d .functor AND 1, L_0x55dfb20a7dc0/0/0, L_0x55dfb20a7dc0/0/4, C4<1>, C4<1>;
L_0x55dfb20a7dc0 .delay 1 (3,3,3) L_0x55dfb20a7dc0/d;
L_0x55dfb20a81b0/0/0 .functor AND 1, L_0x55dfb20a5f80, L_0x55dfb20a6070, v0x55dfb20a5c70_0, v0x55dfb20a5d40_0;
L_0x55dfb20a81b0/0/4 .functor AND 1, L_0x55dfb20a64c0, L_0x55dfb20a6620, C4<1>, C4<1>;
L_0x55dfb20a81b0/d .functor AND 1, L_0x55dfb20a81b0/0/0, L_0x55dfb20a81b0/0/4, C4<1>, C4<1>;
L_0x55dfb20a81b0 .delay 1 (3,3,3) L_0x55dfb20a81b0/d;
L_0x55dfb20a84b0/0/0 .functor AND 1, L_0x55dfb20a5f80, L_0x55dfb20a6070, v0x55dfb20a5c70_0, v0x55dfb20a5d40_0;
L_0x55dfb20a84b0/0/4 .functor AND 1, L_0x55dfb20a64c0, v0x55dfb20a5eb0_0, C4<1>, C4<1>;
L_0x55dfb20a84b0/d .functor AND 1, L_0x55dfb20a84b0/0/0, L_0x55dfb20a84b0/0/4, C4<1>, C4<1>;
L_0x55dfb20a84b0 .delay 1 (3,3,3) L_0x55dfb20a84b0/d;
L_0x55dfb20a8820/0/0 .functor AND 1, L_0x55dfb20a5f80, L_0x55dfb20a6070, v0x55dfb20a5c70_0, v0x55dfb20a5d40_0;
L_0x55dfb20a8820/0/4 .functor AND 1, v0x55dfb20a5de0_0, L_0x55dfb20a6620, C4<1>, C4<1>;
L_0x55dfb20a8820/d .functor AND 1, L_0x55dfb20a8820/0/0, L_0x55dfb20a8820/0/4, C4<1>, C4<1>;
L_0x55dfb20a8820 .delay 1 (3,3,3) L_0x55dfb20a8820/d;
L_0x55dfb20a8b70/0/0 .functor AND 1, L_0x55dfb20a5f80, L_0x55dfb20a6070, v0x55dfb20a5c70_0, v0x55dfb20a5d40_0;
L_0x55dfb20a8b70/0/4 .functor AND 1, v0x55dfb20a5de0_0, v0x55dfb20a5eb0_0, C4<1>, C4<1>;
L_0x55dfb20a8b70/d .functor AND 1, L_0x55dfb20a8b70/0/0, L_0x55dfb20a8b70/0/4, C4<1>, C4<1>;
L_0x55dfb20a8b70 .delay 1 (3,3,3) L_0x55dfb20a8b70/d;
L_0x55dfb20a8d70/0/0 .functor AND 1, L_0x55dfb20a5f80, v0x55dfb20a5b70_0, L_0x55dfb20a61d0, L_0x55dfb20a6330;
L_0x55dfb20a8d70/0/4 .functor AND 1, L_0x55dfb20a64c0, L_0x55dfb20a6620, C4<1>, C4<1>;
L_0x55dfb20a8d70/d .functor AND 1, L_0x55dfb20a8d70/0/0, L_0x55dfb20a8d70/0/4, C4<1>, C4<1>;
L_0x55dfb20a8d70 .delay 1 (3,3,3) L_0x55dfb20a8d70/d;
L_0x55dfb20a8ef0/0/0 .functor AND 1, L_0x55dfb20a5f80, v0x55dfb20a5b70_0, L_0x55dfb20a61d0, L_0x55dfb20a6330;
L_0x55dfb20a8ef0/0/4 .functor AND 1, L_0x55dfb20a64c0, v0x55dfb20a5eb0_0, C4<1>, C4<1>;
L_0x55dfb20a8ef0/d .functor AND 1, L_0x55dfb20a8ef0/0/0, L_0x55dfb20a8ef0/0/4, C4<1>, C4<1>;
L_0x55dfb20a8ef0 .delay 1 (3,3,3) L_0x55dfb20a8ef0/d;
L_0x55dfb20a90f0/0/0 .functor AND 1, L_0x55dfb20a5f80, v0x55dfb20a5b70_0, L_0x55dfb20a61d0, L_0x55dfb20a6330;
L_0x55dfb20a90f0/0/4 .functor AND 1, v0x55dfb20a5de0_0, L_0x55dfb20a6620, C4<1>, C4<1>;
L_0x55dfb20a90f0/d .functor AND 1, L_0x55dfb20a90f0/0/0, L_0x55dfb20a90f0/0/4, C4<1>, C4<1>;
L_0x55dfb20a90f0 .delay 1 (3,3,3) L_0x55dfb20a90f0/d;
L_0x55dfb20a9270/0/0 .functor AND 1, L_0x55dfb20a5f80, v0x55dfb20a5b70_0, L_0x55dfb20a61d0, L_0x55dfb20a6330;
L_0x55dfb20a9270/0/4 .functor AND 1, v0x55dfb20a5de0_0, v0x55dfb20a5eb0_0, C4<1>, C4<1>;
L_0x55dfb20a9270/d .functor AND 1, L_0x55dfb20a9270/0/0, L_0x55dfb20a9270/0/4, C4<1>, C4<1>;
L_0x55dfb20a9270 .delay 1 (3,3,3) L_0x55dfb20a9270/d;
L_0x55dfb20a94d0/0/0 .functor AND 1, L_0x55dfb20a5f80, v0x55dfb20a5b70_0, L_0x55dfb20a61d0, v0x55dfb20a5d40_0;
L_0x55dfb20a94d0/0/4 .functor AND 1, L_0x55dfb20a64c0, L_0x55dfb20a6620, C4<1>, C4<1>;
L_0x55dfb20a94d0/d .functor AND 1, L_0x55dfb20a94d0/0/0, L_0x55dfb20a94d0/0/4, C4<1>, C4<1>;
L_0x55dfb20a94d0 .delay 1 (3,3,3) L_0x55dfb20a94d0/d;
L_0x55dfb20a9650/0/0 .functor AND 1, L_0x55dfb20a5f80, v0x55dfb20a5b70_0, L_0x55dfb20a61d0, v0x55dfb20a5d40_0;
L_0x55dfb20a9650/0/4 .functor AND 1, L_0x55dfb20a64c0, v0x55dfb20a5eb0_0, C4<1>, C4<1>;
L_0x55dfb20a9650/d .functor AND 1, L_0x55dfb20a9650/0/0, L_0x55dfb20a9650/0/4, C4<1>, C4<1>;
L_0x55dfb20a9650 .delay 1 (3,3,3) L_0x55dfb20a9650/d;
L_0x55dfb20a98c0/0/0 .functor AND 1, L_0x55dfb20a5f80, v0x55dfb20a5b70_0, L_0x55dfb20a61d0, v0x55dfb20a5d40_0;
L_0x55dfb20a98c0/0/4 .functor AND 1, v0x55dfb20a5de0_0, L_0x55dfb20a6620, C4<1>, C4<1>;
L_0x55dfb20a98c0/d .functor AND 1, L_0x55dfb20a98c0/0/0, L_0x55dfb20a98c0/0/4, C4<1>, C4<1>;
L_0x55dfb20a98c0 .delay 1 (3,3,3) L_0x55dfb20a98c0/d;
L_0x55dfb20a9c50/0/0 .functor AND 1, L_0x55dfb20a5f80, v0x55dfb20a5b70_0, L_0x55dfb20a61d0, v0x55dfb20a5d40_0;
L_0x55dfb20a9c50/0/4 .functor AND 1, v0x55dfb20a5de0_0, v0x55dfb20a5eb0_0, C4<1>, C4<1>;
L_0x55dfb20a9c50/d .functor AND 1, L_0x55dfb20a9c50/0/0, L_0x55dfb20a9c50/0/4, C4<1>, C4<1>;
L_0x55dfb20a9c50 .delay 1 (3,3,3) L_0x55dfb20a9c50/d;
L_0x55dfb20a9ed0/0/0 .functor AND 1, L_0x55dfb20a5f80, v0x55dfb20a5b70_0, v0x55dfb20a5c70_0, L_0x55dfb20a6330;
L_0x55dfb20a9ed0/0/4 .functor AND 1, L_0x55dfb20a64c0, L_0x55dfb20a6620, C4<1>, C4<1>;
L_0x55dfb20a9ed0/d .functor AND 1, L_0x55dfb20a9ed0/0/0, L_0x55dfb20a9ed0/0/4, C4<1>, C4<1>;
L_0x55dfb20a9ed0 .delay 1 (3,3,3) L_0x55dfb20a9ed0/d;
L_0x55dfb20aa050/0/0 .functor AND 1, L_0x55dfb20a5f80, v0x55dfb20a5b70_0, v0x55dfb20a5c70_0, L_0x55dfb20a6330;
L_0x55dfb20aa050/0/4 .functor AND 1, L_0x55dfb20a64c0, v0x55dfb20a5eb0_0, C4<1>, C4<1>;
L_0x55dfb20aa050/d .functor AND 1, L_0x55dfb20aa050/0/0, L_0x55dfb20aa050/0/4, C4<1>, C4<1>;
L_0x55dfb20aa050 .delay 1 (3,3,3) L_0x55dfb20aa050/d;
L_0x55dfb20aa2e0/0/0 .functor AND 1, L_0x55dfb20a5f80, v0x55dfb20a5b70_0, v0x55dfb20a5c70_0, L_0x55dfb20a6330;
L_0x55dfb20aa2e0/0/4 .functor AND 1, v0x55dfb20a5de0_0, L_0x55dfb20a6620, C4<1>, C4<1>;
L_0x55dfb20aa2e0/d .functor AND 1, L_0x55dfb20aa2e0/0/0, L_0x55dfb20aa2e0/0/4, C4<1>, C4<1>;
L_0x55dfb20aa2e0 .delay 1 (3,3,3) L_0x55dfb20aa2e0/d;
L_0x55dfb20aa670/0/0 .functor AND 1, L_0x55dfb20a5f80, v0x55dfb20a5b70_0, v0x55dfb20a5c70_0, L_0x55dfb20a6330;
L_0x55dfb20aa670/0/4 .functor AND 1, v0x55dfb20a5de0_0, v0x55dfb20a5eb0_0, C4<1>, C4<1>;
L_0x55dfb20aa670/d .functor AND 1, L_0x55dfb20aa670/0/0, L_0x55dfb20aa670/0/4, C4<1>, C4<1>;
L_0x55dfb20aa670 .delay 1 (3,3,3) L_0x55dfb20aa670/d;
L_0x55dfb20aad30/0/0 .functor AND 1, L_0x55dfb20a5f80, v0x55dfb20a5b70_0, v0x55dfb20a5c70_0, v0x55dfb20a5d40_0;
L_0x55dfb20aad30/0/4 .functor AND 1, L_0x55dfb20a64c0, L_0x55dfb20a6620, C4<1>, C4<1>;
L_0x55dfb20aad30/d .functor AND 1, L_0x55dfb20aad30/0/0, L_0x55dfb20aad30/0/4, C4<1>, C4<1>;
L_0x55dfb20aad30 .delay 1 (3,3,3) L_0x55dfb20aad30/d;
L_0x55dfb20a80a0/0/0 .functor AND 1, L_0x55dfb20a5f80, v0x55dfb20a5b70_0, v0x55dfb20a5c70_0, v0x55dfb20a5d40_0;
L_0x55dfb20a80a0/0/4 .functor AND 1, L_0x55dfb20a64c0, v0x55dfb20a5eb0_0, C4<1>, C4<1>;
L_0x55dfb20a80a0/d .functor AND 1, L_0x55dfb20a80a0/0/0, L_0x55dfb20a80a0/0/4, C4<1>, C4<1>;
L_0x55dfb20a80a0 .delay 1 (3,3,3) L_0x55dfb20a80a0/d;
L_0x55dfb2081f00/0/0 .functor AND 1, L_0x55dfb20a5f80, v0x55dfb20a5b70_0, v0x55dfb20a5c70_0, v0x55dfb20a5d40_0;
L_0x55dfb2081f00/0/4 .functor AND 1, v0x55dfb20a5de0_0, L_0x55dfb20a6620, C4<1>, C4<1>;
L_0x55dfb2081f00/d .functor AND 1, L_0x55dfb2081f00/0/0, L_0x55dfb2081f00/0/4, C4<1>, C4<1>;
L_0x55dfb2081f00 .delay 1 (3,3,3) L_0x55dfb2081f00/d;
L_0x55dfb20a85f0/0/0 .functor AND 1, L_0x55dfb20a5f80, v0x55dfb20a5b70_0, v0x55dfb20a5c70_0, v0x55dfb20a5d40_0;
L_0x55dfb20a85f0/0/4 .functor AND 1, v0x55dfb20a5de0_0, v0x55dfb20a5eb0_0, C4<1>, C4<1>;
L_0x55dfb20a85f0/d .functor AND 1, L_0x55dfb20a85f0/0/0, L_0x55dfb20a85f0/0/4, C4<1>, C4<1>;
L_0x55dfb20a85f0 .delay 1 (3,3,3) L_0x55dfb20a85f0/d;
L_0x55dfb20abe80/0/0 .functor AND 1, v0x55dfb20a5aa0_0, L_0x55dfb20a6070, L_0x55dfb20a61d0, L_0x55dfb20a6330;
L_0x55dfb20abe80/0/4 .functor AND 1, L_0x55dfb20a64c0, L_0x55dfb20a6620, C4<1>, C4<1>;
L_0x55dfb20abe80/d .functor AND 1, L_0x55dfb20abe80/0/0, L_0x55dfb20abe80/0/4, C4<1>, C4<1>;
L_0x55dfb20abe80 .delay 1 (3,3,3) L_0x55dfb20abe80/d;
L_0x55dfb20ac000/0/0 .functor AND 1, v0x55dfb20a5aa0_0, L_0x55dfb20a6070, L_0x55dfb20a61d0, L_0x55dfb20a6330;
L_0x55dfb20ac000/0/4 .functor AND 1, L_0x55dfb20a64c0, v0x55dfb20a5eb0_0, C4<1>, C4<1>;
L_0x55dfb20ac000/d .functor AND 1, L_0x55dfb20ac000/0/0, L_0x55dfb20ac000/0/4, C4<1>, C4<1>;
L_0x55dfb20ac000 .delay 1 (3,3,3) L_0x55dfb20ac000/d;
L_0x55dfb20ac280/0/0 .functor AND 1, v0x55dfb20a5aa0_0, L_0x55dfb20a6070, L_0x55dfb20a61d0, L_0x55dfb20a6330;
L_0x55dfb20ac280/0/4 .functor AND 1, v0x55dfb20a5de0_0, L_0x55dfb20a6620, C4<1>, C4<1>;
L_0x55dfb20ac280/d .functor AND 1, L_0x55dfb20ac280/0/0, L_0x55dfb20ac280/0/4, C4<1>, C4<1>;
L_0x55dfb20ac280 .delay 1 (3,3,3) L_0x55dfb20ac280/d;
L_0x55dfb20ac400/0/0 .functor AND 1, v0x55dfb20a5aa0_0, L_0x55dfb20a6070, L_0x55dfb20a61d0, L_0x55dfb20a6330;
L_0x55dfb20ac400/0/4 .functor AND 1, v0x55dfb20a5de0_0, v0x55dfb20a5eb0_0, C4<1>, C4<1>;
L_0x55dfb20ac400/d .functor AND 1, L_0x55dfb20ac400/0/0, L_0x55dfb20ac400/0/4, C4<1>, C4<1>;
L_0x55dfb20ac400 .delay 1 (3,3,3) L_0x55dfb20ac400/d;
L_0x55dfb20ac6e0/0/0 .functor AND 1, v0x55dfb20a5aa0_0, L_0x55dfb20a6070, L_0x55dfb20a61d0, v0x55dfb20a5d40_0;
L_0x55dfb20ac6e0/0/4 .functor AND 1, L_0x55dfb20a64c0, L_0x55dfb20a6620, C4<1>, C4<1>;
L_0x55dfb20ac6e0/d .functor AND 1, L_0x55dfb20ac6e0/0/0, L_0x55dfb20ac6e0/0/4, C4<1>, C4<1>;
L_0x55dfb20ac6e0 .delay 1 (3,3,3) L_0x55dfb20ac6e0/d;
L_0x55dfb20ac860/0/0 .functor AND 1, v0x55dfb20a5aa0_0, L_0x55dfb20a6070, L_0x55dfb20a61d0, v0x55dfb20a5d40_0;
L_0x55dfb20ac860/0/4 .functor AND 1, L_0x55dfb20a64c0, v0x55dfb20a5eb0_0, C4<1>, C4<1>;
L_0x55dfb20ac860/d .functor AND 1, L_0x55dfb20ac860/0/0, L_0x55dfb20ac860/0/4, C4<1>, C4<1>;
L_0x55dfb20ac860 .delay 1 (3,3,3) L_0x55dfb20ac860/d;
L_0x55dfb20acb50/0/0 .functor AND 1, v0x55dfb20a5aa0_0, L_0x55dfb20a6070, L_0x55dfb20a61d0, v0x55dfb20a5d40_0;
L_0x55dfb20acb50/0/4 .functor AND 1, v0x55dfb20a5de0_0, L_0x55dfb20a6620, C4<1>, C4<1>;
L_0x55dfb20acb50/d .functor AND 1, L_0x55dfb20acb50/0/0, L_0x55dfb20acb50/0/4, C4<1>, C4<1>;
L_0x55dfb20acb50 .delay 1 (3,3,3) L_0x55dfb20acb50/d;
L_0x55dfb20accd0/0/0 .functor AND 1, v0x55dfb20a5aa0_0, L_0x55dfb20a6070, L_0x55dfb20a61d0, v0x55dfb20a5d40_0;
L_0x55dfb20accd0/0/4 .functor AND 1, v0x55dfb20a5de0_0, v0x55dfb20a5eb0_0, C4<1>, C4<1>;
L_0x55dfb20accd0/d .functor AND 1, L_0x55dfb20accd0/0/0, L_0x55dfb20accd0/0/4, C4<1>, C4<1>;
L_0x55dfb20accd0 .delay 1 (3,3,3) L_0x55dfb20accd0/d;
L_0x55dfb20acfd0/0/0 .functor AND 1, v0x55dfb20a5aa0_0, L_0x55dfb20a6070, v0x55dfb20a5c70_0, L_0x55dfb20a6330;
L_0x55dfb20acfd0/0/4 .functor AND 1, L_0x55dfb20a64c0, L_0x55dfb20a6620, C4<1>, C4<1>;
L_0x55dfb20acfd0/d .functor AND 1, L_0x55dfb20acfd0/0/0, L_0x55dfb20acfd0/0/4, C4<1>, C4<1>;
L_0x55dfb20acfd0 .delay 1 (3,3,3) L_0x55dfb20acfd0/d;
L_0x55dfb20ad150/0/0 .functor AND 1, v0x55dfb20a5aa0_0, L_0x55dfb20a6070, v0x55dfb20a5c70_0, L_0x55dfb20a6330;
L_0x55dfb20ad150/0/4 .functor AND 1, L_0x55dfb20a64c0, v0x55dfb20a5eb0_0, C4<1>, C4<1>;
L_0x55dfb20ad150/d .functor AND 1, L_0x55dfb20ad150/0/0, L_0x55dfb20ad150/0/4, C4<1>, C4<1>;
L_0x55dfb20ad150 .delay 1 (3,3,3) L_0x55dfb20ad150/d;
L_0x55dfb20ad460/0/0 .functor AND 1, v0x55dfb20a5aa0_0, L_0x55dfb20a6070, v0x55dfb20a5c70_0, L_0x55dfb20a6330;
L_0x55dfb20ad460/0/4 .functor AND 1, v0x55dfb20a5de0_0, L_0x55dfb20a6620, C4<1>, C4<1>;
L_0x55dfb20ad460/d .functor AND 1, L_0x55dfb20ad460/0/0, L_0x55dfb20ad460/0/4, C4<1>, C4<1>;
L_0x55dfb20ad460 .delay 1 (3,3,3) L_0x55dfb20ad460/d;
L_0x55dfb20ad5e0/0/0 .functor AND 1, v0x55dfb20a5aa0_0, L_0x55dfb20a6070, v0x55dfb20a5c70_0, L_0x55dfb20a6330;
L_0x55dfb20ad5e0/0/4 .functor AND 1, v0x55dfb20a5de0_0, v0x55dfb20a5eb0_0, C4<1>, C4<1>;
L_0x55dfb20ad5e0/d .functor AND 1, L_0x55dfb20ad5e0/0/0, L_0x55dfb20ad5e0/0/4, C4<1>, C4<1>;
L_0x55dfb20ad5e0 .delay 1 (3,3,3) L_0x55dfb20ad5e0/d;
L_0x55dfb20ad900/0/0 .functor AND 1, v0x55dfb20a5aa0_0, L_0x55dfb20a6070, v0x55dfb20a5c70_0, v0x55dfb20a5d40_0;
L_0x55dfb20ad900/0/4 .functor AND 1, L_0x55dfb20a64c0, L_0x55dfb20a6620, C4<1>, C4<1>;
L_0x55dfb20ad900/d .functor AND 1, L_0x55dfb20ad900/0/0, L_0x55dfb20ad900/0/4, C4<1>, C4<1>;
L_0x55dfb20ad900 .delay 1 (3,3,3) L_0x55dfb20ad900/d;
L_0x55dfb20ada80/0/0 .functor AND 1, v0x55dfb20a5aa0_0, L_0x55dfb20a6070, v0x55dfb20a5c70_0, v0x55dfb20a5d40_0;
L_0x55dfb20ada80/0/4 .functor AND 1, L_0x55dfb20a64c0, v0x55dfb20a5eb0_0, C4<1>, C4<1>;
L_0x55dfb20ada80/d .functor AND 1, L_0x55dfb20ada80/0/0, L_0x55dfb20ada80/0/4, C4<1>, C4<1>;
L_0x55dfb20ada80 .delay 1 (3,3,3) L_0x55dfb20ada80/d;
L_0x55dfb20addb0/0/0 .functor AND 1, v0x55dfb20a5aa0_0, L_0x55dfb20a6070, v0x55dfb20a5c70_0, v0x55dfb20a5d40_0;
L_0x55dfb20addb0/0/4 .functor AND 1, v0x55dfb20a5de0_0, L_0x55dfb20a6620, C4<1>, C4<1>;
L_0x55dfb20addb0/d .functor AND 1, L_0x55dfb20addb0/0/0, L_0x55dfb20addb0/0/4, C4<1>, C4<1>;
L_0x55dfb20addb0 .delay 1 (3,3,3) L_0x55dfb20addb0/d;
L_0x55dfb20ae340/0/0 .functor AND 1, v0x55dfb20a5aa0_0, L_0x55dfb20a6070, v0x55dfb20a5c70_0, v0x55dfb20a5d40_0;
L_0x55dfb20ae340/0/4 .functor AND 1, v0x55dfb20a5de0_0, v0x55dfb20a5eb0_0, C4<1>, C4<1>;
L_0x55dfb20ae340/d .functor AND 1, L_0x55dfb20ae340/0/0, L_0x55dfb20ae340/0/4, C4<1>, C4<1>;
L_0x55dfb20ae340 .delay 1 (3,3,3) L_0x55dfb20ae340/d;
L_0x55dfb20ae680/0/0 .functor AND 1, v0x55dfb20a5aa0_0, v0x55dfb20a5b70_0, L_0x55dfb20a61d0, L_0x55dfb20a6330;
L_0x55dfb20ae680/0/4 .functor AND 1, L_0x55dfb20a64c0, L_0x55dfb20a6620, C4<1>, C4<1>;
L_0x55dfb20ae680/d .functor AND 1, L_0x55dfb20ae680/0/0, L_0x55dfb20ae680/0/4, C4<1>, C4<1>;
L_0x55dfb20ae680 .delay 1 (3,3,3) L_0x55dfb20ae680/d;
L_0x55dfb20ae800/0/0 .functor AND 1, v0x55dfb20a5aa0_0, v0x55dfb20a5b70_0, L_0x55dfb20a61d0, L_0x55dfb20a6330;
L_0x55dfb20ae800/0/4 .functor AND 1, L_0x55dfb20a64c0, v0x55dfb20a5eb0_0, C4<1>, C4<1>;
L_0x55dfb20ae800/d .functor AND 1, L_0x55dfb20ae800/0/0, L_0x55dfb20ae800/0/4, C4<1>, C4<1>;
L_0x55dfb20ae800 .delay 1 (3,3,3) L_0x55dfb20ae800/d;
L_0x55dfb20aeb50/0/0 .functor AND 1, v0x55dfb20a5aa0_0, v0x55dfb20a5b70_0, L_0x55dfb20a61d0, L_0x55dfb20a6330;
L_0x55dfb20aeb50/0/4 .functor AND 1, v0x55dfb20a5de0_0, L_0x55dfb20a6620, C4<1>, C4<1>;
L_0x55dfb20aeb50/d .functor AND 1, L_0x55dfb20aeb50/0/0, L_0x55dfb20aeb50/0/4, C4<1>, C4<1>;
L_0x55dfb20aeb50 .delay 1 (3,3,3) L_0x55dfb20aeb50/d;
L_0x55dfb20aecd0/0/0 .functor AND 1, v0x55dfb20a5aa0_0, v0x55dfb20a5b70_0, L_0x55dfb20a61d0, L_0x55dfb20a6330;
L_0x55dfb20aecd0/0/4 .functor AND 1, v0x55dfb20a5de0_0, v0x55dfb20a5eb0_0, C4<1>, C4<1>;
L_0x55dfb20aecd0/d .functor AND 1, L_0x55dfb20aecd0/0/0, L_0x55dfb20aecd0/0/4, C4<1>, C4<1>;
L_0x55dfb20aecd0 .delay 1 (3,3,3) L_0x55dfb20aecd0/d;
L_0x55dfb20af030/0/0 .functor AND 1, v0x55dfb20a5aa0_0, v0x55dfb20a5b70_0, L_0x55dfb20a61d0, v0x55dfb20a5d40_0;
L_0x55dfb20af030/0/4 .functor AND 1, L_0x55dfb20a64c0, L_0x55dfb20a6620, C4<1>, C4<1>;
L_0x55dfb20af030/d .functor AND 1, L_0x55dfb20af030/0/0, L_0x55dfb20af030/0/4, C4<1>, C4<1>;
L_0x55dfb20af030 .delay 1 (3,3,3) L_0x55dfb20af030/d;
L_0x55dfb20af1b0/0/0 .functor AND 1, v0x55dfb20a5aa0_0, v0x55dfb20a5b70_0, L_0x55dfb20a61d0, v0x55dfb20a5d40_0;
L_0x55dfb20af1b0/0/4 .functor AND 1, L_0x55dfb20a64c0, v0x55dfb20a5eb0_0, C4<1>, C4<1>;
L_0x55dfb20af1b0/d .functor AND 1, L_0x55dfb20af1b0/0/0, L_0x55dfb20af1b0/0/4, C4<1>, C4<1>;
L_0x55dfb20af1b0 .delay 1 (3,3,3) L_0x55dfb20af1b0/d;
L_0x55dfb20af520/0/0 .functor AND 1, v0x55dfb20a5aa0_0, v0x55dfb20a5b70_0, L_0x55dfb20a61d0, v0x55dfb20a5d40_0;
L_0x55dfb20af520/0/4 .functor AND 1, v0x55dfb20a5de0_0, L_0x55dfb20a6620, C4<1>, C4<1>;
L_0x55dfb20af520/d .functor AND 1, L_0x55dfb20af520/0/0, L_0x55dfb20af520/0/4, C4<1>, C4<1>;
L_0x55dfb20af520 .delay 1 (3,3,3) L_0x55dfb20af520/d;
L_0x55dfb20afab0/0/0 .functor AND 1, v0x55dfb20a5aa0_0, v0x55dfb20a5b70_0, L_0x55dfb20a61d0, v0x55dfb20a5d40_0;
L_0x55dfb20afab0/0/4 .functor AND 1, v0x55dfb20a5de0_0, v0x55dfb20a5eb0_0, C4<1>, C4<1>;
L_0x55dfb20afab0/d .functor AND 1, L_0x55dfb20afab0/0/0, L_0x55dfb20afab0/0/4, C4<1>, C4<1>;
L_0x55dfb20afab0 .delay 1 (3,3,3) L_0x55dfb20afab0/d;
L_0x55dfb20afe30/0/0 .functor AND 1, v0x55dfb20a5aa0_0, v0x55dfb20a5b70_0, v0x55dfb20a5c70_0, L_0x55dfb20a6330;
L_0x55dfb20afe30/0/4 .functor AND 1, L_0x55dfb20a64c0, L_0x55dfb20a6620, C4<1>, C4<1>;
L_0x55dfb20afe30/d .functor AND 1, L_0x55dfb20afe30/0/0, L_0x55dfb20afe30/0/4, C4<1>, C4<1>;
L_0x55dfb20afe30 .delay 1 (3,3,3) L_0x55dfb20afe30/d;
L_0x55dfb20affb0/0/0 .functor AND 1, v0x55dfb20a5aa0_0, v0x55dfb20a5b70_0, v0x55dfb20a5c70_0, L_0x55dfb20a6330;
L_0x55dfb20affb0/0/4 .functor AND 1, L_0x55dfb20a64c0, v0x55dfb20a5eb0_0, C4<1>, C4<1>;
L_0x55dfb20affb0/d .functor AND 1, L_0x55dfb20affb0/0/0, L_0x55dfb20affb0/0/4, C4<1>, C4<1>;
L_0x55dfb20affb0 .delay 1 (3,3,3) L_0x55dfb20affb0/d;
L_0x55dfb20b0340/0/0 .functor AND 1, v0x55dfb20a5aa0_0, v0x55dfb20a5b70_0, v0x55dfb20a5c70_0, L_0x55dfb20a6330;
L_0x55dfb20b0340/0/4 .functor AND 1, v0x55dfb20a5de0_0, L_0x55dfb20a6620, C4<1>, C4<1>;
L_0x55dfb20b0340/d .functor AND 1, L_0x55dfb20b0340/0/0, L_0x55dfb20b0340/0/4, C4<1>, C4<1>;
L_0x55dfb20b0340 .delay 1 (3,3,3) L_0x55dfb20b0340/d;
L_0x55dfb20b08d0/0/0 .functor AND 1, v0x55dfb20a5aa0_0, v0x55dfb20a5b70_0, v0x55dfb20a5c70_0, L_0x55dfb20a6330;
L_0x55dfb20b08d0/0/4 .functor AND 1, v0x55dfb20a5de0_0, v0x55dfb20a5eb0_0, C4<1>, C4<1>;
L_0x55dfb20b08d0/d .functor AND 1, L_0x55dfb20b08d0/0/0, L_0x55dfb20b08d0/0/4, C4<1>, C4<1>;
L_0x55dfb20b08d0 .delay 1 (3,3,3) L_0x55dfb20b08d0/d;
L_0x55dfb20b1490/0/0 .functor AND 1, v0x55dfb20a5aa0_0, v0x55dfb20a5b70_0, v0x55dfb20a5c70_0, v0x55dfb20a5d40_0;
L_0x55dfb20b1490/0/4 .functor AND 1, L_0x55dfb20a64c0, L_0x55dfb20a6620, C4<1>, C4<1>;
L_0x55dfb20b1490/d .functor AND 1, L_0x55dfb20b1490/0/0, L_0x55dfb20b1490/0/4, C4<1>, C4<1>;
L_0x55dfb20b1490 .delay 1 (3,3,3) L_0x55dfb20b1490/d;
L_0x55dfb20ab0c0/0/0 .functor AND 1, v0x55dfb20a5aa0_0, v0x55dfb20a5b70_0, v0x55dfb20a5c70_0, v0x55dfb20a5d40_0;
L_0x55dfb20ab0c0/0/4 .functor AND 1, L_0x55dfb20a64c0, v0x55dfb20a5eb0_0, C4<1>, C4<1>;
L_0x55dfb20ab0c0/d .functor AND 1, L_0x55dfb20ab0c0/0/0, L_0x55dfb20ab0c0/0/4, C4<1>, C4<1>;
L_0x55dfb20ab0c0 .delay 1 (3,3,3) L_0x55dfb20ab0c0/d;
L_0x55dfb20ab7e0/0/0 .functor AND 1, v0x55dfb20a5aa0_0, v0x55dfb20a5b70_0, v0x55dfb20a5c70_0, v0x55dfb20a5d40_0;
L_0x55dfb20ab7e0/0/4 .functor AND 1, v0x55dfb20a5de0_0, L_0x55dfb20a6620, C4<1>, C4<1>;
L_0x55dfb20ab7e0/d .functor AND 1, L_0x55dfb20ab7e0/0/0, L_0x55dfb20ab7e0/0/4, C4<1>, C4<1>;
L_0x55dfb20ab7e0 .delay 1 (3,3,3) L_0x55dfb20ab7e0/d;
L_0x55dfb20b3d70/0/0 .functor AND 1, v0x55dfb20a5aa0_0, v0x55dfb20a5b70_0, v0x55dfb20a5c70_0, v0x55dfb20a5d40_0;
L_0x55dfb20b3d70/0/4 .functor AND 1, v0x55dfb20a5de0_0, v0x55dfb20a5eb0_0, C4<1>, C4<1>;
L_0x55dfb20b3d70/d .functor AND 1, L_0x55dfb20b3d70/0/0, L_0x55dfb20b3d70/0/4, C4<1>, C4<1>;
L_0x55dfb20b3d70 .delay 1 (3,3,3) L_0x55dfb20b3d70/d;
v0x55dfb204ce40_0 .net "O", 63 0, L_0x55dfb20a8110;  alias, 1 drivers
v0x55dfb2048780_0 .net *"_s0", 0 0, L_0x55dfb20a67c0;  1 drivers
v0x55dfb20481c0_0 .net *"_s10", 0 0, L_0x55dfb20a72a0;  1 drivers
v0x55dfb2047c00_0 .net *"_s100", 0 0, L_0x55dfb20aeb50;  1 drivers
v0x55dfb2047640_0 .net *"_s102", 0 0, L_0x55dfb20aecd0;  1 drivers
v0x55dfb2037050_0 .net *"_s104", 0 0, L_0x55dfb20af030;  1 drivers
v0x55dfb2036850_0 .net *"_s106", 0 0, L_0x55dfb20af1b0;  1 drivers
v0x55dfb20a1910_0 .net *"_s108", 0 0, L_0x55dfb20af520;  1 drivers
v0x55dfb20a19f0_0 .net *"_s110", 0 0, L_0x55dfb20afab0;  1 drivers
v0x55dfb20a1ad0_0 .net *"_s112", 0 0, L_0x55dfb20afe30;  1 drivers
v0x55dfb20a1bb0_0 .net *"_s114", 0 0, L_0x55dfb20affb0;  1 drivers
v0x55dfb20a1c90_0 .net *"_s116", 0 0, L_0x55dfb20b0340;  1 drivers
v0x55dfb20a1d70_0 .net *"_s118", 0 0, L_0x55dfb20b08d0;  1 drivers
v0x55dfb20a1e50_0 .net *"_s12", 0 0, L_0x55dfb20a7460;  1 drivers
v0x55dfb20a1f30_0 .net *"_s120", 0 0, L_0x55dfb20b1490;  1 drivers
v0x55dfb20a2010_0 .net *"_s122", 0 0, L_0x55dfb20ab0c0;  1 drivers
v0x55dfb20a20f0_0 .net *"_s124", 0 0, L_0x55dfb20ab7e0;  1 drivers
v0x55dfb20a21d0_0 .net *"_s126", 0 0, L_0x55dfb20b3d70;  1 drivers
v0x55dfb20a22b0_0 .net *"_s14", 0 0, L_0x55dfb20a7780;  1 drivers
v0x55dfb20a2390_0 .net *"_s16", 0 0, L_0x55dfb20a73f0;  1 drivers
v0x55dfb20a2470_0 .net *"_s18", 0 0, L_0x55dfb20a79c0;  1 drivers
v0x55dfb20a2550_0 .net *"_s2", 0 0, L_0x55dfb20a6ab0;  1 drivers
v0x55dfb20a2630_0 .net *"_s20", 0 0, L_0x55dfb20a7b80;  1 drivers
v0x55dfb20a2710_0 .net *"_s22", 0 0, L_0x55dfb20a7dc0;  1 drivers
v0x55dfb20a27f0_0 .net *"_s24", 0 0, L_0x55dfb20a81b0;  1 drivers
v0x55dfb20a28d0_0 .net *"_s26", 0 0, L_0x55dfb20a84b0;  1 drivers
v0x55dfb20a29b0_0 .net *"_s28", 0 0, L_0x55dfb20a8820;  1 drivers
v0x55dfb20a2a90_0 .net *"_s30", 0 0, L_0x55dfb20a8b70;  1 drivers
v0x55dfb20a2b70_0 .net *"_s32", 0 0, L_0x55dfb20a8d70;  1 drivers
v0x55dfb20a2c50_0 .net *"_s34", 0 0, L_0x55dfb20a8ef0;  1 drivers
v0x55dfb20a2d30_0 .net *"_s36", 0 0, L_0x55dfb20a90f0;  1 drivers
v0x55dfb20a2e10_0 .net *"_s38", 0 0, L_0x55dfb20a9270;  1 drivers
v0x55dfb20a2ef0_0 .net *"_s4", 0 0, L_0x55dfb20a6c10;  1 drivers
v0x55dfb20a2fd0_0 .net *"_s40", 0 0, L_0x55dfb20a94d0;  1 drivers
v0x55dfb20a30b0_0 .net *"_s42", 0 0, L_0x55dfb20a9650;  1 drivers
v0x55dfb20a3190_0 .net *"_s44", 0 0, L_0x55dfb20a98c0;  1 drivers
v0x55dfb20a3270_0 .net *"_s46", 0 0, L_0x55dfb20a9c50;  1 drivers
v0x55dfb20a3350_0 .net *"_s48", 0 0, L_0x55dfb20a9ed0;  1 drivers
v0x55dfb20a3430_0 .net *"_s50", 0 0, L_0x55dfb20aa050;  1 drivers
v0x55dfb20a3510_0 .net *"_s52", 0 0, L_0x55dfb20aa2e0;  1 drivers
v0x55dfb20a35f0_0 .net *"_s54", 0 0, L_0x55dfb20aa670;  1 drivers
v0x55dfb20a36d0_0 .net *"_s56", 0 0, L_0x55dfb20aad30;  1 drivers
v0x55dfb20a37b0_0 .net *"_s58", 0 0, L_0x55dfb20a80a0;  1 drivers
v0x55dfb20a3890_0 .net *"_s6", 0 0, L_0x55dfb20a6e80;  1 drivers
v0x55dfb20a3970_0 .net *"_s60", 0 0, L_0x55dfb2081f00;  1 drivers
v0x55dfb20a3a50_0 .net *"_s62", 0 0, L_0x55dfb20a85f0;  1 drivers
v0x55dfb20a3b30_0 .net *"_s64", 0 0, L_0x55dfb20abe80;  1 drivers
v0x55dfb20a3c10_0 .net *"_s66", 0 0, L_0x55dfb20ac000;  1 drivers
v0x55dfb20a3cf0_0 .net *"_s68", 0 0, L_0x55dfb20ac280;  1 drivers
v0x55dfb20a3dd0_0 .net *"_s70", 0 0, L_0x55dfb20ac400;  1 drivers
v0x55dfb20a3eb0_0 .net *"_s72", 0 0, L_0x55dfb20ac6e0;  1 drivers
v0x55dfb20a3f90_0 .net *"_s74", 0 0, L_0x55dfb20ac860;  1 drivers
v0x55dfb20a4070_0 .net *"_s76", 0 0, L_0x55dfb20acb50;  1 drivers
v0x55dfb20a4150_0 .net *"_s78", 0 0, L_0x55dfb20accd0;  1 drivers
v0x55dfb20a4230_0 .net *"_s8", 0 0, L_0x55dfb20a70c0;  1 drivers
v0x55dfb20a4310_0 .net *"_s80", 0 0, L_0x55dfb20acfd0;  1 drivers
v0x55dfb20a43f0_0 .net *"_s82", 0 0, L_0x55dfb20ad150;  1 drivers
v0x55dfb20a44d0_0 .net *"_s84", 0 0, L_0x55dfb20ad460;  1 drivers
v0x55dfb20a45b0_0 .net *"_s86", 0 0, L_0x55dfb20ad5e0;  1 drivers
v0x55dfb20a4690_0 .net *"_s88", 0 0, L_0x55dfb20ad900;  1 drivers
v0x55dfb20a4770_0 .net *"_s90", 0 0, L_0x55dfb20ada80;  1 drivers
v0x55dfb20a4850_0 .net *"_s92", 0 0, L_0x55dfb20addb0;  1 drivers
v0x55dfb20a4930_0 .net *"_s94", 0 0, L_0x55dfb20ae340;  1 drivers
v0x55dfb20a4a10_0 .net *"_s96", 0 0, L_0x55dfb20ae680;  1 drivers
v0x55dfb20a4af0_0 .net *"_s98", 0 0, L_0x55dfb20ae800;  1 drivers
v0x55dfb20a4fe0_0 .net "i1", 0 0, v0x55dfb20a5aa0_0;  1 drivers
v0x55dfb20a50a0_0 .net "i2", 0 0, v0x55dfb20a5b70_0;  1 drivers
v0x55dfb20a5160_0 .net "i3", 0 0, v0x55dfb20a5c70_0;  1 drivers
v0x55dfb20a5220_0 .net "i4", 0 0, v0x55dfb20a5d40_0;  1 drivers
v0x55dfb20a52e0_0 .net "i5", 0 0, v0x55dfb20a5de0_0;  1 drivers
v0x55dfb20a53a0_0 .net "i6", 0 0, v0x55dfb20a5eb0_0;  1 drivers
v0x55dfb20a5460_0 .net "noti1", 0 0, L_0x55dfb20a5f80;  1 drivers
v0x55dfb20a5520_0 .net "noti2", 0 0, L_0x55dfb20a6070;  1 drivers
v0x55dfb20a55e0_0 .net "noti3", 0 0, L_0x55dfb20a61d0;  1 drivers
v0x55dfb20a56a0_0 .net "noti4", 0 0, L_0x55dfb20a6330;  1 drivers
v0x55dfb20a5760_0 .net "noti5", 0 0, L_0x55dfb20a64c0;  1 drivers
v0x55dfb20a5820_0 .net "noti6", 0 0, L_0x55dfb20a6620;  1 drivers
LS_0x55dfb20a8110_0_0 .concat8 [ 1 1 1 1], L_0x55dfb20a67c0, L_0x55dfb20a6ab0, L_0x55dfb20a6c10, L_0x55dfb20a6e80;
LS_0x55dfb20a8110_0_4 .concat8 [ 1 1 1 1], L_0x55dfb20a70c0, L_0x55dfb20a72a0, L_0x55dfb20a7460, L_0x55dfb20a7780;
LS_0x55dfb20a8110_0_8 .concat8 [ 1 1 1 1], L_0x55dfb20a73f0, L_0x55dfb20a79c0, L_0x55dfb20a7b80, L_0x55dfb20a7dc0;
LS_0x55dfb20a8110_0_12 .concat8 [ 1 1 1 1], L_0x55dfb20a81b0, L_0x55dfb20a84b0, L_0x55dfb20a8820, L_0x55dfb20a8b70;
LS_0x55dfb20a8110_0_16 .concat8 [ 1 1 1 1], L_0x55dfb20a8d70, L_0x55dfb20a8ef0, L_0x55dfb20a90f0, L_0x55dfb20a9270;
LS_0x55dfb20a8110_0_20 .concat8 [ 1 1 1 1], L_0x55dfb20a94d0, L_0x55dfb20a9650, L_0x55dfb20a98c0, L_0x55dfb20a9c50;
LS_0x55dfb20a8110_0_24 .concat8 [ 1 1 1 1], L_0x55dfb20a9ed0, L_0x55dfb20aa050, L_0x55dfb20aa2e0, L_0x55dfb20aa670;
LS_0x55dfb20a8110_0_28 .concat8 [ 1 1 1 1], L_0x55dfb20aad30, L_0x55dfb20a80a0, L_0x55dfb2081f00, L_0x55dfb20a85f0;
LS_0x55dfb20a8110_0_32 .concat8 [ 1 1 1 1], L_0x55dfb20abe80, L_0x55dfb20ac000, L_0x55dfb20ac280, L_0x55dfb20ac400;
LS_0x55dfb20a8110_0_36 .concat8 [ 1 1 1 1], L_0x55dfb20ac6e0, L_0x55dfb20ac860, L_0x55dfb20acb50, L_0x55dfb20accd0;
LS_0x55dfb20a8110_0_40 .concat8 [ 1 1 1 1], L_0x55dfb20acfd0, L_0x55dfb20ad150, L_0x55dfb20ad460, L_0x55dfb20ad5e0;
LS_0x55dfb20a8110_0_44 .concat8 [ 1 1 1 1], L_0x55dfb20ad900, L_0x55dfb20ada80, L_0x55dfb20addb0, L_0x55dfb20ae340;
LS_0x55dfb20a8110_0_48 .concat8 [ 1 1 1 1], L_0x55dfb20ae680, L_0x55dfb20ae800, L_0x55dfb20aeb50, L_0x55dfb20aecd0;
LS_0x55dfb20a8110_0_52 .concat8 [ 1 1 1 1], L_0x55dfb20af030, L_0x55dfb20af1b0, L_0x55dfb20af520, L_0x55dfb20afab0;
LS_0x55dfb20a8110_0_56 .concat8 [ 1 1 1 1], L_0x55dfb20afe30, L_0x55dfb20affb0, L_0x55dfb20b0340, L_0x55dfb20b08d0;
LS_0x55dfb20a8110_0_60 .concat8 [ 1 1 1 1], L_0x55dfb20b1490, L_0x55dfb20ab0c0, L_0x55dfb20ab7e0, L_0x55dfb20b3d70;
LS_0x55dfb20a8110_1_0 .concat8 [ 4 4 4 4], LS_0x55dfb20a8110_0_0, LS_0x55dfb20a8110_0_4, LS_0x55dfb20a8110_0_8, LS_0x55dfb20a8110_0_12;
LS_0x55dfb20a8110_1_4 .concat8 [ 4 4 4 4], LS_0x55dfb20a8110_0_16, LS_0x55dfb20a8110_0_20, LS_0x55dfb20a8110_0_24, LS_0x55dfb20a8110_0_28;
LS_0x55dfb20a8110_1_8 .concat8 [ 4 4 4 4], LS_0x55dfb20a8110_0_32, LS_0x55dfb20a8110_0_36, LS_0x55dfb20a8110_0_40, LS_0x55dfb20a8110_0_44;
LS_0x55dfb20a8110_1_12 .concat8 [ 4 4 4 4], LS_0x55dfb20a8110_0_48, LS_0x55dfb20a8110_0_52, LS_0x55dfb20a8110_0_56, LS_0x55dfb20a8110_0_60;
L_0x55dfb20a8110 .concat8 [ 16 16 16 16], LS_0x55dfb20a8110_1_0, LS_0x55dfb20a8110_1_4, LS_0x55dfb20a8110_1_8, LS_0x55dfb20a8110_1_12;
    .scope S_0x55dfb2022050;
T_0 ;
    %pushi/vec4 0, 0, 1;
    %assign/vec4 v0x55dfb20a5aa0_0, 0;
    %pushi/vec4 0, 0, 1;
    %assign/vec4 v0x55dfb20a5b70_0, 0;
    %pushi/vec4 0, 0, 1;
    %assign/vec4 v0x55dfb20a5c70_0, 0;
    %pushi/vec4 0, 0, 1;
    %assign/vec4 v0x55dfb20a5d40_0, 0;
    %pushi/vec4 0, 0, 1;
    %assign/vec4 v0x55dfb20a5de0_0, 0;
    %pushi/vec4 0, 0, 1;
    %assign/vec4 v0x55dfb20a5eb0_0, 0;
    %delay 20, 0;
    %vpi_call 2 18 "$display", "Output of all 0's: %b", v0x55dfb20a59c0_0 {0 0 0};
    %pushi/vec4 1, 0, 1;
    %assign/vec4 v0x55dfb20a5aa0_0, 0;
    %pushi/vec4 1, 0, 1;
    %assign/vec4 v0x55dfb20a5b70_0, 0;
    %pushi/vec4 1, 0, 1;
    %assign/vec4 v0x55dfb20a5c70_0, 0;
    %pushi/vec4 1, 0, 1;
    %assign/vec4 v0x55dfb20a5d40_0, 0;
    %pushi/vec4 1, 0, 1;
    %assign/vec4 v0x55dfb20a5de0_0, 0;
    %pushi/vec4 1, 0, 1;
    %assign/vec4 v0x55dfb20a5eb0_0, 0;
    %delay 20, 0;
    %vpi_call 2 27 "$display", "Output of all 1's: %b", v0x55dfb20a59c0_0 {0 0 0};
    %pushi/vec4 1, 0, 1;
    %assign/vec4 v0x55dfb20a5aa0_0, 0;
    %pushi/vec4 0, 0, 1;
    %assign/vec4 v0x55dfb20a5b70_0, 0;
    %pushi/vec4 1, 0, 1;
    %assign/vec4 v0x55dfb20a5c70_0, 0;
    %pushi/vec4 0, 0, 1;
    %assign/vec4 v0x55dfb20a5d40_0, 0;
    %pushi/vec4 1, 0, 1;
    %assign/vec4 v0x55dfb20a5de0_0, 0;
    %pushi/vec4 0, 0, 1;
    %assign/vec4 v0x55dfb20a5eb0_0, 0;
    %delay 20, 0;
    %vpi_call 2 36 "$display", "Output of i1:1  i2:0 i3:1 i4:0 i5:1 i6:0:" {0 0 0};
    %vpi_call 2 37 "$display", "%b", v0x55dfb20a59c0_0 {0 0 0};
    %pushi/vec4 1, 0, 1;
    %assign/vec4 v0x55dfb20a5aa0_0, 0;
    %pushi/vec4 0, 0, 1;
    %assign/vec4 v0x55dfb20a5b70_0, 0;
    %pushi/vec4 0, 0, 1;
    %assign/vec4 v0x55dfb20a5c70_0, 0;
    %pushi/vec4 0, 0, 1;
    %assign/vec4 v0x55dfb20a5d40_0, 0;
    %pushi/vec4 0, 0, 1;
    %assign/vec4 v0x55dfb20a5de0_0, 0;
    %pushi/vec4 0, 0, 1;
    %assign/vec4 v0x55dfb20a5eb0_0, 0;
    %delay 20, 0;
    %vpi_call 2 46 "$display", "Output of i1:1  i2:0 i3:0 i4:0 i5:0 i6:0:" {0 0 0};
    %vpi_call 2 47 "$display", "%b", v0x55dfb20a59c0_0 {0 0 0};
    %end;
    .thread T_0;
# The file index is used to find the file name in the following table.
:file_names 4;
    "N/A";
    "<interactive>";
    "decoder-test.v";
    "decoder.v";
