#! /usr/bin/vvp
:ivl_version "10.3 (stable)";
:ivl_delay_selection "TYPICAL";
:vpi_time_precision + 0;
:vpi_module "system";
:vpi_module "vhdl_sys";
:vpi_module "v2005_math";
:vpi_module "va_math";
S_0x5627941010f0 .scope module, "compare_test" "compare_test" 2 1;
 .timescale 0 0;
v0x5627941bddb0_0 .var "A", 63 0;
v0x5627941bde70_0 .var "B", 63 0;
v0x5627941bdf40_0 .net "O", 0 0, L_0x5627941d5800;  1 drivers
S_0x562794101270 .scope module, "DUT" "compare" 2 7, 3 1 0, S_0x5627941010f0;
 .timescale 0 0;
    .port_info 0 /INPUT 64 "A"
    .port_info 1 /INPUT 64 "B"
    .port_info 2 /OUTPUT 1 "O"
L_0x5627941d5800/0/0 .functor AND 1, L_0x5627941d5960, L_0x5627941d5ec0, L_0x5627941d5fb0, L_0x5627941d5aa0;
L_0x5627941d5800/0/4 .functor AND 1, L_0x5627941d5b40, L_0x5627941d5c30, L_0x5627941d5d20, L_0x5627941d5e10;
L_0x5627941d5800/0/8 .functor AND 1, L_0x5627941d6540, L_0x5627941d60a0, L_0x5627941d6190, L_0x5627941d6280;
L_0x5627941d5800/0/12 .functor AND 1, L_0x5627941d6370, L_0x5627941d6ab0, L_0x5627941d6b50, L_0x5627941d6630;
L_0x5627941d5800/0/16 .functor AND 1, L_0x5627941d6720, L_0x5627941d6810, L_0x5627941d6900, L_0x5627941d69f0;
L_0x5627941d5800/0/20 .functor AND 1, L_0x5627941d7140, L_0x5627941d6c40, L_0x5627941d6d30, L_0x5627941d6e20;
L_0x5627941d5800/0/24 .functor AND 1, L_0x5627941d6f10, L_0x5627941d7000, L_0x5627941d7710, L_0x5627941d7230;
L_0x5627941d5800/0/28 .functor AND 1, L_0x5627941d7320, L_0x5627941d7410, L_0x5627941d7500, L_0x5627941d75f0;
L_0x5627941d5800/0/32 .functor AND 1, L_0x5627941d7d10, L_0x5627941d7800, L_0x5627941d78f0, L_0x5627941d79e0;
L_0x5627941d5800/0/36 .functor AND 1, L_0x5627941d7ad0, L_0x5627941d7bc0, L_0x5627941d8340, L_0x5627941d7e00;
L_0x5627941d5800/0/40 .functor AND 1, L_0x5627941d7ef0, L_0x5627941d7fe0, L_0x5627941d80d0, L_0x5627941d81c0;
L_0x5627941d5800/0/44 .functor AND 1, L_0x5627941d8950, L_0x5627941d83e0, L_0x5627941d84d0, L_0x5627941d85c0;
L_0x5627941d5800/0/48 .functor AND 1, L_0x5627941d86b0, L_0x5627941d87a0, L_0x5627941d8890, L_0x5627941d89f0;
L_0x5627941d5800/0/52 .functor AND 1, L_0x5627941d8ae0, L_0x5627941d8bd0, L_0x5627941d8cc0, L_0x5627941d8db0;
L_0x5627941d5800/0/56 .functor AND 1, L_0x5627941d8ea0, L_0x5627941d95c0, L_0x5627941d96b0, L_0x5627941d8fe0;
L_0x5627941d5800/0/60 .functor AND 1, L_0x5627941d90d0, L_0x5627941d91c0, L_0x5627941d92b0, L_0x5627941d93a0;
L_0x5627941d5800/1/0 .functor AND 1, L_0x5627941d5800/0/0, L_0x5627941d5800/0/4, L_0x5627941d5800/0/8, L_0x5627941d5800/0/12;
L_0x5627941d5800/1/4 .functor AND 1, L_0x5627941d5800/0/16, L_0x5627941d5800/0/20, L_0x5627941d5800/0/24, L_0x5627941d5800/0/28;
L_0x5627941d5800/1/8 .functor AND 1, L_0x5627941d5800/0/32, L_0x5627941d5800/0/36, L_0x5627941d5800/0/40, L_0x5627941d5800/0/44;
L_0x5627941d5800/1/12 .functor AND 1, L_0x5627941d5800/0/48, L_0x5627941d5800/0/52, L_0x5627941d5800/0/56, L_0x5627941d5800/0/60;
L_0x5627941d5800/d .functor AND 1, L_0x5627941d5800/1/0, L_0x5627941d5800/1/4, L_0x5627941d5800/1/8, L_0x5627941d5800/1/12;
L_0x5627941d5800 .delay 1 (64,64,64) L_0x5627941d5800/d;
v0x5627941b5b50_0 .net "A", 63 0, v0x5627941bddb0_0;  1 drivers
v0x5627941b5c50_0 .net "B", 63 0, v0x5627941bde70_0;  1 drivers
v0x5627941b5d30_0 .net "O", 0 0, L_0x5627941d5800;  alias, 1 drivers
v0x5627941b5dd0_0 .net *"_s0", 0 0, L_0x5627941be040;  1 drivers
v0x5627941b5eb0_0 .net *"_s100", 0 0, L_0x5627941c4560;  1 drivers
v0x5627941b5fe0_0 .net *"_s104", 0 0, L_0x5627941c4a30;  1 drivers
v0x5627941b60c0_0 .net *"_s108", 0 0, L_0x5627941c4f10;  1 drivers
v0x5627941b61a0_0 .net *"_s112", 0 0, L_0x5627941c5400;  1 drivers
v0x5627941b6280_0 .net *"_s116", 0 0, L_0x5627941c5900;  1 drivers
v0x5627941b6360_0 .net *"_s12", 0 0, L_0x5627941bea10;  1 drivers
v0x5627941b6440_0 .net *"_s120", 0 0, L_0x5627941c5e10;  1 drivers
v0x5627941b6520_0 .net *"_s124", 0 0, L_0x5627941c6740;  1 drivers
v0x5627941b6600_0 .net *"_s128", 0 0, L_0x5627941c6c70;  1 drivers
v0x5627941b66e0_0 .net *"_s132", 0 0, L_0x5627941c71b0;  1 drivers
v0x5627941b67c0_0 .net *"_s136", 0 0, L_0x5627941c7700;  1 drivers
v0x5627941b68a0_0 .net *"_s140", 0 0, L_0x5627941c7c60;  1 drivers
v0x5627941b6980_0 .net *"_s144", 0 0, L_0x5627941c81d0;  1 drivers
v0x5627941b6a60_0 .net *"_s148", 0 0, L_0x5627941c8750;  1 drivers
v0x5627941b6b40_0 .net *"_s152", 0 0, L_0x5627941c8ce0;  1 drivers
v0x5627941b6c20_0 .net *"_s156", 0 0, L_0x5627941c9280;  1 drivers
v0x5627941b6d00_0 .net *"_s16", 0 0, L_0x5627941bed00;  1 drivers
v0x5627941b6de0_0 .net *"_s160", 0 0, L_0x5627941c9830;  1 drivers
v0x5627941b6ec0_0 .net *"_s164", 0 0, L_0x5627941c9df0;  1 drivers
v0x5627941b6fa0_0 .net *"_s168", 0 0, L_0x5627941ca3c0;  1 drivers
v0x5627941b7080_0 .net *"_s172", 0 0, L_0x5627941ca9a0;  1 drivers
v0x5627941b7160_0 .net *"_s176", 0 0, L_0x5627941caf90;  1 drivers
v0x5627941b7240_0 .net *"_s180", 0 0, L_0x5627941cb590;  1 drivers
v0x5627941b7320_0 .net *"_s184", 0 0, L_0x5627941cbba0;  1 drivers
v0x5627941b7400_0 .net *"_s188", 0 0, L_0x5627941cc1c0;  1 drivers
v0x5627941b74e0_0 .net *"_s192", 0 0, L_0x5627941cc7f0;  1 drivers
v0x5627941b75c0_0 .net *"_s196", 0 0, L_0x5627941cce30;  1 drivers
v0x5627941b76a0_0 .net *"_s20", 0 0, L_0x5627941bf080;  1 drivers
v0x5627941b7780_0 .net *"_s200", 0 0, L_0x5627941cd480;  1 drivers
v0x5627941b7a70_0 .net *"_s204", 0 0, L_0x5627941cdae0;  1 drivers
v0x5627941b7b50_0 .net *"_s208", 0 0, L_0x5627941ce150;  1 drivers
v0x5627941b7c30_0 .net *"_s212", 0 0, L_0x5627941ce7d0;  1 drivers
v0x5627941b7d10_0 .net *"_s216", 0 0, L_0x5627941cee60;  1 drivers
v0x5627941b7df0_0 .net *"_s220", 0 0, L_0x5627941cf500;  1 drivers
v0x5627941b7ed0_0 .net *"_s224", 0 0, L_0x5627941cfbb0;  1 drivers
v0x5627941b7fb0_0 .net *"_s228", 0 0, L_0x5627941d0270;  1 drivers
v0x5627941b8090_0 .net *"_s232", 0 0, L_0x5627941d0940;  1 drivers
v0x5627941b8170_0 .net *"_s236", 0 0, L_0x5627941d1020;  1 drivers
v0x5627941b8250_0 .net *"_s24", 0 0, L_0x5627941bf3c0;  1 drivers
v0x5627941b8330_0 .net *"_s240", 0 0, L_0x5627941d1710;  1 drivers
v0x5627941b8410_0 .net *"_s244", 0 0, L_0x5627941d1e10;  1 drivers
v0x5627941b84f0_0 .net *"_s248", 0 0, L_0x5627941d2520;  1 drivers
v0x5627941b85d0_0 .net *"_s252", 0 0, L_0x5627941d50b0;  1 drivers
v0x5627941b86b0_0 .net *"_s259", 0 0, L_0x5627941d5960;  1 drivers
v0x5627941b8790_0 .net *"_s261", 0 0, L_0x5627941d5ec0;  1 drivers
v0x5627941b8870_0 .net *"_s263", 0 0, L_0x5627941d5fb0;  1 drivers
v0x5627941b8950_0 .net *"_s265", 0 0, L_0x5627941d5aa0;  1 drivers
v0x5627941b8a30_0 .net *"_s267", 0 0, L_0x5627941d5b40;  1 drivers
v0x5627941b8b10_0 .net *"_s269", 0 0, L_0x5627941d5c30;  1 drivers
v0x5627941b8bf0_0 .net *"_s271", 0 0, L_0x5627941d5d20;  1 drivers
v0x5627941b8cd0_0 .net *"_s273", 0 0, L_0x5627941d5e10;  1 drivers
v0x5627941b8db0_0 .net *"_s275", 0 0, L_0x5627941d6540;  1 drivers
v0x5627941b8e90_0 .net *"_s277", 0 0, L_0x5627941d60a0;  1 drivers
v0x5627941b8f70_0 .net *"_s279", 0 0, L_0x5627941d6190;  1 drivers
v0x5627941b9050_0 .net *"_s28", 0 0, L_0x5627941bf350;  1 drivers
v0x5627941b9130_0 .net *"_s281", 0 0, L_0x5627941d6280;  1 drivers
v0x5627941b9210_0 .net *"_s283", 0 0, L_0x5627941d6370;  1 drivers
v0x5627941b92f0_0 .net *"_s285", 0 0, L_0x5627941d6ab0;  1 drivers
v0x5627941b93d0_0 .net *"_s287", 0 0, L_0x5627941d6b50;  1 drivers
v0x5627941b94b0_0 .net *"_s289", 0 0, L_0x5627941d6630;  1 drivers
v0x5627941b9590_0 .net *"_s291", 0 0, L_0x5627941d6720;  1 drivers
v0x5627941b9a80_0 .net *"_s293", 0 0, L_0x5627941d6810;  1 drivers
v0x5627941b9b60_0 .net *"_s295", 0 0, L_0x5627941d6900;  1 drivers
v0x5627941b9c40_0 .net *"_s297", 0 0, L_0x5627941d69f0;  1 drivers
v0x5627941b9d20_0 .net *"_s299", 0 0, L_0x5627941d7140;  1 drivers
v0x5627941b9e00_0 .net *"_s301", 0 0, L_0x5627941d6c40;  1 drivers
v0x5627941b9ee0_0 .net *"_s303", 0 0, L_0x5627941d6d30;  1 drivers
v0x5627941b9fc0_0 .net *"_s305", 0 0, L_0x5627941d6e20;  1 drivers
v0x5627941ba0a0_0 .net *"_s307", 0 0, L_0x5627941d6f10;  1 drivers
v0x5627941ba180_0 .net *"_s309", 0 0, L_0x5627941d7000;  1 drivers
v0x5627941ba260_0 .net *"_s311", 0 0, L_0x5627941d7710;  1 drivers
v0x5627941ba340_0 .net *"_s313", 0 0, L_0x5627941d7230;  1 drivers
v0x5627941ba420_0 .net *"_s315", 0 0, L_0x5627941d7320;  1 drivers
v0x5627941ba500_0 .net *"_s317", 0 0, L_0x5627941d7410;  1 drivers
v0x5627941ba5e0_0 .net *"_s319", 0 0, L_0x5627941d7500;  1 drivers
v0x5627941ba6c0_0 .net *"_s32", 0 0, L_0x5627941bfbb0;  1 drivers
v0x5627941ba7a0_0 .net *"_s321", 0 0, L_0x5627941d75f0;  1 drivers
v0x5627941ba880_0 .net *"_s323", 0 0, L_0x5627941d7d10;  1 drivers
v0x5627941ba960_0 .net *"_s325", 0 0, L_0x5627941d7800;  1 drivers
v0x5627941baa40_0 .net *"_s327", 0 0, L_0x5627941d78f0;  1 drivers
v0x5627941bab20_0 .net *"_s329", 0 0, L_0x5627941d79e0;  1 drivers
v0x5627941bac00_0 .net *"_s331", 0 0, L_0x5627941d7ad0;  1 drivers
v0x5627941bace0_0 .net *"_s333", 0 0, L_0x5627941d7bc0;  1 drivers
v0x5627941badc0_0 .net *"_s335", 0 0, L_0x5627941d8340;  1 drivers
v0x5627941baea0_0 .net *"_s337", 0 0, L_0x5627941d7e00;  1 drivers
v0x5627941baf80_0 .net *"_s339", 0 0, L_0x5627941d7ef0;  1 drivers
v0x5627941bb060_0 .net *"_s341", 0 0, L_0x5627941d7fe0;  1 drivers
v0x5627941bb140_0 .net *"_s343", 0 0, L_0x5627941d80d0;  1 drivers
v0x5627941bb220_0 .net *"_s345", 0 0, L_0x5627941d81c0;  1 drivers
v0x5627941bb300_0 .net *"_s347", 0 0, L_0x5627941d8950;  1 drivers
v0x5627941bb3e0_0 .net *"_s349", 0 0, L_0x5627941d83e0;  1 drivers
v0x5627941bb4c0_0 .net *"_s351", 0 0, L_0x5627941d84d0;  1 drivers
v0x5627941bb5a0_0 .net *"_s353", 0 0, L_0x5627941d85c0;  1 drivers
v0x5627941bb680_0 .net *"_s355", 0 0, L_0x5627941d86b0;  1 drivers
v0x5627941bb760_0 .net *"_s357", 0 0, L_0x5627941d87a0;  1 drivers
v0x5627941bb840_0 .net *"_s359", 0 0, L_0x5627941d8890;  1 drivers
v0x5627941bb920_0 .net *"_s36", 0 0, L_0x5627941bff70;  1 drivers
v0x5627941bba00_0 .net *"_s361", 0 0, L_0x5627941d89f0;  1 drivers
v0x5627941bbae0_0 .net *"_s363", 0 0, L_0x5627941d8ae0;  1 drivers
v0x5627941bbbc0_0 .net *"_s365", 0 0, L_0x5627941d8bd0;  1 drivers
v0x5627941bbca0_0 .net *"_s367", 0 0, L_0x5627941d8cc0;  1 drivers
v0x5627941bbd80_0 .net *"_s369", 0 0, L_0x5627941d8db0;  1 drivers
v0x5627941bbe60_0 .net *"_s371", 0 0, L_0x5627941d8ea0;  1 drivers
v0x5627941bbf40_0 .net *"_s373", 0 0, L_0x5627941d95c0;  1 drivers
v0x5627941bc020_0 .net *"_s375", 0 0, L_0x5627941d96b0;  1 drivers
v0x5627941bc100_0 .net *"_s377", 0 0, L_0x5627941d8fe0;  1 drivers
v0x5627941bc1e0_0 .net *"_s379", 0 0, L_0x5627941d90d0;  1 drivers
v0x5627941bc2c0_0 .net *"_s381", 0 0, L_0x5627941d91c0;  1 drivers
v0x5627941bc3a0_0 .net *"_s383", 0 0, L_0x5627941d92b0;  1 drivers
v0x5627941bc480_0 .net *"_s385", 0 0, L_0x5627941d93a0;  1 drivers
v0x5627941bc560_0 .net *"_s4", 0 0, L_0x5627941be410;  1 drivers
v0x5627941bc640_0 .net *"_s40", 0 0, L_0x5627941c0340;  1 drivers
v0x5627941bc720_0 .net *"_s44", 0 0, L_0x5627941c0680;  1 drivers
v0x5627941bc800_0 .net *"_s48", 0 0, L_0x5627941c0a70;  1 drivers
v0x5627941bc8e0_0 .net *"_s52", 0 0, L_0x5627941c0e70;  1 drivers
v0x5627941bc9c0_0 .net *"_s56", 0 0, L_0x5627941c1280;  1 drivers
v0x5627941bcaa0_0 .net *"_s60", 0 0, L_0x5627941c18b0;  1 drivers
v0x5627941bcb80_0 .net *"_s64", 0 0, L_0x5627941c1ce0;  1 drivers
v0x5627941bcc60_0 .net *"_s68", 0 0, L_0x5627941c2120;  1 drivers
v0x5627941bcd40_0 .net *"_s72", 0 0, L_0x5627941c2570;  1 drivers
v0x5627941bce20_0 .net *"_s76", 0 0, L_0x5627941c29d0;  1 drivers
v0x5627941bcf00_0 .net *"_s8", 0 0, L_0x5627941be730;  1 drivers
v0x5627941bcfe0_0 .net *"_s80", 0 0, L_0x5627941c2e40;  1 drivers
v0x5627941bd0c0_0 .net *"_s84", 0 0, L_0x5627941c32c0;  1 drivers
v0x5627941bd1a0_0 .net *"_s88", 0 0, L_0x5627941c3750;  1 drivers
v0x5627941bda90_0 .net *"_s92", 0 0, L_0x5627941c3bf0;  1 drivers
v0x5627941bdb70_0 .net *"_s96", 0 0, L_0x5627941c40a0;  1 drivers
v0x5627941bdc50_0 .net "temp", 63 0, L_0x5627941d3c60;  1 drivers
L_0x5627941be190 .part v0x5627941bddb0_0, 0, 1;
L_0x5627941be2d0 .part v0x5627941bde70_0, 0, 1;
L_0x5627941be520 .part v0x5627941bddb0_0, 1, 1;
L_0x5627941be610 .part v0x5627941bde70_0, 1, 1;
L_0x5627941be840 .part v0x5627941bddb0_0, 2, 1;
L_0x5627941be930 .part v0x5627941bde70_0, 2, 1;
L_0x5627941bead0 .part v0x5627941bddb0_0, 3, 1;
L_0x5627941bebc0 .part v0x5627941bde70_0, 3, 1;
L_0x5627941bee40 .part v0x5627941bddb0_0, 4, 1;
L_0x5627941bef30 .part v0x5627941bde70_0, 4, 1;
L_0x5627941bf170 .part v0x5627941bddb0_0, 5, 1;
L_0x5627941bf260 .part v0x5627941bde70_0, 5, 1;
L_0x5627941bf500 .part v0x5627941bddb0_0, 6, 1;
L_0x5627941bf5f0 .part v0x5627941bde70_0, 6, 1;
L_0x5627941bf940 .part v0x5627941bddb0_0, 7, 1;
L_0x5627941bfa30 .part v0x5627941bde70_0, 7, 1;
L_0x5627941bfcf0 .part v0x5627941bddb0_0, 8, 1;
L_0x5627941bfde0 .part v0x5627941bde70_0, 8, 1;
L_0x5627941c00b0 .part v0x5627941bddb0_0, 9, 1;
L_0x5627941c01a0 .part v0x5627941bde70_0, 9, 1;
L_0x5627941bfed0 .part v0x5627941bddb0_0, 10, 1;
L_0x5627941c04d0 .part v0x5627941bde70_0, 10, 1;
L_0x5627941c07c0 .part v0x5627941bddb0_0, 11, 1;
L_0x5627941c08b0 .part v0x5627941bde70_0, 11, 1;
L_0x5627941c0bb0 .part v0x5627941bddb0_0, 12, 1;
L_0x5627941c0ca0 .part v0x5627941bde70_0, 12, 1;
L_0x5627941c0fb0 .part v0x5627941bddb0_0, 13, 1;
L_0x5627941c10a0 .part v0x5627941bde70_0, 13, 1;
L_0x5627941c13c0 .part v0x5627941bddb0_0, 14, 1;
L_0x5627941c14b0 .part v0x5627941bde70_0, 14, 1;
L_0x5627941c19f0 .part v0x5627941bddb0_0, 15, 1;
L_0x5627941c1ae0 .part v0x5627941bde70_0, 15, 1;
L_0x5627941c1e20 .part v0x5627941bddb0_0, 16, 1;
L_0x5627941c1f10 .part v0x5627941bde70_0, 16, 1;
L_0x5627941c2260 .part v0x5627941bddb0_0, 17, 1;
L_0x5627941c2350 .part v0x5627941bde70_0, 17, 1;
L_0x5627941c26b0 .part v0x5627941bddb0_0, 18, 1;
L_0x5627941c27a0 .part v0x5627941bde70_0, 18, 1;
L_0x5627941c2b10 .part v0x5627941bddb0_0, 19, 1;
L_0x5627941c2c00 .part v0x5627941bde70_0, 19, 1;
L_0x5627941c2f80 .part v0x5627941bddb0_0, 20, 1;
L_0x5627941c3070 .part v0x5627941bde70_0, 20, 1;
L_0x5627941c3400 .part v0x5627941bddb0_0, 21, 1;
L_0x5627941c34f0 .part v0x5627941bde70_0, 21, 1;
L_0x5627941c3890 .part v0x5627941bddb0_0, 22, 1;
L_0x5627941c3980 .part v0x5627941bde70_0, 22, 1;
L_0x5627941c3d30 .part v0x5627941bddb0_0, 23, 1;
L_0x5627941c3e20 .part v0x5627941bde70_0, 23, 1;
L_0x5627941c41e0 .part v0x5627941bddb0_0, 24, 1;
L_0x5627941c42d0 .part v0x5627941bde70_0, 24, 1;
L_0x5627941c46a0 .part v0x5627941bddb0_0, 25, 1;
L_0x5627941c4790 .part v0x5627941bde70_0, 25, 1;
L_0x5627941c4b70 .part v0x5627941bddb0_0, 26, 1;
L_0x5627941c4c60 .part v0x5627941bde70_0, 26, 1;
L_0x5627941c5050 .part v0x5627941bddb0_0, 27, 1;
L_0x5627941c5140 .part v0x5627941bde70_0, 27, 1;
L_0x5627941c5540 .part v0x5627941bddb0_0, 28, 1;
L_0x5627941c5630 .part v0x5627941bde70_0, 28, 1;
L_0x5627941c5a40 .part v0x5627941bddb0_0, 29, 1;
L_0x5627941c5b30 .part v0x5627941bde70_0, 29, 1;
L_0x5627941c5f50 .part v0x5627941bddb0_0, 30, 1;
L_0x5627941c6040 .part v0x5627941bde70_0, 30, 1;
L_0x5627941c6880 .part v0x5627941bddb0_0, 31, 1;
L_0x5627941c6970 .part v0x5627941bde70_0, 31, 1;
L_0x5627941c6db0 .part v0x5627941bddb0_0, 32, 1;
L_0x5627941c6ea0 .part v0x5627941bde70_0, 32, 1;
L_0x5627941c72f0 .part v0x5627941bddb0_0, 33, 1;
L_0x5627941c73e0 .part v0x5627941bde70_0, 33, 1;
L_0x5627941c7840 .part v0x5627941bddb0_0, 34, 1;
L_0x5627941c7930 .part v0x5627941bde70_0, 34, 1;
L_0x5627941c7da0 .part v0x5627941bddb0_0, 35, 1;
L_0x5627941c7e90 .part v0x5627941bde70_0, 35, 1;
L_0x5627941c8310 .part v0x5627941bddb0_0, 36, 1;
L_0x5627941c8400 .part v0x5627941bde70_0, 36, 1;
L_0x5627941c8890 .part v0x5627941bddb0_0, 37, 1;
L_0x5627941c8980 .part v0x5627941bde70_0, 37, 1;
L_0x5627941c8e20 .part v0x5627941bddb0_0, 38, 1;
L_0x5627941c8f10 .part v0x5627941bde70_0, 38, 1;
L_0x5627941c93c0 .part v0x5627941bddb0_0, 39, 1;
L_0x5627941c94b0 .part v0x5627941bde70_0, 39, 1;
L_0x5627941c9970 .part v0x5627941bddb0_0, 40, 1;
L_0x5627941c9a60 .part v0x5627941bde70_0, 40, 1;
L_0x5627941c9f30 .part v0x5627941bddb0_0, 41, 1;
L_0x5627941ca020 .part v0x5627941bde70_0, 41, 1;
L_0x5627941ca500 .part v0x5627941bddb0_0, 42, 1;
L_0x5627941ca5f0 .part v0x5627941bde70_0, 42, 1;
L_0x5627941caae0 .part v0x5627941bddb0_0, 43, 1;
L_0x5627941cabd0 .part v0x5627941bde70_0, 43, 1;
L_0x5627941cb0d0 .part v0x5627941bddb0_0, 44, 1;
L_0x5627941cb1c0 .part v0x5627941bde70_0, 44, 1;
L_0x5627941cb6d0 .part v0x5627941bddb0_0, 45, 1;
L_0x5627941cb7c0 .part v0x5627941bde70_0, 45, 1;
L_0x5627941cbce0 .part v0x5627941bddb0_0, 46, 1;
L_0x5627941cbdd0 .part v0x5627941bde70_0, 46, 1;
L_0x5627941cc300 .part v0x5627941bddb0_0, 47, 1;
L_0x5627941cc3f0 .part v0x5627941bde70_0, 47, 1;
L_0x5627941cc930 .part v0x5627941bddb0_0, 48, 1;
L_0x5627941cca20 .part v0x5627941bde70_0, 48, 1;
L_0x5627941ccf70 .part v0x5627941bddb0_0, 49, 1;
L_0x5627941cd060 .part v0x5627941bde70_0, 49, 1;
L_0x5627941cd5c0 .part v0x5627941bddb0_0, 50, 1;
L_0x5627941cd6b0 .part v0x5627941bde70_0, 50, 1;
L_0x5627941cdc20 .part v0x5627941bddb0_0, 51, 1;
L_0x5627941cdd10 .part v0x5627941bde70_0, 51, 1;
L_0x5627941ce290 .part v0x5627941bddb0_0, 52, 1;
L_0x5627941ce380 .part v0x5627941bde70_0, 52, 1;
L_0x5627941ce910 .part v0x5627941bddb0_0, 53, 1;
L_0x5627941cea00 .part v0x5627941bde70_0, 53, 1;
L_0x5627941cefa0 .part v0x5627941bddb0_0, 54, 1;
L_0x5627941cf090 .part v0x5627941bde70_0, 54, 1;
L_0x5627941cf640 .part v0x5627941bddb0_0, 55, 1;
L_0x5627941cf730 .part v0x5627941bde70_0, 55, 1;
L_0x5627941cfcf0 .part v0x5627941bddb0_0, 56, 1;
L_0x5627941cfde0 .part v0x5627941bde70_0, 56, 1;
L_0x5627941d03b0 .part v0x5627941bddb0_0, 57, 1;
L_0x5627941d04a0 .part v0x5627941bde70_0, 57, 1;
L_0x5627941d0a80 .part v0x5627941bddb0_0, 58, 1;
L_0x5627941d0b70 .part v0x5627941bde70_0, 58, 1;
L_0x5627941d1160 .part v0x5627941bddb0_0, 59, 1;
L_0x5627941d1250 .part v0x5627941bde70_0, 59, 1;
L_0x5627941d1850 .part v0x5627941bddb0_0, 60, 1;
L_0x5627941d1940 .part v0x5627941bde70_0, 60, 1;
L_0x5627941d1f50 .part v0x5627941bddb0_0, 61, 1;
L_0x5627941d2040 .part v0x5627941bde70_0, 61, 1;
L_0x5627941d2660 .part v0x5627941bddb0_0, 62, 1;
L_0x5627941d2f60 .part v0x5627941bde70_0, 62, 1;
LS_0x5627941d3c60_0_0 .concat8 [ 1 1 1 1], L_0x5627941be040, L_0x5627941be410, L_0x5627941be730, L_0x5627941bea10;
LS_0x5627941d3c60_0_4 .concat8 [ 1 1 1 1], L_0x5627941bed00, L_0x5627941bf080, L_0x5627941bf3c0, L_0x5627941bf350;
LS_0x5627941d3c60_0_8 .concat8 [ 1 1 1 1], L_0x5627941bfbb0, L_0x5627941bff70, L_0x5627941c0340, L_0x5627941c0680;
LS_0x5627941d3c60_0_12 .concat8 [ 1 1 1 1], L_0x5627941c0a70, L_0x5627941c0e70, L_0x5627941c1280, L_0x5627941c18b0;
LS_0x5627941d3c60_0_16 .concat8 [ 1 1 1 1], L_0x5627941c1ce0, L_0x5627941c2120, L_0x5627941c2570, L_0x5627941c29d0;
LS_0x5627941d3c60_0_20 .concat8 [ 1 1 1 1], L_0x5627941c2e40, L_0x5627941c32c0, L_0x5627941c3750, L_0x5627941c3bf0;
LS_0x5627941d3c60_0_24 .concat8 [ 1 1 1 1], L_0x5627941c40a0, L_0x5627941c4560, L_0x5627941c4a30, L_0x5627941c4f10;
LS_0x5627941d3c60_0_28 .concat8 [ 1 1 1 1], L_0x5627941c5400, L_0x5627941c5900, L_0x5627941c5e10, L_0x5627941c6740;
LS_0x5627941d3c60_0_32 .concat8 [ 1 1 1 1], L_0x5627941c6c70, L_0x5627941c71b0, L_0x5627941c7700, L_0x5627941c7c60;
LS_0x5627941d3c60_0_36 .concat8 [ 1 1 1 1], L_0x5627941c81d0, L_0x5627941c8750, L_0x5627941c8ce0, L_0x5627941c9280;
LS_0x5627941d3c60_0_40 .concat8 [ 1 1 1 1], L_0x5627941c9830, L_0x5627941c9df0, L_0x5627941ca3c0, L_0x5627941ca9a0;
LS_0x5627941d3c60_0_44 .concat8 [ 1 1 1 1], L_0x5627941caf90, L_0x5627941cb590, L_0x5627941cbba0, L_0x5627941cc1c0;
LS_0x5627941d3c60_0_48 .concat8 [ 1 1 1 1], L_0x5627941cc7f0, L_0x5627941cce30, L_0x5627941cd480, L_0x5627941cdae0;
LS_0x5627941d3c60_0_52 .concat8 [ 1 1 1 1], L_0x5627941ce150, L_0x5627941ce7d0, L_0x5627941cee60, L_0x5627941cf500;
LS_0x5627941d3c60_0_56 .concat8 [ 1 1 1 1], L_0x5627941cfbb0, L_0x5627941d0270, L_0x5627941d0940, L_0x5627941d1020;
LS_0x5627941d3c60_0_60 .concat8 [ 1 1 1 1], L_0x5627941d1710, L_0x5627941d1e10, L_0x5627941d2520, L_0x5627941d50b0;
LS_0x5627941d3c60_1_0 .concat8 [ 4 4 4 4], LS_0x5627941d3c60_0_0, LS_0x5627941d3c60_0_4, LS_0x5627941d3c60_0_8, LS_0x5627941d3c60_0_12;
LS_0x5627941d3c60_1_4 .concat8 [ 4 4 4 4], LS_0x5627941d3c60_0_16, LS_0x5627941d3c60_0_20, LS_0x5627941d3c60_0_24, LS_0x5627941d3c60_0_28;
LS_0x5627941d3c60_1_8 .concat8 [ 4 4 4 4], LS_0x5627941d3c60_0_32, LS_0x5627941d3c60_0_36, LS_0x5627941d3c60_0_40, LS_0x5627941d3c60_0_44;
LS_0x5627941d3c60_1_12 .concat8 [ 4 4 4 4], LS_0x5627941d3c60_0_48, LS_0x5627941d3c60_0_52, LS_0x5627941d3c60_0_56, LS_0x5627941d3c60_0_60;
L_0x5627941d3c60 .concat8 [ 16 16 16 16], LS_0x5627941d3c60_1_0, LS_0x5627941d3c60_1_4, LS_0x5627941d3c60_1_8, LS_0x5627941d3c60_1_12;
L_0x5627941d5210 .part v0x5627941bddb0_0, 63, 1;
L_0x5627941d5710 .part v0x5627941bde70_0, 63, 1;
L_0x5627941d5960 .part L_0x5627941d3c60, 0, 1;
L_0x5627941d5ec0 .part L_0x5627941d3c60, 1, 1;
L_0x5627941d5fb0 .part L_0x5627941d3c60, 2, 1;
L_0x5627941d5aa0 .part L_0x5627941d3c60, 3, 1;
L_0x5627941d5b40 .part L_0x5627941d3c60, 4, 1;
L_0x5627941d5c30 .part L_0x5627941d3c60, 5, 1;
L_0x5627941d5d20 .part L_0x5627941d3c60, 6, 1;
L_0x5627941d5e10 .part L_0x5627941d3c60, 7, 1;
L_0x5627941d6540 .part L_0x5627941d3c60, 8, 1;
L_0x5627941d60a0 .part L_0x5627941d3c60, 9, 1;
L_0x5627941d6190 .part L_0x5627941d3c60, 10, 1;
L_0x5627941d6280 .part L_0x5627941d3c60, 11, 1;
L_0x5627941d6370 .part L_0x5627941d3c60, 12, 1;
L_0x5627941d6ab0 .part L_0x5627941d3c60, 13, 1;
L_0x5627941d6b50 .part L_0x5627941d3c60, 14, 1;
L_0x5627941d6630 .part L_0x5627941d3c60, 15, 1;
L_0x5627941d6720 .part L_0x5627941d3c60, 16, 1;
L_0x5627941d6810 .part L_0x5627941d3c60, 17, 1;
L_0x5627941d6900 .part L_0x5627941d3c60, 18, 1;
L_0x5627941d69f0 .part L_0x5627941d3c60, 19, 1;
L_0x5627941d7140 .part L_0x5627941d3c60, 20, 1;
L_0x5627941d6c40 .part L_0x5627941d3c60, 21, 1;
L_0x5627941d6d30 .part L_0x5627941d3c60, 22, 1;
L_0x5627941d6e20 .part L_0x5627941d3c60, 23, 1;
L_0x5627941d6f10 .part L_0x5627941d3c60, 24, 1;
L_0x5627941d7000 .part L_0x5627941d3c60, 25, 1;
L_0x5627941d7710 .part L_0x5627941d3c60, 26, 1;
L_0x5627941d7230 .part L_0x5627941d3c60, 27, 1;
L_0x5627941d7320 .part L_0x5627941d3c60, 28, 1;
L_0x5627941d7410 .part L_0x5627941d3c60, 29, 1;
L_0x5627941d7500 .part L_0x5627941d3c60, 30, 1;
L_0x5627941d75f0 .part L_0x5627941d3c60, 31, 1;
L_0x5627941d7d10 .part L_0x5627941d3c60, 32, 1;
L_0x5627941d7800 .part L_0x5627941d3c60, 33, 1;
L_0x5627941d78f0 .part L_0x5627941d3c60, 34, 1;
L_0x5627941d79e0 .part L_0x5627941d3c60, 35, 1;
L_0x5627941d7ad0 .part L_0x5627941d3c60, 36, 1;
L_0x5627941d7bc0 .part L_0x5627941d3c60, 37, 1;
L_0x5627941d8340 .part L_0x5627941d3c60, 38, 1;
L_0x5627941d7e00 .part L_0x5627941d3c60, 39, 1;
L_0x5627941d7ef0 .part L_0x5627941d3c60, 40, 1;
L_0x5627941d7fe0 .part L_0x5627941d3c60, 41, 1;
L_0x5627941d80d0 .part L_0x5627941d3c60, 42, 1;
L_0x5627941d81c0 .part L_0x5627941d3c60, 43, 1;
L_0x5627941d8950 .part L_0x5627941d3c60, 44, 1;
L_0x5627941d83e0 .part L_0x5627941d3c60, 45, 1;
L_0x5627941d84d0 .part L_0x5627941d3c60, 46, 1;
L_0x5627941d85c0 .part L_0x5627941d3c60, 47, 1;
L_0x5627941d86b0 .part L_0x5627941d3c60, 48, 1;
L_0x5627941d87a0 .part L_0x5627941d3c60, 49, 1;
L_0x5627941d8890 .part L_0x5627941d3c60, 50, 1;
L_0x5627941d89f0 .part L_0x5627941d3c60, 51, 1;
L_0x5627941d8ae0 .part L_0x5627941d3c60, 52, 1;
L_0x5627941d8bd0 .part L_0x5627941d3c60, 53, 1;
L_0x5627941d8cc0 .part L_0x5627941d3c60, 54, 1;
L_0x5627941d8db0 .part L_0x5627941d3c60, 55, 1;
L_0x5627941d8ea0 .part L_0x5627941d3c60, 56, 1;
L_0x5627941d95c0 .part L_0x5627941d3c60, 57, 1;
L_0x5627941d96b0 .part L_0x5627941d3c60, 58, 1;
L_0x5627941d8fe0 .part L_0x5627941d3c60, 59, 1;
L_0x5627941d90d0 .part L_0x5627941d3c60, 60, 1;
L_0x5627941d91c0 .part L_0x5627941d3c60, 61, 1;
L_0x5627941d92b0 .part L_0x5627941d3c60, 62, 1;
L_0x5627941d93a0 .part L_0x5627941d3c60, 63, 1;
S_0x562794138610 .scope generate, "loop1[0]" "loop1[0]" 3 10, 3 10 0, S_0x562794101270;
 .timescale 0 0;
P_0x5627941387e0 .param/l "i" 0 3 10, +C4<00>;
L_0x5627941be040/d .functor XNOR 1, L_0x5627941be190, L_0x5627941be2d0, C4<0>, C4<0>;
L_0x5627941be040 .delay 1 (2,2,2) L_0x5627941be040/d;
v0x562794138880_0 .net *"_s1", 0 0, L_0x5627941be190;  1 drivers
v0x5627941a3b20_0 .net *"_s2", 0 0, L_0x5627941be2d0;  1 drivers
S_0x5627941a3c00 .scope generate, "loop1[1]" "loop1[1]" 3 10, 3 10 0, S_0x562794101270;
 .timescale 0 0;
P_0x5627941a3e10 .param/l "i" 0 3 10, +C4<01>;
L_0x5627941be410/d .functor XNOR 1, L_0x5627941be520, L_0x5627941be610, C4<0>, C4<0>;
L_0x5627941be410 .delay 1 (2,2,2) L_0x5627941be410/d;
v0x5627941a3ed0_0 .net *"_s1", 0 0, L_0x5627941be520;  1 drivers
v0x5627941a3fb0_0 .net *"_s2", 0 0, L_0x5627941be610;  1 drivers
S_0x5627941a4090 .scope generate, "loop1[2]" "loop1[2]" 3 10, 3 10 0, S_0x562794101270;
 .timescale 0 0;
P_0x5627941a4280 .param/l "i" 0 3 10, +C4<010>;
L_0x5627941be730/d .functor XNOR 1, L_0x5627941be840, L_0x5627941be930, C4<0>, C4<0>;
L_0x5627941be730 .delay 1 (2,2,2) L_0x5627941be730/d;
v0x5627941a4340_0 .net *"_s1", 0 0, L_0x5627941be840;  1 drivers
v0x5627941a4420_0 .net *"_s2", 0 0, L_0x5627941be930;  1 drivers
S_0x5627941a4500 .scope generate, "loop1[3]" "loop1[3]" 3 10, 3 10 0, S_0x562794101270;
 .timescale 0 0;
P_0x5627941a46f0 .param/l "i" 0 3 10, +C4<011>;
L_0x5627941bea10/d .functor XNOR 1, L_0x5627941bead0, L_0x5627941bebc0, C4<0>, C4<0>;
L_0x5627941bea10 .delay 1 (2,2,2) L_0x5627941bea10/d;
v0x5627941a47d0_0 .net *"_s1", 0 0, L_0x5627941bead0;  1 drivers
v0x5627941a48b0_0 .net *"_s2", 0 0, L_0x5627941bebc0;  1 drivers
S_0x5627941a4990 .scope generate, "loop1[4]" "loop1[4]" 3 10, 3 10 0, S_0x562794101270;
 .timescale 0 0;
P_0x5627941a4bd0 .param/l "i" 0 3 10, +C4<0100>;
L_0x5627941bed00/d .functor XNOR 1, L_0x5627941bee40, L_0x5627941bef30, C4<0>, C4<0>;
L_0x5627941bed00 .delay 1 (2,2,2) L_0x5627941bed00/d;
v0x5627941a4cb0_0 .net *"_s1", 0 0, L_0x5627941bee40;  1 drivers
v0x5627941a4d90_0 .net *"_s2", 0 0, L_0x5627941bef30;  1 drivers
S_0x5627941a4e70 .scope generate, "loop1[5]" "loop1[5]" 3 10, 3 10 0, S_0x562794101270;
 .timescale 0 0;
P_0x5627941a5060 .param/l "i" 0 3 10, +C4<0101>;
L_0x5627941bf080/d .functor XNOR 1, L_0x5627941bf170, L_0x5627941bf260, C4<0>, C4<0>;
L_0x5627941bf080 .delay 1 (2,2,2) L_0x5627941bf080/d;
v0x5627941a5140_0 .net *"_s1", 0 0, L_0x5627941bf170;  1 drivers
v0x5627941a5220_0 .net *"_s2", 0 0, L_0x5627941bf260;  1 drivers
S_0x5627941a5300 .scope generate, "loop1[6]" "loop1[6]" 3 10, 3 10 0, S_0x562794101270;
 .timescale 0 0;
P_0x5627941a54f0 .param/l "i" 0 3 10, +C4<0110>;
L_0x5627941bf3c0/d .functor XNOR 1, L_0x5627941bf500, L_0x5627941bf5f0, C4<0>, C4<0>;
L_0x5627941bf3c0 .delay 1 (2,2,2) L_0x5627941bf3c0/d;
v0x5627941a55d0_0 .net *"_s1", 0 0, L_0x5627941bf500;  1 drivers
v0x5627941a56b0_0 .net *"_s2", 0 0, L_0x5627941bf5f0;  1 drivers
S_0x5627941a5790 .scope generate, "loop1[7]" "loop1[7]" 3 10, 3 10 0, S_0x562794101270;
 .timescale 0 0;
P_0x5627941a5980 .param/l "i" 0 3 10, +C4<0111>;
L_0x5627941bf350/d .functor XNOR 1, L_0x5627941bf940, L_0x5627941bfa30, C4<0>, C4<0>;
L_0x5627941bf350 .delay 1 (2,2,2) L_0x5627941bf350/d;
v0x5627941a5a60_0 .net *"_s1", 0 0, L_0x5627941bf940;  1 drivers
v0x5627941a5b40_0 .net *"_s2", 0 0, L_0x5627941bfa30;  1 drivers
S_0x5627941a5c20 .scope generate, "loop1[8]" "loop1[8]" 3 10, 3 10 0, S_0x562794101270;
 .timescale 0 0;
P_0x5627941a4b80 .param/l "i" 0 3 10, +C4<01000>;
L_0x5627941bfbb0/d .functor XNOR 1, L_0x5627941bfcf0, L_0x5627941bfde0, C4<0>, C4<0>;
L_0x5627941bfbb0 .delay 1 (2,2,2) L_0x5627941bfbb0/d;
v0x5627941a5ea0_0 .net *"_s1", 0 0, L_0x5627941bfcf0;  1 drivers
v0x5627941a5f80_0 .net *"_s2", 0 0, L_0x5627941bfde0;  1 drivers
S_0x5627941a6060 .scope generate, "loop1[9]" "loop1[9]" 3 10, 3 10 0, S_0x562794101270;
 .timescale 0 0;
P_0x5627941a6250 .param/l "i" 0 3 10, +C4<01001>;
L_0x5627941bff70/d .functor XNOR 1, L_0x5627941c00b0, L_0x5627941c01a0, C4<0>, C4<0>;
L_0x5627941bff70 .delay 1 (2,2,2) L_0x5627941bff70/d;
v0x5627941a6330_0 .net *"_s1", 0 0, L_0x5627941c00b0;  1 drivers
v0x5627941a6410_0 .net *"_s2", 0 0, L_0x5627941c01a0;  1 drivers
S_0x5627941a64f0 .scope generate, "loop1[10]" "loop1[10]" 3 10, 3 10 0, S_0x562794101270;
 .timescale 0 0;
P_0x5627941a66e0 .param/l "i" 0 3 10, +C4<01010>;
L_0x5627941c0340/d .functor XNOR 1, L_0x5627941bfed0, L_0x5627941c04d0, C4<0>, C4<0>;
L_0x5627941c0340 .delay 1 (2,2,2) L_0x5627941c0340/d;
v0x5627941a67c0_0 .net *"_s1", 0 0, L_0x5627941bfed0;  1 drivers
v0x5627941a68a0_0 .net *"_s2", 0 0, L_0x5627941c04d0;  1 drivers
S_0x5627941a6980 .scope generate, "loop1[11]" "loop1[11]" 3 10, 3 10 0, S_0x562794101270;
 .timescale 0 0;
P_0x5627941a6b70 .param/l "i" 0 3 10, +C4<01011>;
L_0x5627941c0680/d .functor XNOR 1, L_0x5627941c07c0, L_0x5627941c08b0, C4<0>, C4<0>;
L_0x5627941c0680 .delay 1 (2,2,2) L_0x5627941c0680/d;
v0x5627941a6c50_0 .net *"_s1", 0 0, L_0x5627941c07c0;  1 drivers
v0x5627941a6d30_0 .net *"_s2", 0 0, L_0x5627941c08b0;  1 drivers
S_0x5627941a6e10 .scope generate, "loop1[12]" "loop1[12]" 3 10, 3 10 0, S_0x562794101270;
 .timescale 0 0;
P_0x5627941a7000 .param/l "i" 0 3 10, +C4<01100>;
L_0x5627941c0a70/d .functor XNOR 1, L_0x5627941c0bb0, L_0x5627941c0ca0, C4<0>, C4<0>;
L_0x5627941c0a70 .delay 1 (2,2,2) L_0x5627941c0a70/d;
v0x5627941a70e0_0 .net *"_s1", 0 0, L_0x5627941c0bb0;  1 drivers
v0x5627941a71c0_0 .net *"_s2", 0 0, L_0x5627941c0ca0;  1 drivers
S_0x5627941a72a0 .scope generate, "loop1[13]" "loop1[13]" 3 10, 3 10 0, S_0x562794101270;
 .timescale 0 0;
P_0x5627941a7490 .param/l "i" 0 3 10, +C4<01101>;
L_0x5627941c0e70/d .functor XNOR 1, L_0x5627941c0fb0, L_0x5627941c10a0, C4<0>, C4<0>;
L_0x5627941c0e70 .delay 1 (2,2,2) L_0x5627941c0e70/d;
v0x5627941a7570_0 .net *"_s1", 0 0, L_0x5627941c0fb0;  1 drivers
v0x5627941a7650_0 .net *"_s2", 0 0, L_0x5627941c10a0;  1 drivers
S_0x5627941a7730 .scope generate, "loop1[14]" "loop1[14]" 3 10, 3 10 0, S_0x562794101270;
 .timescale 0 0;
P_0x5627941a7920 .param/l "i" 0 3 10, +C4<01110>;
L_0x5627941c1280/d .functor XNOR 1, L_0x5627941c13c0, L_0x5627941c14b0, C4<0>, C4<0>;
L_0x5627941c1280 .delay 1 (2,2,2) L_0x5627941c1280/d;
v0x5627941a7a00_0 .net *"_s1", 0 0, L_0x5627941c13c0;  1 drivers
v0x5627941a7ae0_0 .net *"_s2", 0 0, L_0x5627941c14b0;  1 drivers
S_0x5627941a7bc0 .scope generate, "loop1[15]" "loop1[15]" 3 10, 3 10 0, S_0x562794101270;
 .timescale 0 0;
P_0x5627941a7db0 .param/l "i" 0 3 10, +C4<01111>;
L_0x5627941c18b0/d .functor XNOR 1, L_0x5627941c19f0, L_0x5627941c1ae0, C4<0>, C4<0>;
L_0x5627941c18b0 .delay 1 (2,2,2) L_0x5627941c18b0/d;
v0x5627941a7e90_0 .net *"_s1", 0 0, L_0x5627941c19f0;  1 drivers
v0x5627941a7f70_0 .net *"_s2", 0 0, L_0x5627941c1ae0;  1 drivers
S_0x5627941a8050 .scope generate, "loop1[16]" "loop1[16]" 3 10, 3 10 0, S_0x562794101270;
 .timescale 0 0;
P_0x5627941a8240 .param/l "i" 0 3 10, +C4<010000>;
L_0x5627941c1ce0/d .functor XNOR 1, L_0x5627941c1e20, L_0x5627941c1f10, C4<0>, C4<0>;
L_0x5627941c1ce0 .delay 1 (2,2,2) L_0x5627941c1ce0/d;
v0x5627941a8320_0 .net *"_s1", 0 0, L_0x5627941c1e20;  1 drivers
v0x5627941a8400_0 .net *"_s2", 0 0, L_0x5627941c1f10;  1 drivers
S_0x5627941a84e0 .scope generate, "loop1[17]" "loop1[17]" 3 10, 3 10 0, S_0x562794101270;
 .timescale 0 0;
P_0x5627941a86d0 .param/l "i" 0 3 10, +C4<010001>;
L_0x5627941c2120/d .functor XNOR 1, L_0x5627941c2260, L_0x5627941c2350, C4<0>, C4<0>;
L_0x5627941c2120 .delay 1 (2,2,2) L_0x5627941c2120/d;
v0x5627941a87b0_0 .net *"_s1", 0 0, L_0x5627941c2260;  1 drivers
v0x5627941a8890_0 .net *"_s2", 0 0, L_0x5627941c2350;  1 drivers
S_0x5627941a8970 .scope generate, "loop1[18]" "loop1[18]" 3 10, 3 10 0, S_0x562794101270;
 .timescale 0 0;
P_0x5627941a8b60 .param/l "i" 0 3 10, +C4<010010>;
L_0x5627941c2570/d .functor XNOR 1, L_0x5627941c26b0, L_0x5627941c27a0, C4<0>, C4<0>;
L_0x5627941c2570 .delay 1 (2,2,2) L_0x5627941c2570/d;
v0x5627941a8c40_0 .net *"_s1", 0 0, L_0x5627941c26b0;  1 drivers
v0x5627941a8d20_0 .net *"_s2", 0 0, L_0x5627941c27a0;  1 drivers
S_0x5627941a8e00 .scope generate, "loop1[19]" "loop1[19]" 3 10, 3 10 0, S_0x562794101270;
 .timescale 0 0;
P_0x5627941a8ff0 .param/l "i" 0 3 10, +C4<010011>;
L_0x5627941c29d0/d .functor XNOR 1, L_0x5627941c2b10, L_0x5627941c2c00, C4<0>, C4<0>;
L_0x5627941c29d0 .delay 1 (2,2,2) L_0x5627941c29d0/d;
v0x5627941a90d0_0 .net *"_s1", 0 0, L_0x5627941c2b10;  1 drivers
v0x5627941a91b0_0 .net *"_s2", 0 0, L_0x5627941c2c00;  1 drivers
S_0x5627941a9290 .scope generate, "loop1[20]" "loop1[20]" 3 10, 3 10 0, S_0x562794101270;
 .timescale 0 0;
P_0x5627941a9480 .param/l "i" 0 3 10, +C4<010100>;
L_0x5627941c2e40/d .functor XNOR 1, L_0x5627941c2f80, L_0x5627941c3070, C4<0>, C4<0>;
L_0x5627941c2e40 .delay 1 (2,2,2) L_0x5627941c2e40/d;
v0x5627941a9560_0 .net *"_s1", 0 0, L_0x5627941c2f80;  1 drivers
v0x5627941a9640_0 .net *"_s2", 0 0, L_0x5627941c3070;  1 drivers
S_0x5627941a9720 .scope generate, "loop1[21]" "loop1[21]" 3 10, 3 10 0, S_0x562794101270;
 .timescale 0 0;
P_0x5627941a9910 .param/l "i" 0 3 10, +C4<010101>;
L_0x5627941c32c0/d .functor XNOR 1, L_0x5627941c3400, L_0x5627941c34f0, C4<0>, C4<0>;
L_0x5627941c32c0 .delay 1 (2,2,2) L_0x5627941c32c0/d;
v0x5627941a99f0_0 .net *"_s1", 0 0, L_0x5627941c3400;  1 drivers
v0x5627941a9ad0_0 .net *"_s2", 0 0, L_0x5627941c34f0;  1 drivers
S_0x5627941a9bb0 .scope generate, "loop1[22]" "loop1[22]" 3 10, 3 10 0, S_0x562794101270;
 .timescale 0 0;
P_0x5627941a9da0 .param/l "i" 0 3 10, +C4<010110>;
L_0x5627941c3750/d .functor XNOR 1, L_0x5627941c3890, L_0x5627941c3980, C4<0>, C4<0>;
L_0x5627941c3750 .delay 1 (2,2,2) L_0x5627941c3750/d;
v0x5627941a9e80_0 .net *"_s1", 0 0, L_0x5627941c3890;  1 drivers
v0x5627941a9f60_0 .net *"_s2", 0 0, L_0x5627941c3980;  1 drivers
S_0x5627941aa040 .scope generate, "loop1[23]" "loop1[23]" 3 10, 3 10 0, S_0x562794101270;
 .timescale 0 0;
P_0x5627941aa230 .param/l "i" 0 3 10, +C4<010111>;
L_0x5627941c3bf0/d .functor XNOR 1, L_0x5627941c3d30, L_0x5627941c3e20, C4<0>, C4<0>;
L_0x5627941c3bf0 .delay 1 (2,2,2) L_0x5627941c3bf0/d;
v0x5627941aa310_0 .net *"_s1", 0 0, L_0x5627941c3d30;  1 drivers
v0x5627941aa3f0_0 .net *"_s2", 0 0, L_0x5627941c3e20;  1 drivers
S_0x5627941aa4d0 .scope generate, "loop1[24]" "loop1[24]" 3 10, 3 10 0, S_0x562794101270;
 .timescale 0 0;
P_0x5627941aa6c0 .param/l "i" 0 3 10, +C4<011000>;
L_0x5627941c40a0/d .functor XNOR 1, L_0x5627941c41e0, L_0x5627941c42d0, C4<0>, C4<0>;
L_0x5627941c40a0 .delay 1 (2,2,2) L_0x5627941c40a0/d;
v0x5627941aa7a0_0 .net *"_s1", 0 0, L_0x5627941c41e0;  1 drivers
v0x5627941aa880_0 .net *"_s2", 0 0, L_0x5627941c42d0;  1 drivers
S_0x5627941aa960 .scope generate, "loop1[25]" "loop1[25]" 3 10, 3 10 0, S_0x562794101270;
 .timescale 0 0;
P_0x5627941aab50 .param/l "i" 0 3 10, +C4<011001>;
L_0x5627941c4560/d .functor XNOR 1, L_0x5627941c46a0, L_0x5627941c4790, C4<0>, C4<0>;
L_0x5627941c4560 .delay 1 (2,2,2) L_0x5627941c4560/d;
v0x5627941aac30_0 .net *"_s1", 0 0, L_0x5627941c46a0;  1 drivers
v0x5627941aad10_0 .net *"_s2", 0 0, L_0x5627941c4790;  1 drivers
S_0x5627941aadf0 .scope generate, "loop1[26]" "loop1[26]" 3 10, 3 10 0, S_0x562794101270;
 .timescale 0 0;
P_0x5627941aafe0 .param/l "i" 0 3 10, +C4<011010>;
L_0x5627941c4a30/d .functor XNOR 1, L_0x5627941c4b70, L_0x5627941c4c60, C4<0>, C4<0>;
L_0x5627941c4a30 .delay 1 (2,2,2) L_0x5627941c4a30/d;
v0x5627941ab0c0_0 .net *"_s1", 0 0, L_0x5627941c4b70;  1 drivers
v0x5627941ab1a0_0 .net *"_s2", 0 0, L_0x5627941c4c60;  1 drivers
S_0x5627941ab280 .scope generate, "loop1[27]" "loop1[27]" 3 10, 3 10 0, S_0x562794101270;
 .timescale 0 0;
P_0x5627941ab470 .param/l "i" 0 3 10, +C4<011011>;
L_0x5627941c4f10/d .functor XNOR 1, L_0x5627941c5050, L_0x5627941c5140, C4<0>, C4<0>;
L_0x5627941c4f10 .delay 1 (2,2,2) L_0x5627941c4f10/d;
v0x5627941ab550_0 .net *"_s1", 0 0, L_0x5627941c5050;  1 drivers
v0x5627941ab630_0 .net *"_s2", 0 0, L_0x5627941c5140;  1 drivers
S_0x5627941ab710 .scope generate, "loop1[28]" "loop1[28]" 3 10, 3 10 0, S_0x562794101270;
 .timescale 0 0;
P_0x5627941ab900 .param/l "i" 0 3 10, +C4<011100>;
L_0x5627941c5400/d .functor XNOR 1, L_0x5627941c5540, L_0x5627941c5630, C4<0>, C4<0>;
L_0x5627941c5400 .delay 1 (2,2,2) L_0x5627941c5400/d;
v0x5627941ab9e0_0 .net *"_s1", 0 0, L_0x5627941c5540;  1 drivers
v0x5627941abac0_0 .net *"_s2", 0 0, L_0x5627941c5630;  1 drivers
S_0x5627941abba0 .scope generate, "loop1[29]" "loop1[29]" 3 10, 3 10 0, S_0x562794101270;
 .timescale 0 0;
P_0x5627941abd90 .param/l "i" 0 3 10, +C4<011101>;
L_0x5627941c5900/d .functor XNOR 1, L_0x5627941c5a40, L_0x5627941c5b30, C4<0>, C4<0>;
L_0x5627941c5900 .delay 1 (2,2,2) L_0x5627941c5900/d;
v0x5627941abe70_0 .net *"_s1", 0 0, L_0x5627941c5a40;  1 drivers
v0x5627941abf50_0 .net *"_s2", 0 0, L_0x5627941c5b30;  1 drivers
S_0x5627941ac030 .scope generate, "loop1[30]" "loop1[30]" 3 10, 3 10 0, S_0x562794101270;
 .timescale 0 0;
P_0x5627941ac220 .param/l "i" 0 3 10, +C4<011110>;
L_0x5627941c5e10/d .functor XNOR 1, L_0x5627941c5f50, L_0x5627941c6040, C4<0>, C4<0>;
L_0x5627941c5e10 .delay 1 (2,2,2) L_0x5627941c5e10/d;
v0x5627941ac300_0 .net *"_s1", 0 0, L_0x5627941c5f50;  1 drivers
v0x5627941ac3e0_0 .net *"_s2", 0 0, L_0x5627941c6040;  1 drivers
S_0x5627941ac4c0 .scope generate, "loop1[31]" "loop1[31]" 3 10, 3 10 0, S_0x562794101270;
 .timescale 0 0;
P_0x5627941ac6b0 .param/l "i" 0 3 10, +C4<011111>;
L_0x5627941c6740/d .functor XNOR 1, L_0x5627941c6880, L_0x5627941c6970, C4<0>, C4<0>;
L_0x5627941c6740 .delay 1 (2,2,2) L_0x5627941c6740/d;
v0x5627941ac790_0 .net *"_s1", 0 0, L_0x5627941c6880;  1 drivers
v0x5627941ac870_0 .net *"_s2", 0 0, L_0x5627941c6970;  1 drivers
S_0x5627941ac950 .scope generate, "loop1[32]" "loop1[32]" 3 10, 3 10 0, S_0x562794101270;
 .timescale 0 0;
P_0x5627941acb40 .param/l "i" 0 3 10, +C4<0100000>;
L_0x5627941c6c70/d .functor XNOR 1, L_0x5627941c6db0, L_0x5627941c6ea0, C4<0>, C4<0>;
L_0x5627941c6c70 .delay 1 (2,2,2) L_0x5627941c6c70/d;
v0x5627941acc00_0 .net *"_s1", 0 0, L_0x5627941c6db0;  1 drivers
v0x5627941acd00_0 .net *"_s2", 0 0, L_0x5627941c6ea0;  1 drivers
S_0x5627941acde0 .scope generate, "loop1[33]" "loop1[33]" 3 10, 3 10 0, S_0x562794101270;
 .timescale 0 0;
P_0x5627941acfd0 .param/l "i" 0 3 10, +C4<0100001>;
L_0x5627941c71b0/d .functor XNOR 1, L_0x5627941c72f0, L_0x5627941c73e0, C4<0>, C4<0>;
L_0x5627941c71b0 .delay 1 (2,2,2) L_0x5627941c71b0/d;
v0x5627941ad090_0 .net *"_s1", 0 0, L_0x5627941c72f0;  1 drivers
v0x5627941ad190_0 .net *"_s2", 0 0, L_0x5627941c73e0;  1 drivers
S_0x5627941ad270 .scope generate, "loop1[34]" "loop1[34]" 3 10, 3 10 0, S_0x562794101270;
 .timescale 0 0;
P_0x5627941ad460 .param/l "i" 0 3 10, +C4<0100010>;
L_0x5627941c7700/d .functor XNOR 1, L_0x5627941c7840, L_0x5627941c7930, C4<0>, C4<0>;
L_0x5627941c7700 .delay 1 (2,2,2) L_0x5627941c7700/d;
v0x5627941ad520_0 .net *"_s1", 0 0, L_0x5627941c7840;  1 drivers
v0x5627941ad620_0 .net *"_s2", 0 0, L_0x5627941c7930;  1 drivers
S_0x5627941ad700 .scope generate, "loop1[35]" "loop1[35]" 3 10, 3 10 0, S_0x562794101270;
 .timescale 0 0;
P_0x5627941ad8f0 .param/l "i" 0 3 10, +C4<0100011>;
L_0x5627941c7c60/d .functor XNOR 1, L_0x5627941c7da0, L_0x5627941c7e90, C4<0>, C4<0>;
L_0x5627941c7c60 .delay 1 (2,2,2) L_0x5627941c7c60/d;
v0x5627941ad9b0_0 .net *"_s1", 0 0, L_0x5627941c7da0;  1 drivers
v0x5627941adab0_0 .net *"_s2", 0 0, L_0x5627941c7e90;  1 drivers
S_0x5627941adb90 .scope generate, "loop1[36]" "loop1[36]" 3 10, 3 10 0, S_0x562794101270;
 .timescale 0 0;
P_0x5627941add80 .param/l "i" 0 3 10, +C4<0100100>;
L_0x5627941c81d0/d .functor XNOR 1, L_0x5627941c8310, L_0x5627941c8400, C4<0>, C4<0>;
L_0x5627941c81d0 .delay 1 (2,2,2) L_0x5627941c81d0/d;
v0x5627941ade40_0 .net *"_s1", 0 0, L_0x5627941c8310;  1 drivers
v0x5627941adf40_0 .net *"_s2", 0 0, L_0x5627941c8400;  1 drivers
S_0x5627941ae020 .scope generate, "loop1[37]" "loop1[37]" 3 10, 3 10 0, S_0x562794101270;
 .timescale 0 0;
P_0x5627941ae210 .param/l "i" 0 3 10, +C4<0100101>;
L_0x5627941c8750/d .functor XNOR 1, L_0x5627941c8890, L_0x5627941c8980, C4<0>, C4<0>;
L_0x5627941c8750 .delay 1 (2,2,2) L_0x5627941c8750/d;
v0x5627941ae2d0_0 .net *"_s1", 0 0, L_0x5627941c8890;  1 drivers
v0x5627941ae3d0_0 .net *"_s2", 0 0, L_0x5627941c8980;  1 drivers
S_0x5627941ae4b0 .scope generate, "loop1[38]" "loop1[38]" 3 10, 3 10 0, S_0x562794101270;
 .timescale 0 0;
P_0x5627941ae6a0 .param/l "i" 0 3 10, +C4<0100110>;
L_0x5627941c8ce0/d .functor XNOR 1, L_0x5627941c8e20, L_0x5627941c8f10, C4<0>, C4<0>;
L_0x5627941c8ce0 .delay 1 (2,2,2) L_0x5627941c8ce0/d;
v0x5627941ae760_0 .net *"_s1", 0 0, L_0x5627941c8e20;  1 drivers
v0x5627941ae860_0 .net *"_s2", 0 0, L_0x5627941c8f10;  1 drivers
S_0x5627941ae940 .scope generate, "loop1[39]" "loop1[39]" 3 10, 3 10 0, S_0x562794101270;
 .timescale 0 0;
P_0x5627941aeb30 .param/l "i" 0 3 10, +C4<0100111>;
L_0x5627941c9280/d .functor XNOR 1, L_0x5627941c93c0, L_0x5627941c94b0, C4<0>, C4<0>;
L_0x5627941c9280 .delay 1 (2,2,2) L_0x5627941c9280/d;
v0x5627941aebf0_0 .net *"_s1", 0 0, L_0x5627941c93c0;  1 drivers
v0x5627941aecf0_0 .net *"_s2", 0 0, L_0x5627941c94b0;  1 drivers
S_0x5627941aedd0 .scope generate, "loop1[40]" "loop1[40]" 3 10, 3 10 0, S_0x562794101270;
 .timescale 0 0;
P_0x5627941aefc0 .param/l "i" 0 3 10, +C4<0101000>;
L_0x5627941c9830/d .functor XNOR 1, L_0x5627941c9970, L_0x5627941c9a60, C4<0>, C4<0>;
L_0x5627941c9830 .delay 1 (2,2,2) L_0x5627941c9830/d;
v0x5627941af080_0 .net *"_s1", 0 0, L_0x5627941c9970;  1 drivers
v0x5627941af180_0 .net *"_s2", 0 0, L_0x5627941c9a60;  1 drivers
S_0x5627941af260 .scope generate, "loop1[41]" "loop1[41]" 3 10, 3 10 0, S_0x562794101270;
 .timescale 0 0;
P_0x5627941af450 .param/l "i" 0 3 10, +C4<0101001>;
L_0x5627941c9df0/d .functor XNOR 1, L_0x5627941c9f30, L_0x5627941ca020, C4<0>, C4<0>;
L_0x5627941c9df0 .delay 1 (2,2,2) L_0x5627941c9df0/d;
v0x5627941af510_0 .net *"_s1", 0 0, L_0x5627941c9f30;  1 drivers
v0x5627941af610_0 .net *"_s2", 0 0, L_0x5627941ca020;  1 drivers
S_0x5627941af6f0 .scope generate, "loop1[42]" "loop1[42]" 3 10, 3 10 0, S_0x562794101270;
 .timescale 0 0;
P_0x5627941af8e0 .param/l "i" 0 3 10, +C4<0101010>;
L_0x5627941ca3c0/d .functor XNOR 1, L_0x5627941ca500, L_0x5627941ca5f0, C4<0>, C4<0>;
L_0x5627941ca3c0 .delay 1 (2,2,2) L_0x5627941ca3c0/d;
v0x5627941af9a0_0 .net *"_s1", 0 0, L_0x5627941ca500;  1 drivers
v0x5627941afaa0_0 .net *"_s2", 0 0, L_0x5627941ca5f0;  1 drivers
S_0x5627941afb80 .scope generate, "loop1[43]" "loop1[43]" 3 10, 3 10 0, S_0x562794101270;
 .timescale 0 0;
P_0x5627941afd70 .param/l "i" 0 3 10, +C4<0101011>;
L_0x5627941ca9a0/d .functor XNOR 1, L_0x5627941caae0, L_0x5627941cabd0, C4<0>, C4<0>;
L_0x5627941ca9a0 .delay 1 (2,2,2) L_0x5627941ca9a0/d;
v0x5627941afe30_0 .net *"_s1", 0 0, L_0x5627941caae0;  1 drivers
v0x5627941aff30_0 .net *"_s2", 0 0, L_0x5627941cabd0;  1 drivers
S_0x5627941b0010 .scope generate, "loop1[44]" "loop1[44]" 3 10, 3 10 0, S_0x562794101270;
 .timescale 0 0;
P_0x5627941b0200 .param/l "i" 0 3 10, +C4<0101100>;
L_0x5627941caf90/d .functor XNOR 1, L_0x5627941cb0d0, L_0x5627941cb1c0, C4<0>, C4<0>;
L_0x5627941caf90 .delay 1 (2,2,2) L_0x5627941caf90/d;
v0x5627941b02c0_0 .net *"_s1", 0 0, L_0x5627941cb0d0;  1 drivers
v0x5627941b03c0_0 .net *"_s2", 0 0, L_0x5627941cb1c0;  1 drivers
S_0x5627941b04a0 .scope generate, "loop1[45]" "loop1[45]" 3 10, 3 10 0, S_0x562794101270;
 .timescale 0 0;
P_0x5627941b0690 .param/l "i" 0 3 10, +C4<0101101>;
L_0x5627941cb590/d .functor XNOR 1, L_0x5627941cb6d0, L_0x5627941cb7c0, C4<0>, C4<0>;
L_0x5627941cb590 .delay 1 (2,2,2) L_0x5627941cb590/d;
v0x5627941b0750_0 .net *"_s1", 0 0, L_0x5627941cb6d0;  1 drivers
v0x5627941b0850_0 .net *"_s2", 0 0, L_0x5627941cb7c0;  1 drivers
S_0x5627941b0930 .scope generate, "loop1[46]" "loop1[46]" 3 10, 3 10 0, S_0x562794101270;
 .timescale 0 0;
P_0x5627941b0b20 .param/l "i" 0 3 10, +C4<0101110>;
L_0x5627941cbba0/d .functor XNOR 1, L_0x5627941cbce0, L_0x5627941cbdd0, C4<0>, C4<0>;
L_0x5627941cbba0 .delay 1 (2,2,2) L_0x5627941cbba0/d;
v0x5627941b0be0_0 .net *"_s1", 0 0, L_0x5627941cbce0;  1 drivers
v0x5627941b0ce0_0 .net *"_s2", 0 0, L_0x5627941cbdd0;  1 drivers
S_0x5627941b0dc0 .scope generate, "loop1[47]" "loop1[47]" 3 10, 3 10 0, S_0x562794101270;
 .timescale 0 0;
P_0x5627941b0fb0 .param/l "i" 0 3 10, +C4<0101111>;
L_0x5627941cc1c0/d .functor XNOR 1, L_0x5627941cc300, L_0x5627941cc3f0, C4<0>, C4<0>;
L_0x5627941cc1c0 .delay 1 (2,2,2) L_0x5627941cc1c0/d;
v0x5627941b1070_0 .net *"_s1", 0 0, L_0x5627941cc300;  1 drivers
v0x5627941b1170_0 .net *"_s2", 0 0, L_0x5627941cc3f0;  1 drivers
S_0x5627941b1250 .scope generate, "loop1[48]" "loop1[48]" 3 10, 3 10 0, S_0x562794101270;
 .timescale 0 0;
P_0x5627941b1440 .param/l "i" 0 3 10, +C4<0110000>;
L_0x5627941cc7f0/d .functor XNOR 1, L_0x5627941cc930, L_0x5627941cca20, C4<0>, C4<0>;
L_0x5627941cc7f0 .delay 1 (2,2,2) L_0x5627941cc7f0/d;
v0x5627941b1500_0 .net *"_s1", 0 0, L_0x5627941cc930;  1 drivers
v0x5627941b1600_0 .net *"_s2", 0 0, L_0x5627941cca20;  1 drivers
S_0x5627941b16e0 .scope generate, "loop1[49]" "loop1[49]" 3 10, 3 10 0, S_0x562794101270;
 .timescale 0 0;
P_0x5627941b18d0 .param/l "i" 0 3 10, +C4<0110001>;
L_0x5627941cce30/d .functor XNOR 1, L_0x5627941ccf70, L_0x5627941cd060, C4<0>, C4<0>;
L_0x5627941cce30 .delay 1 (2,2,2) L_0x5627941cce30/d;
v0x5627941b1990_0 .net *"_s1", 0 0, L_0x5627941ccf70;  1 drivers
v0x5627941b1a90_0 .net *"_s2", 0 0, L_0x5627941cd060;  1 drivers
S_0x5627941b1b70 .scope generate, "loop1[50]" "loop1[50]" 3 10, 3 10 0, S_0x562794101270;
 .timescale 0 0;
P_0x5627941b1d60 .param/l "i" 0 3 10, +C4<0110010>;
L_0x5627941cd480/d .functor XNOR 1, L_0x5627941cd5c0, L_0x5627941cd6b0, C4<0>, C4<0>;
L_0x5627941cd480 .delay 1 (2,2,2) L_0x5627941cd480/d;
v0x5627941b1e20_0 .net *"_s1", 0 0, L_0x5627941cd5c0;  1 drivers
v0x5627941b1f20_0 .net *"_s2", 0 0, L_0x5627941cd6b0;  1 drivers
S_0x5627941b2000 .scope generate, "loop1[51]" "loop1[51]" 3 10, 3 10 0, S_0x562794101270;
 .timescale 0 0;
P_0x5627941b21f0 .param/l "i" 0 3 10, +C4<0110011>;
L_0x5627941cdae0/d .functor XNOR 1, L_0x5627941cdc20, L_0x5627941cdd10, C4<0>, C4<0>;
L_0x5627941cdae0 .delay 1 (2,2,2) L_0x5627941cdae0/d;
v0x5627941b22b0_0 .net *"_s1", 0 0, L_0x5627941cdc20;  1 drivers
v0x5627941b23b0_0 .net *"_s2", 0 0, L_0x5627941cdd10;  1 drivers
S_0x5627941b2490 .scope generate, "loop1[52]" "loop1[52]" 3 10, 3 10 0, S_0x562794101270;
 .timescale 0 0;
P_0x5627941b2680 .param/l "i" 0 3 10, +C4<0110100>;
L_0x5627941ce150/d .functor XNOR 1, L_0x5627941ce290, L_0x5627941ce380, C4<0>, C4<0>;
L_0x5627941ce150 .delay 1 (2,2,2) L_0x5627941ce150/d;
v0x5627941b2740_0 .net *"_s1", 0 0, L_0x5627941ce290;  1 drivers
v0x5627941b2840_0 .net *"_s2", 0 0, L_0x5627941ce380;  1 drivers
S_0x5627941b2920 .scope generate, "loop1[53]" "loop1[53]" 3 10, 3 10 0, S_0x562794101270;
 .timescale 0 0;
P_0x5627941b2b10 .param/l "i" 0 3 10, +C4<0110101>;
L_0x5627941ce7d0/d .functor XNOR 1, L_0x5627941ce910, L_0x5627941cea00, C4<0>, C4<0>;
L_0x5627941ce7d0 .delay 1 (2,2,2) L_0x5627941ce7d0/d;
v0x5627941b2bd0_0 .net *"_s1", 0 0, L_0x5627941ce910;  1 drivers
v0x5627941b2cd0_0 .net *"_s2", 0 0, L_0x5627941cea00;  1 drivers
S_0x5627941b2db0 .scope generate, "loop1[54]" "loop1[54]" 3 10, 3 10 0, S_0x562794101270;
 .timescale 0 0;
P_0x5627941b2fa0 .param/l "i" 0 3 10, +C4<0110110>;
L_0x5627941cee60/d .functor XNOR 1, L_0x5627941cefa0, L_0x5627941cf090, C4<0>, C4<0>;
L_0x5627941cee60 .delay 1 (2,2,2) L_0x5627941cee60/d;
v0x5627941b3060_0 .net *"_s1", 0 0, L_0x5627941cefa0;  1 drivers
v0x5627941b3160_0 .net *"_s2", 0 0, L_0x5627941cf090;  1 drivers
S_0x5627941b3240 .scope generate, "loop1[55]" "loop1[55]" 3 10, 3 10 0, S_0x562794101270;
 .timescale 0 0;
P_0x5627941b3430 .param/l "i" 0 3 10, +C4<0110111>;
L_0x5627941cf500/d .functor XNOR 1, L_0x5627941cf640, L_0x5627941cf730, C4<0>, C4<0>;
L_0x5627941cf500 .delay 1 (2,2,2) L_0x5627941cf500/d;
v0x5627941b34f0_0 .net *"_s1", 0 0, L_0x5627941cf640;  1 drivers
v0x5627941b35f0_0 .net *"_s2", 0 0, L_0x5627941cf730;  1 drivers
S_0x5627941b36d0 .scope generate, "loop1[56]" "loop1[56]" 3 10, 3 10 0, S_0x562794101270;
 .timescale 0 0;
P_0x5627941b38c0 .param/l "i" 0 3 10, +C4<0111000>;
L_0x5627941cfbb0/d .functor XNOR 1, L_0x5627941cfcf0, L_0x5627941cfde0, C4<0>, C4<0>;
L_0x5627941cfbb0 .delay 1 (2,2,2) L_0x5627941cfbb0/d;
v0x5627941b3980_0 .net *"_s1", 0 0, L_0x5627941cfcf0;  1 drivers
v0x5627941b3a80_0 .net *"_s2", 0 0, L_0x5627941cfde0;  1 drivers
S_0x5627941b3b60 .scope generate, "loop1[57]" "loop1[57]" 3 10, 3 10 0, S_0x562794101270;
 .timescale 0 0;
P_0x5627941b3d50 .param/l "i" 0 3 10, +C4<0111001>;
L_0x5627941d0270/d .functor XNOR 1, L_0x5627941d03b0, L_0x5627941d04a0, C4<0>, C4<0>;
L_0x5627941d0270 .delay 1 (2,2,2) L_0x5627941d0270/d;
v0x5627941b3e10_0 .net *"_s1", 0 0, L_0x5627941d03b0;  1 drivers
v0x5627941b3f10_0 .net *"_s2", 0 0, L_0x5627941d04a0;  1 drivers
S_0x5627941b3ff0 .scope generate, "loop1[58]" "loop1[58]" 3 10, 3 10 0, S_0x562794101270;
 .timescale 0 0;
P_0x5627941b41e0 .param/l "i" 0 3 10, +C4<0111010>;
L_0x5627941d0940/d .functor XNOR 1, L_0x5627941d0a80, L_0x5627941d0b70, C4<0>, C4<0>;
L_0x5627941d0940 .delay 1 (2,2,2) L_0x5627941d0940/d;
v0x5627941b42a0_0 .net *"_s1", 0 0, L_0x5627941d0a80;  1 drivers
v0x5627941b43a0_0 .net *"_s2", 0 0, L_0x5627941d0b70;  1 drivers
S_0x5627941b4480 .scope generate, "loop1[59]" "loop1[59]" 3 10, 3 10 0, S_0x562794101270;
 .timescale 0 0;
P_0x5627941b4670 .param/l "i" 0 3 10, +C4<0111011>;
L_0x5627941d1020/d .functor XNOR 1, L_0x5627941d1160, L_0x5627941d1250, C4<0>, C4<0>;
L_0x5627941d1020 .delay 1 (2,2,2) L_0x5627941d1020/d;
v0x5627941b4730_0 .net *"_s1", 0 0, L_0x5627941d1160;  1 drivers
v0x5627941b4830_0 .net *"_s2", 0 0, L_0x5627941d1250;  1 drivers
S_0x5627941b4910 .scope generate, "loop1[60]" "loop1[60]" 3 10, 3 10 0, S_0x562794101270;
 .timescale 0 0;
P_0x5627941b4b00 .param/l "i" 0 3 10, +C4<0111100>;
L_0x5627941d1710/d .functor XNOR 1, L_0x5627941d1850, L_0x5627941d1940, C4<0>, C4<0>;
L_0x5627941d1710 .delay 1 (2,2,2) L_0x5627941d1710/d;
v0x5627941b4bc0_0 .net *"_s1", 0 0, L_0x5627941d1850;  1 drivers
v0x5627941b4cc0_0 .net *"_s2", 0 0, L_0x5627941d1940;  1 drivers
S_0x5627941b4da0 .scope generate, "loop1[61]" "loop1[61]" 3 10, 3 10 0, S_0x562794101270;
 .timescale 0 0;
P_0x5627941b4f90 .param/l "i" 0 3 10, +C4<0111101>;
L_0x5627941d1e10/d .functor XNOR 1, L_0x5627941d1f50, L_0x5627941d2040, C4<0>, C4<0>;
L_0x5627941d1e10 .delay 1 (2,2,2) L_0x5627941d1e10/d;
v0x5627941b5050_0 .net *"_s1", 0 0, L_0x5627941d1f50;  1 drivers
v0x5627941b5150_0 .net *"_s2", 0 0, L_0x5627941d2040;  1 drivers
S_0x5627941b5230 .scope generate, "loop1[62]" "loop1[62]" 3 10, 3 10 0, S_0x562794101270;
 .timescale 0 0;
P_0x5627941b5420 .param/l "i" 0 3 10, +C4<0111110>;
L_0x5627941d2520/d .functor XNOR 1, L_0x5627941d2660, L_0x5627941d2f60, C4<0>, C4<0>;
L_0x5627941d2520 .delay 1 (2,2,2) L_0x5627941d2520/d;
v0x5627941b54e0_0 .net *"_s1", 0 0, L_0x5627941d2660;  1 drivers
v0x5627941b55e0_0 .net *"_s2", 0 0, L_0x5627941d2f60;  1 drivers
S_0x5627941b56c0 .scope generate, "loop1[63]" "loop1[63]" 3 10, 3 10 0, S_0x562794101270;
 .timescale 0 0;
P_0x5627941b58b0 .param/l "i" 0 3 10, +C4<0111111>;
L_0x5627941d50b0/d .functor XNOR 1, L_0x5627941d5210, L_0x5627941d5710, C4<0>, C4<0>;
L_0x5627941d50b0 .delay 1 (2,2,2) L_0x5627941d50b0/d;
v0x5627941b5970_0 .net *"_s1", 0 0, L_0x5627941d5210;  1 drivers
v0x5627941b5a70_0 .net *"_s2", 0 0, L_0x5627941d5710;  1 drivers
    .scope S_0x5627941010f0;
T_0 ;
    %pushi/vec4 1, 0, 64;
    %assign/vec4 v0x5627941bddb0_0, 0;
    %pushi/vec4 1, 0, 64;
    %assign/vec4 v0x5627941bde70_0, 0;
    %delay 100, 0;
    %vpi_call 2 14 "$display", "Equal: \012O: %b", v0x5627941bdf40_0 {0 0 0};
    %pushi/vec4 0, 0, 64;
    %assign/vec4 v0x5627941bddb0_0, 0;
    %pushi/vec4 1, 0, 64;
    %assign/vec4 v0x5627941bde70_0, 0;
    %delay 100, 0;
    %vpi_call 2 19 "$display", "Not Equal: \012O: %b", v0x5627941bdf40_0 {0 0 0};
    %pushi/vec4 1, 0, 64;
    %assign/vec4 v0x5627941bddb0_0, 0;
    %pushi/vec4 0, 0, 64;
    %assign/vec4 v0x5627941bde70_0, 0;
    %delay 100, 0;
    %vpi_call 2 24 "$display", "Still Not Equal: \012O: %b", v0x5627941bdf40_0 {0 0 0};
    %end;
    .thread T_0;
# The file index is used to find the file name in the following table.
:file_names 4;
    "N/A";
    "<interactive>";
    "compare-test.v";
    "compare.v";
